Task: x2xyy2 mod 113
Model: mlp  |  Train: 3830  Test: 8939
Optimizer: AdamW lr=0.001 wd=1.0 betas=(0.9,0.98)
Ep      0 | loss 4.7280/4.7281 | acc 0.011/0.009 | pre
Ep    100 | loss 3.3978/5.3026 | acc 0.206/0.005 | pre
Ep    200 | loss 1.2084/7.4135 | acc 0.822/0.006 | pre
Ep    300 | loss 0.1572/10.3669 | acc 1.000/0.006 | pre
Ep    400 | loss 0.0402/11.9151 | acc 1.000/0.006 | pre
Ep    500 | loss 0.0141/13.0361 | acc 1.000/0.007 | pre
Ep    600 | loss 0.0053/14.1136 | acc 1.000/0.007 | pre
Ep    700 | loss 0.0020/15.1911 | acc 1.000/0.007 | pre
Ep    800 | loss 0.0008/16.2608 | acc 1.000/0.007 | pre
Ep    900 | loss 0.0003/17.3263 | acc 1.000/0.008 | pre
Ep   1000 | loss 0.0001/18.3839 | acc 1.000/0.008 | pre
Ep   1100 | loss 0.0001/19.3969 | acc 1.000/0.008 | pre
Ep   1200 | loss 0.0000/20.3276 | acc 1.000/0.007 | pre
Ep   1300 | loss 0.0000/21.0997 | acc 1.000/0.008 | pre
Ep   1400 | loss 0.0000/21.6282 | acc 1.000/0.008 | pre
Ep   1500 | loss 0.0000/21.8717 | acc 1.000/0.008 | pre
Ep   1600 | loss 0.0000/21.8886 | acc 1.000/0.008 | pre
Ep   1700 | loss 0.0000/21.7875 | acc 1.000/0.008 | pre
Ep   1800 | loss 0.0000/21.6503 | acc 1.000/0.008 | pre
Ep   1900 | loss 0.0000/21.5140 | acc 1.000/0.008 | pre
Ep   2000 | loss 0.0000/21.3858 | acc 1.000/0.008 | pre
Ep   2100 | loss 0.0000/21.2682 | acc 1.000/0.008 | pre
Ep   2200 | loss 0.0000/21.1615 | acc 1.000/0.008 | pre
Ep   2300 | loss 0.0000/21.0589 | acc 1.000/0.008 | pre
Ep   2400 | loss 0.0000/20.9669 | acc 1.000/0.008 | pre
Ep   2500 | loss 0.0000/20.8802 | acc 1.000/0.008 | pre
Ep   2600 | loss 0.0000/20.8006 | acc 1.000/0.008 | pre
Ep   2700 | loss 0.0000/20.7250 | acc 1.000/0.008 | pre
Ep   2800 | loss 0.0000/20.6534 | acc 1.000/0.008 | pre
Ep   2900 | loss 0.0000/20.5903 | acc 1.000/0.008 | pre
Ep   3000 | loss 0.0000/20.5309 | acc 1.000/0.008 | pre
Ep   3100 | loss 0.0000/20.4740 | acc 1.000/0.008 | pre
Ep   3200 | loss 0.0000/20.4208 | acc 1.000/0.008 | pre
Ep   3300 | loss 0.0000/20.3701 | acc 1.000/0.008 | pre
Ep   3400 | loss 0.0000/20.3209 | acc 1.000/0.008 | pre
Ep   3500 | loss 0.0000/20.2724 | acc 1.000/0.008 | pre
Ep   3600 | loss 0.0000/20.2275 | acc 1.000/0.009 | pre
Ep   3700 | loss 0.0000/20.1838 | acc 1.000/0.008 | pre
Ep   3800 | loss 0.0000/20.1430 | acc 1.000/0.008 | pre
Ep   3900 | loss 0.0000/20.1024 | acc 1.000/0.008 | pre
Ep   4000 | loss 0.0000/20.0662 | acc 1.000/0.008 | pre
Ep   4100 | loss 0.0000/20.0310 | acc 1.000/0.008 | pre
Ep   4200 | loss 0.0000/19.9984 | acc 1.000/0.008 | pre
Ep   4300 | loss 0.0000/19.9646 | acc 1.000/0.008 | pre
Ep   4400 | loss 0.0000/19.9322 | acc 1.000/0.008 | pre
Ep   4500 | loss 0.0000/19.9003 | acc 1.000/0.008 | pre
Ep   4600 | loss 0.0000/19.8674 | acc 1.000/0.008 | pre
Ep   4700 | loss 0.0000/19.8358 | acc 1.000/0.008 | pre
Ep   4800 | loss 0.0000/19.8067 | acc 1.000/0.008 | pre
Ep   4900 | loss 0.0000/19.7797 | acc 1.000/0.008 | pre
Ep   5000 | loss 0.0000/19.7519 | acc 1.000/0.008 | pre
Ep   5100 | loss 0.0000/19.7253 | acc 1.000/0.008 | pre
Ep   5200 | loss 0.0000/19.6988 | acc 1.000/0.008 | pre
Ep   5300 | loss 0.0000/19.6767 | acc 1.000/0.008 | pre
Ep   5400 | loss 0.0000/19.6555 | acc 1.000/0.008 | pre
Ep   5500 | loss 0.0000/19.6359 | acc 1.000/0.008 | pre
Ep   5600 | loss 0.0000/19.6148 | acc 1.000/0.008 | pre
Ep   5700 | loss 0.0000/19.5936 | acc 1.000/0.008 | pre
Ep   5800 | loss 0.0000/19.5712 | acc 1.000/0.008 | pre
Ep   5900 | loss 0.0000/19.5523 | acc 1.000/0.008 | pre
Ep   6000 | loss 0.0000/19.5337 | acc 1.000/0.008 | pre
Ep   6100 | loss 0.0000/19.5150 | acc 1.000/0.008 | pre
Ep   6200 | loss 0.0000/19.4983 | acc 1.000/0.008 | pre
Ep   6300 | loss 0.0000/19.4793 | acc 1.000/0.008 | pre
Ep   6400 | loss 0.0000/19.4609 | acc 1.000/0.008 | pre
Ep   6500 | loss 0.0000/19.4419 | acc 1.000/0.008 | pre
Ep   6600 | loss 0.0000/19.4220 | acc 1.000/0.008 | pre
Ep   6700 | loss 0.0000/19.4046 | acc 1.000/0.008 | pre
Ep   6800 | loss 0.0000/19.3894 | acc 1.000/0.008 | pre
Ep   6900 | loss 0.0000/19.3720 | acc 1.000/0.008 | pre
Ep   7000 | loss 0.0000/19.3532 | acc 1.000/0.008 | pre
Ep   7100 | loss 0.0000/19.3365 | acc 1.000/0.008 | pre
Ep   7200 | loss 0.0000/19.3206 | acc 1.000/0.008 | pre
Ep   7300 | loss 0.0000/19.3059 | acc 1.000/0.008 | pre
Ep   7400 | loss 0.0000/19.2923 | acc 1.000/0.008 | pre
Ep   7500 | loss 0.0000/19.2797 | acc 1.000/0.008 | pre
Ep   7600 | loss 0.0000/19.2664 | acc 1.000/0.007 | pre
Ep   7700 | loss 0.0000/19.2531 | acc 1.000/0.007 | pre
Ep   7800 | loss 0.0000/19.2403 | acc 1.000/0.007 | pre
Ep   7900 | loss 0.0000/19.2269 | acc 1.000/0.008 | pre
Ep   8000 | loss 0.0000/19.2116 | acc 1.000/0.008 | pre
Ep   8100 | loss 0.0000/19.1994 | acc 1.000/0.008 | pre
Ep   8200 | loss 0.0000/19.1867 | acc 1.000/0.008 | pre
Ep   8300 | loss 0.0000/19.1748 | acc 1.000/0.008 | pre
Ep   8400 | loss 0.0000/19.1650 | acc 1.000/0.008 | pre
Ep   8500 | loss 0.0000/19.1538 | acc 1.000/0.008 | pre
Ep   8600 | loss 0.0000/19.1420 | acc 1.000/0.008 | pre
Ep   8700 | loss 0.0000/19.1308 | acc 1.000/0.009 | pre
Ep   8800 | loss 0.0000/19.1191 | acc 1.000/0.009 | pre
Ep   8900 | loss 0.0000/19.1077 | acc 1.000/0.009 | pre
Ep   9000 | loss 0.0000/19.0963 | acc 1.000/0.008 | pre
Ep   9100 | loss 0.0000/19.0847 | acc 1.000/0.008 | pre
Ep   9200 | loss 0.0000/19.0721 | acc 1.000/0.008 | pre
Ep   9300 | loss 0.0000/19.0572 | acc 1.000/0.009 | pre
Ep   9400 | loss 0.0000/19.0441 | acc 1.000/0.009 | pre
Ep   9500 | loss 0.0000/19.0306 | acc 1.000/0.009 | pre
Ep   9600 | loss 0.0000/19.0175 | acc 1.000/0.009 | pre
Ep   9700 | loss 0.0000/19.0049 | acc 1.000/0.008 | pre
Ep   9800 | loss 0.0000/18.9926 | acc 1.000/0.008 | pre
Ep   9900 | loss 0.0000/18.9823 | acc 1.000/0.008 | pre
Ep  10000 | loss 0.0000/18.9712 | acc 1.000/0.008 | pre
Ep  10100 | loss 0.0000/18.9611 | acc 1.000/0.008 | pre
Ep  10200 | loss 0.0000/18.9525 | acc 1.000/0.008 | pre
Ep  10300 | loss 0.0000/18.9449 | acc 1.000/0.008 | pre
Ep  10400 | loss 0.0000/18.9372 | acc 1.000/0.008 | pre
Ep  10500 | loss 0.0000/18.9289 | acc 1.000/0.008 | pre
Ep  10600 | loss 0.0000/18.9206 | acc 1.000/0.008 | pre
Ep  10700 | loss 0.0000/18.9129 | acc 1.000/0.008 | pre
Ep  10800 | loss 0.0000/18.9040 | acc 1.000/0.008 | pre
Ep  10900 | loss 0.0000/18.8964 | acc 1.000/0.008 | pre
Ep  11000 | loss 0.0000/18.8892 | acc 1.000/0.008 | pre
Ep  11100 | loss 0.0000/18.8830 | acc 1.000/0.008 | pre
Ep  11200 | loss 0.0000/18.8764 | acc 1.000/0.008 | pre
Ep  11300 | loss 0.0000/18.8694 | acc 1.000/0.008 | pre
Ep  11400 | loss 0.0000/18.8608 | acc 1.000/0.008 | pre
Ep  11500 | loss 0.0000/18.8522 | acc 1.000/0.008 | pre
Ep  11600 | loss 0.0000/18.8435 | acc 1.000/0.008 | pre
Ep  11700 | loss 0.0000/18.8343 | acc 1.000/0.008 | pre
Ep  11800 | loss 0.0000/18.8255 | acc 1.000/0.008 | pre
Ep  11900 | loss 0.0000/18.8176 | acc 1.000/0.009 | pre
Ep  12000 | loss 0.0000/18.8092 | acc 1.000/0.009 | pre
Ep  12100 | loss 0.0000/18.8002 | acc 1.000/0.008 | pre
Ep  12200 | loss 0.0000/18.7912 | acc 1.000/0.008 | pre
Ep  12300 | loss 0.0000/18.7833 | acc 1.000/0.008 | pre
Ep  12400 | loss 0.0000/18.7752 | acc 1.000/0.008 | pre
Ep  12500 | loss 0.0000/18.7677 | acc 1.000/0.008 | pre
Ep  12600 | loss 0.0000/18.7602 | acc 1.000/0.008 | pre
Ep  12700 | loss 0.0000/18.7528 | acc 1.000/0.008 | pre
Ep  12800 | loss 0.0000/18.7456 | acc 1.000/0.008 | pre
Ep  12900 | loss 0.0000/18.7368 | acc 1.000/0.008 | pre
Ep  13000 | loss 0.0000/18.7289 | acc 1.000/0.008 | pre
Ep  13100 | loss 0.0000/18.7219 | acc 1.000/0.008 | pre
Ep  13200 | loss 0.0000/18.7142 | acc 1.000/0.008 | pre
Ep  13300 | loss 0.0000/18.7064 | acc 1.000/0.008 | pre
Ep  13400 | loss 0.0000/18.7001 | acc 1.000/0.008 | pre
Ep  13500 | loss 0.0000/18.6941 | acc 1.000/0.008 | pre
Ep  13600 | loss 0.0000/18.6865 | acc 1.000/0.008 | pre
Ep  13700 | loss 0.0000/18.6795 | acc 1.000/0.008 | pre
Ep  13800 | loss 0.0000/18.6726 | acc 1.000/0.008 | pre
Ep  13900 | loss 0.0000/18.6660 | acc 1.000/0.008 | pre
Ep  14000 | loss 0.0000/18.6600 | acc 1.000/0.008 | pre
Ep  14100 | loss 0.0000/18.6533 | acc 1.000/0.008 | pre
Ep  14200 | loss 0.0000/18.6471 | acc 1.000/0.008 | pre
Ep  14300 | loss 0.0000/18.6418 | acc 1.000/0.008 | pre
Ep  14400 | loss 0.0000/18.6366 | acc 1.000/0.008 | pre
Ep  14500 | loss 0.0000/18.6318 | acc 1.000/0.008 | pre
Ep  14600 | loss 0.0000/18.6249 | acc 1.000/0.008 | pre
Ep  14700 | loss 0.0000/18.6196 | acc 1.000/0.008 | pre
Ep  14800 | loss 0.0000/18.6144 | acc 1.000/0.008 | pre
Ep  14900 | loss 0.0000/18.6097 | acc 1.000/0.008 | pre
Ep  15000 | loss 0.0000/18.6038 | acc 1.000/0.008 | pre
Ep  15100 | loss 0.0000/18.5986 | acc 1.000/0.008 | pre
Ep  15200 | loss 0.0000/18.5947 | acc 1.000/0.008 | pre
Ep  15300 | loss 0.0000/18.5900 | acc 1.000/0.008 | pre
Ep  15400 | loss 0.0000/18.5845 | acc 1.000/0.008 | pre
Ep  15500 | loss 0.0000/18.5780 | acc 1.000/0.008 | pre
Ep  15600 | loss 0.0000/18.5726 | acc 1.000/0.008 | pre
Ep  15700 | loss 0.0000/18.5671 | acc 1.000/0.008 | pre
Ep  15800 | loss 0.0000/18.5619 | acc 1.000/0.008 | pre
Ep  15900 | loss 0.0000/18.5568 | acc 1.000/0.008 | pre
Ep  16000 | loss 0.0000/18.5530 | acc 1.000/0.008 | pre
Ep  16100 | loss 0.0000/18.5491 | acc 1.000/0.008 | pre
Ep  16200 | loss 0.0000/18.5455 | acc 1.000/0.008 | pre
Ep  16300 | loss 0.0000/18.5408 | acc 1.000/0.008 | pre
Ep  16400 | loss 0.0000/18.5362 | acc 1.000/0.008 | pre
Ep  16500 | loss 0.0000/18.5324 | acc 1.000/0.008 | pre
Ep  16600 | loss 0.0000/18.5281 | acc 1.000/0.008 | pre
Ep  16700 | loss 0.0000/18.5232 | acc 1.000/0.008 | pre
Ep  16800 | loss 0.0000/18.5184 | acc 1.000/0.008 | pre
Ep  16900 | loss 0.0000/18.5123 | acc 1.000/0.008 | pre
Ep  17000 | loss 0.0000/18.5070 | acc 1.000/0.008 | pre
Ep  17100 | loss 0.0000/18.5019 | acc 1.000/0.008 | pre
Ep  17200 | loss 0.0000/18.4973 | acc 1.000/0.007 | pre
Ep  17300 | loss 0.0000/18.4933 | acc 1.000/0.007 | pre
Ep  17400 | loss 0.0000/18.4893 | acc 1.000/0.007 | pre
Ep  17500 | loss 0.0000/18.4840 | acc 1.000/0.007 | pre
Ep  17600 | loss 0.0000/18.4787 | acc 1.000/0.007 | pre
Ep  17700 | loss 0.0000/18.4734 | acc 1.000/0.007 | pre
Ep  17800 | loss 0.0000/18.4683 | acc 1.000/0.008 | pre
Ep  17900 | loss 0.0000/18.4640 | acc 1.000/0.008 | pre
Ep  18000 | loss 0.0000/18.4602 | acc 1.000/0.008 | pre
Ep  18100 | loss 0.0000/18.4562 | acc 1.000/0.007 | pre
Ep  18200 | loss 0.0000/18.4522 | acc 1.000/0.008 | pre
Ep  18300 | loss 0.0000/18.4475 | acc 1.000/0.008 | pre
Ep  18400 | loss 0.0000/18.4434 | acc 1.000/0.008 | pre
Ep  18500 | loss 0.0000/18.4395 | acc 1.000/0.008 | pre
Ep  18600 | loss 0.0000/18.4344 | acc 1.000/0.008 | pre
Ep  18700 | loss 0.0000/18.4296 | acc 1.000/0.008 | pre
Ep  18800 | loss 0.0000/18.4250 | acc 1.000/0.008 | pre
Ep  18900 | loss 0.0000/18.4208 | acc 1.000/0.008 | pre
Ep  19000 | loss 0.0000/18.4165 | acc 1.000/0.008 | pre
Ep  19100 | loss 0.0000/18.4119 | acc 1.000/0.008 | pre
Ep  19200 | loss 0.0000/18.4078 | acc 1.000/0.008 | pre
Ep  19300 | loss 0.0000/18.4045 | acc 1.000/0.008 | pre
Ep  19400 | loss 0.0000/18.4018 | acc 1.000/0.008 | pre
Ep  19500 | loss 0.0000/18.3977 | acc 1.000/0.008 | pre
Ep  19600 | loss 0.0000/18.3938 | acc 1.000/0.008 | pre
Ep  19700 | loss 0.0000/18.3900 | acc 1.000/0.008 | pre
Ep  19800 | loss 0.0000/18.3863 | acc 1.000/0.008 | pre
Ep  19900 | loss 0.0000/18.3834 | acc 1.000/0.008 | pre
Ep  20000 | loss 0.0000/18.3808 | acc 1.000/0.008 | pre
Ep  20100 | loss 0.0000/18.3773 | acc 1.000/0.008 | pre
Ep  20200 | loss 0.0000/18.3736 | acc 1.000/0.008 | pre
Ep  20300 | loss 0.0000/18.3700 | acc 1.000/0.008 | pre
Ep  20400 | loss 0.0000/18.3674 | acc 1.000/0.008 | pre
Ep  20500 | loss 0.0000/18.3651 | acc 1.000/0.008 | pre
Ep  20600 | loss 0.0000/18.3623 | acc 1.000/0.008 | pre
Ep  20700 | loss 0.0000/18.3586 | acc 1.000/0.008 | pre
Ep  20800 | loss 0.0000/18.3554 | acc 1.000/0.008 | pre
Ep  20900 | loss 0.0000/18.3522 | acc 1.000/0.008 | pre
Ep  21000 | loss 0.0000/18.3501 | acc 1.000/0.008 | pre
Ep  21100 | loss 0.0000/18.3486 | acc 1.000/0.008 | pre
Ep  21200 | loss 0.0000/18.3452 | acc 1.000/0.008 | pre
Ep  21300 | loss 0.0000/18.3418 | acc 1.000/0.008 | pre
Ep  21400 | loss 0.0000/18.3378 | acc 1.000/0.008 | pre
Ep  21500 | loss 0.0000/18.3344 | acc 1.000/0.008 | pre
Ep  21600 | loss 0.0000/18.3310 | acc 1.000/0.008 | pre
Ep  21700 | loss 0.0000/18.3279 | acc 1.000/0.008 | pre
Ep  21800 | loss 0.0000/18.3248 | acc 1.000/0.008 | pre
Ep  21900 | loss 0.0000/18.3214 | acc 1.000/0.008 | pre
Ep  22000 | loss 0.0000/18.3176 | acc 1.000/0.008 | pre
Ep  22100 | loss 0.0000/18.3143 | acc 1.000/0.008 | pre
Ep  22200 | loss 0.0000/18.3109 | acc 1.000/0.008 | pre
Ep  22300 | loss 0.0000/18.3076 | acc 1.000/0.008 | pre
Ep  22400 | loss 0.0000/18.3042 | acc 1.000/0.008 | pre
Ep  22500 | loss 0.0000/18.3023 | acc 1.000/0.008 | pre
Ep  22600 | loss 0.0000/18.3011 | acc 1.000/0.008 | pre
Ep  22700 | loss 0.0000/18.2998 | acc 1.000/0.008 | pre
Ep  22800 | loss 0.0000/18.2976 | acc 1.000/0.008 | pre
Ep  22900 | loss 0.0000/18.2954 | acc 1.000/0.008 | pre
Ep  23000 | loss 0.0000/18.2929 | acc 1.000/0.008 | pre
Ep  23100 | loss 0.0000/18.2904 | acc 1.000/0.008 | pre
Ep  23200 | loss 0.0000/18.2879 | acc 1.000/0.008 | pre
Ep  23300 | loss 0.0000/18.2855 | acc 1.000/0.008 | pre
Ep  23400 | loss 0.0000/18.2833 | acc 1.000/0.008 | pre
Ep  23500 | loss 0.0000/18.2803 | acc 1.000/0.008 | pre
Ep  23600 | loss 0.0000/18.2777 | acc 1.000/0.008 | pre
Ep  23700 | loss 0.0000/18.2756 | acc 1.000/0.008 | pre
Ep  23800 | loss 0.0000/18.2740 | acc 1.000/0.008 | pre
Ep  23900 | loss 0.0000/18.2711 | acc 1.000/0.008 | pre
Ep  24000 | loss 0.0000/18.2676 | acc 1.000/0.008 | pre
Ep  24100 | loss 0.0000/18.2635 | acc 1.000/0.008 | pre
Ep  24200 | loss 0.0000/18.2591 | acc 1.000/0.008 | pre
Ep  24300 | loss 0.0000/18.2560 | acc 1.000/0.008 | pre
Ep  24400 | loss 0.0000/18.2533 | acc 1.000/0.008 | pre
Ep  24500 | loss 0.0000/18.2515 | acc 1.000/0.008 | pre
Ep  24600 | loss 0.0000/18.2495 | acc 1.000/0.008 | pre
Ep  24700 | loss 0.0000/18.2473 | acc 1.000/0.008 | pre
Ep  24800 | loss 0.0000/18.2440 | acc 1.000/0.008 | pre
Ep  24900 | loss 0.0000/18.2409 | acc 1.000/0.008 | pre
Ep  25000 | loss 0.0000/18.2385 | acc 1.000/0.008 | pre
Ep  25100 | loss 0.0000/18.2360 | acc 1.000/0.008 | pre
Ep  25200 | loss 0.0000/18.2337 | acc 1.000/0.008 | pre
Ep  25300 | loss 0.0000/18.2311 | acc 1.000/0.008 | pre
Ep  25400 | loss 0.0000/18.2290 | acc 1.000/0.008 | pre
Ep  25500 | loss 0.0000/18.2270 | acc 1.000/0.008 | pre
Ep  25600 | loss 0.0000/18.2253 | acc 1.000/0.008 | pre
Ep  25700 | loss 0.0000/18.2223 | acc 1.000/0.008 | pre
Ep  25800 | loss 0.0000/18.2204 | acc 1.000/0.008 | pre
Ep  25900 | loss 0.0000/18.2188 | acc 1.000/0.008 | pre
Ep  26000 | loss 0.0000/18.2170 | acc 1.000/0.008 | pre
Ep  26100 | loss 0.0000/18.2144 | acc 1.000/0.008 | pre
Ep  26200 | loss 0.0000/18.2121 | acc 1.000/0.008 | pre
Ep  26300 | loss 0.0000/18.2099 | acc 1.000/0.008 | pre
Ep  26400 | loss 0.0000/18.2074 | acc 1.000/0.008 | pre
Ep  26500 | loss 0.0000/18.2060 | acc 1.000/0.008 | pre
Ep  26600 | loss 0.0000/18.2045 | acc 1.000/0.008 | pre
Ep  26700 | loss 0.0000/18.2029 | acc 1.000/0.008 | pre
Ep  26800 | loss 0.0000/18.2019 | acc 1.000/0.008 | pre
Ep  26900 | loss 0.0000/18.2006 | acc 1.000/0.008 | pre
Ep  27000 | loss 0.0000/18.1992 | acc 1.000/0.008 | pre
Ep  27100 | loss 0.0000/18.1974 | acc 1.000/0.008 | pre
Ep  27200 | loss 0.0000/18.1959 | acc 1.000/0.008 | pre
Ep  27300 | loss 0.0000/18.1941 | acc 1.000/0.008 | pre
Ep  27400 | loss 0.0000/18.1928 | acc 1.000/0.008 | pre
Ep  27500 | loss 0.0000/18.1905 | acc 1.000/0.008 | pre
Ep  27600 | loss 0.0000/18.1881 | acc 1.000/0.008 | pre
Ep  27700 | loss 0.0000/18.1863 | acc 1.000/0.008 | pre
Ep  27800 | loss 0.0000/18.1843 | acc 1.000/0.008 | pre
Ep  27900 | loss 0.0000/18.1826 | acc 1.000/0.008 | pre
Ep  28000 | loss 0.0000/18.1807 | acc 1.000/0.008 | pre
Ep  28100 | loss 0.0000/18.1788 | acc 1.000/0.008 | pre
Ep  28200 | loss 0.0000/18.1764 | acc 1.000/0.008 | pre
Ep  28300 | loss 0.0000/18.1735 | acc 1.000/0.008 | pre
Ep  28400 | loss 0.0000/18.1715 | acc 1.000/0.008 | pre
Ep  28500 | loss 0.0000/18.1685 | acc 1.000/0.008 | pre
Ep  28600 | loss 0.0000/18.1654 | acc 1.000/0.008 | pre
Ep  28700 | loss 0.0000/18.1627 | acc 1.000/0.008 | pre
Ep  28800 | loss 0.0000/18.1603 | acc 1.000/0.008 | pre
Ep  28900 | loss 0.0000/18.1589 | acc 1.000/0.008 | pre
Ep  29000 | loss 0.0000/18.1579 | acc 1.000/0.008 | pre
Ep  29100 | loss 0.0000/18.1572 | acc 1.000/0.008 | pre
Ep  29200 | loss 0.0000/18.1561 | acc 1.000/0.008 | pre
Ep  29300 | loss 0.0000/18.1546 | acc 1.000/0.008 | pre
Ep  29400 | loss 0.0000/18.1526 | acc 1.000/0.008 | pre
Ep  29500 | loss 0.0000/18.1512 | acc 1.000/0.008 | pre
Ep  29600 | loss 0.0000/18.1500 | acc 1.000/0.008 | pre
Ep  29700 | loss 0.0000/18.1487 | acc 1.000/0.008 | pre
Ep  29800 | loss 0.0000/18.1469 | acc 1.000/0.008 | pre
Ep  29900 | loss 0.0000/18.1455 | acc 1.000/0.008 | pre
Ep  30000 | loss 0.0000/18.1441 | acc 1.000/0.008 | pre
Ep  30100 | loss 0.0000/18.1427 | acc 1.000/0.008 | pre
Ep  30200 | loss 0.0000/18.1407 | acc 1.000/0.008 | pre
Ep  30300 | loss 0.0000/18.1371 | acc 1.000/0.008 | pre
Ep  30400 | loss 0.0000/18.1345 | acc 1.000/0.009 | pre
Ep  30500 | loss 0.0000/18.1322 | acc 1.000/0.009 | pre
Ep  30600 | loss 0.0000/18.1303 | acc 1.000/0.009 | pre
Ep  30700 | loss 0.0000/18.1288 | acc 1.000/0.008 | pre
Ep  30800 | loss 0.0000/18.1259 | acc 1.000/0.008 | pre
Ep  30900 | loss 0.0000/18.1228 | acc 1.000/0.008 | pre
Ep  31000 | loss 0.0000/18.1203 | acc 1.000/0.008 | pre
Ep  31100 | loss 0.0000/18.1182 | acc 1.000/0.008 | pre
Ep  31200 | loss 0.0000/18.1163 | acc 1.000/0.008 | pre
Ep  31300 | loss 0.0000/18.1159 | acc 1.000/0.009 | pre
Ep  31400 | loss 0.0000/18.1152 | acc 1.000/0.009 | pre
Ep  31500 | loss 0.0000/18.1143 | acc 1.000/0.009 | pre
Ep  31600 | loss 0.0000/18.1129 | acc 1.000/0.009 | pre
Ep  31700 | loss 0.0000/18.1114 | acc 1.000/0.009 | pre
Ep  31800 | loss 0.0000/18.1101 | acc 1.000/0.008 | pre
Ep  31900 | loss 0.0000/18.1094 | acc 1.000/0.008 | pre
Ep  32000 | loss 0.0000/18.1075 | acc 1.000/0.008 | pre
Ep  32100 | loss 0.0000/18.1054 | acc 1.000/0.008 | pre
Ep  32200 | loss 0.0000/18.1025 | acc 1.000/0.008 | pre
Ep  32300 | loss 0.0000/18.1010 | acc 1.000/0.008 | pre
Ep  32400 | loss 0.0000/18.0992 | acc 1.000/0.008 | pre
Ep  32500 | loss 0.0000/18.0978 | acc 1.000/0.008 | pre
Ep  32600 | loss 0.0000/18.0954 | acc 1.000/0.008 | pre
Ep  32700 | loss 0.0000/18.0931 | acc 1.000/0.009 | pre
Ep  32800 | loss 0.0000/18.0916 | acc 1.000/0.009 | pre
Ep  32900 | loss 0.0000/18.0904 | acc 1.000/0.009 | pre
Ep  33000 | loss 0.0000/18.0891 | acc 1.000/0.009 | pre
Ep  33100 | loss 0.0000/18.0882 | acc 1.000/0.008 | pre
Ep  33200 | loss 0.0000/18.0878 | acc 1.000/0.008 | pre
Ep  33300 | loss 0.0000/18.0867 | acc 1.000/0.008 | pre
Ep  33400 | loss 0.0000/18.0864 | acc 1.000/0.008 | pre
Ep  33500 | loss 0.0000/18.0855 | acc 1.000/0.008 | pre
Ep  33600 | loss 0.0000/18.0837 | acc 1.000/0.009 | pre
Ep  33700 | loss 0.0000/18.0823 | acc 1.000/0.009 | pre
Ep  33800 | loss 0.0000/18.0813 | acc 1.000/0.008 | pre
Ep  33900 | loss 0.0000/18.0798 | acc 1.000/0.008 | pre
Ep  34000 | loss 0.0000/18.0787 | acc 1.000/0.008 | pre
Ep  34100 | loss 0.0000/18.0771 | acc 1.000/0.008 | pre
Ep  34200 | loss 0.0000/18.0752 | acc 1.000/0.009 | pre
Ep  34300 | loss 0.0000/18.0734 | acc 1.000/0.008 | pre
Ep  34400 | loss 0.0000/18.0718 | acc 1.000/0.008 | pre
Ep  34500 | loss 0.0000/18.0703 | acc 1.000/0.008 | pre
Ep  34600 | loss 0.0000/18.0684 | acc 1.000/0.008 | pre
Ep  34700 | loss 0.0000/18.0662 | acc 1.000/0.008 | pre
Ep  34800 | loss 0.0000/18.0642 | acc 1.000/0.008 | pre
Ep  34900 | loss 0.0000/18.0630 | acc 1.000/0.008 | pre
Ep  35000 | loss 0.0000/18.0624 | acc 1.000/0.008 | pre
Ep  35100 | loss 0.0000/18.0612 | acc 1.000/0.008 | pre
Ep  35200 | loss 0.0000/18.0594 | acc 1.000/0.008 | pre
Ep  35300 | loss 0.0000/18.0584 | acc 1.000/0.008 | pre
Ep  35400 | loss 0.0000/18.0570 | acc 1.000/0.008 | pre
Ep  35500 | loss 0.0000/18.0552 | acc 1.000/0.008 | pre
Ep  35600 | loss 0.0000/18.0534 | acc 1.000/0.008 | pre
Ep  35700 | loss 0.0000/18.0507 | acc 1.000/0.008 | pre
Ep  35800 | loss 0.0000/18.0488 | acc 1.000/0.008 | pre
Ep  35900 | loss 0.0000/18.0467 | acc 1.000/0.008 | pre
Ep  36000 | loss 0.0000/18.0452 | acc 1.000/0.008 | pre
Ep  36100 | loss 0.0000/18.0422 | acc 1.000/0.008 | pre
Ep  36200 | loss 0.0000/18.0406 | acc 1.000/0.008 | pre
Ep  36300 | loss 0.0000/18.0389 | acc 1.000/0.008 | pre
Ep  36400 | loss 0.0000/18.0377 | acc 1.000/0.008 | pre
Ep  36500 | loss 0.0000/18.0359 | acc 1.000/0.008 | pre
Ep  36600 | loss 0.0000/18.0343 | acc 1.000/0.008 | pre
Ep  36700 | loss 0.0000/18.0326 | acc 1.000/0.008 | pre
Ep  36800 | loss 0.0000/18.0307 | acc 1.000/0.008 | pre
Ep  36900 | loss 0.0000/18.0281 | acc 1.000/0.008 | pre
Ep  37000 | loss 0.0000/18.0254 | acc 1.000/0.008 | pre
Ep  37100 | loss 0.0000/18.0235 | acc 1.000/0.008 | pre
Ep  37200 | loss 0.0000/18.0211 | acc 1.000/0.008 | pre
Ep  37300 | loss 0.0000/18.0197 | acc 1.000/0.008 | pre
Ep  37400 | loss 0.0000/18.0173 | acc 1.000/0.008 | pre
Ep  37500 | loss 0.0000/18.0150 | acc 1.000/0.009 | pre
Ep  37600 | loss 0.0000/18.0132 | acc 1.000/0.009 | pre
Ep  37700 | loss 0.0000/18.0116 | acc 1.000/0.008 | pre
Ep  37800 | loss 0.0000/18.0104 | acc 1.000/0.008 | pre
Ep  37900 | loss 0.0000/18.0092 | acc 1.000/0.008 | pre
Ep  38000 | loss 0.0000/18.0083 | acc 1.000/0.008 | pre
Ep  38100 | loss 0.0000/18.0073 | acc 1.000/0.008 | pre
Ep  38200 | loss 0.0000/18.0060 | acc 1.000/0.008 | pre
Ep  38300 | loss 0.0000/18.0047 | acc 1.000/0.008 | pre
Ep  38400 | loss 0.0000/18.0034 | acc 1.000/0.008 | pre
Ep  38500 | loss 0.0000/18.0009 | acc 1.000/0.008 | pre
Ep  38600 | loss 0.0000/17.9989 | acc 1.000/0.008 | pre
Ep  38700 | loss 0.0000/17.9970 | acc 1.000/0.008 | pre
Ep  38800 | loss 0.0000/17.9957 | acc 1.000/0.008 | pre
Ep  38900 | loss 0.0000/17.9941 | acc 1.000/0.009 | pre
Ep  39000 | loss 0.0000/17.9922 | acc 1.000/0.009 | pre
Ep  39100 | loss 0.0000/17.9902 | acc 1.000/0.009 | pre
Ep  39200 | loss 0.0000/17.9880 | acc 1.000/0.009 | pre
Ep  39300 | loss 0.0000/17.9860 | acc 1.000/0.009 | pre
Ep  39400 | loss 0.0000/17.9839 | acc 1.000/0.009 | pre
Ep  39500 | loss 0.0000/17.9824 | acc 1.000/0.009 | pre
Ep  39600 | loss 0.0000/17.9813 | acc 1.000/0.009 | pre
Ep  39700 | loss 0.0000/17.9793 | acc 1.000/0.009 | pre
Ep  39800 | loss 0.0000/17.9775 | acc 1.000/0.009 | pre
Ep  39900 | loss 0.0000/17.9768 | acc 1.000/0.009 | pre
Ep  40000 | loss 0.0000/17.9760 | acc 1.000/0.009 | pre
Ep  40100 | loss 0.0000/17.9753 | acc 1.000/0.009 | pre
Ep  40200 | loss 0.0000/17.9735 | acc 1.000/0.009 | pre
Ep  40300 | loss 0.0000/17.9722 | acc 1.000/0.009 | pre
Ep  40400 | loss 0.0000/17.9709 | acc 1.000/0.009 | pre
Ep  40500 | loss 0.0000/17.9694 | acc 1.000/0.009 | pre
Ep  40600 | loss 0.0000/17.9678 | acc 1.000/0.009 | pre
Ep  40700 | loss 0.0000/17.9665 | acc 1.000/0.009 | pre
Ep  40800 | loss 0.0000/17.9656 | acc 1.000/0.009 | pre
Ep  40900 | loss 0.0000/17.9655 | acc 1.000/0.009 | pre
Ep  41000 | loss 0.0000/17.9642 | acc 1.000/0.009 | pre
Ep  41100 | loss 0.0000/17.9624 | acc 1.000/0.009 | pre
Ep  41200 | loss 0.0000/17.9604 | acc 1.000/0.009 | pre
Ep  41300 | loss 0.0000/17.9586 | acc 1.000/0.009 | pre
Ep  41400 | loss 0.0000/17.9570 | acc 1.000/0.009 | pre
Ep  41500 | loss 0.0000/17.9554 | acc 1.000/0.009 | pre
Ep  41600 | loss 0.0000/17.9536 | acc 1.000/0.009 | pre
Ep  41700 | loss 0.0000/17.9525 | acc 1.000/0.009 | pre
Ep  41800 | loss 0.0000/17.9515 | acc 1.000/0.009 | pre
Ep  41900 | loss 0.0000/17.9510 | acc 1.000/0.009 | pre
Ep  42000 | loss 0.0000/17.9504 | acc 1.000/0.009 | pre
Ep  42100 | loss 0.0000/17.9493 | acc 1.000/0.009 | pre
Ep  42200 | loss 0.0000/17.9481 | acc 1.000/0.009 | pre
Ep  42300 | loss 0.0000/17.9464 | acc 1.000/0.009 | pre
Ep  42400 | loss 0.0000/17.9455 | acc 1.000/0.009 | pre
Ep  42500 | loss 0.0000/17.9447 | acc 1.000/0.009 | pre
Ep  42600 | loss 0.0000/17.9435 | acc 1.000/0.009 | pre
Ep  42700 | loss 0.0000/17.9425 | acc 1.000/0.009 | pre
Ep  42800 | loss 0.0000/17.9410 | acc 1.000/0.009 | pre
Ep  42900 | loss 0.0000/17.9400 | acc 1.000/0.009 | pre
Ep  43000 | loss 0.0000/17.9395 | acc 1.000/0.009 | pre
Ep  43100 | loss 0.0000/17.9390 | acc 1.000/0.009 | pre
Ep  43200 | loss 0.0000/17.9382 | acc 1.000/0.009 | pre
Ep  43300 | loss 0.0000/17.9371 | acc 1.000/0.009 | pre
Ep  43400 | loss 0.0000/17.9361 | acc 1.000/0.009 | pre
Ep  43500 | loss 0.0000/17.9356 | acc 1.000/0.009 | pre
Ep  43600 | loss 0.0000/17.9349 | acc 1.000/0.009 | pre
Ep  43700 | loss 0.0000/17.9345 | acc 1.000/0.009 | pre
Ep  43800 | loss 0.0000/17.9337 | acc 1.000/0.009 | pre
Ep  43900 | loss 0.0000/17.9330 | acc 1.000/0.009 | pre
Ep  44000 | loss 0.0000/17.9329 | acc 1.000/0.009 | pre
Ep  44100 | loss 0.0000/17.9321 | acc 1.000/0.009 | pre
Ep  44200 | loss 0.0000/17.9310 | acc 1.000/0.009 | pre
Ep  44300 | loss 0.0000/17.9293 | acc 1.000/0.009 | pre
Ep  44400 | loss 0.0000/17.9274 | acc 1.000/0.009 | pre
Ep  44500 | loss 0.0000/17.9264 | acc 1.000/0.009 | pre
Ep  44600 | loss 0.0000/17.9249 | acc 1.000/0.009 | pre
Ep  44700 | loss 0.0000/17.9237 | acc 1.000/0.009 | pre
Ep  44800 | loss 0.0000/17.9232 | acc 1.000/0.009 | pre
Ep  44900 | loss 0.0000/17.9225 | acc 1.000/0.009 | pre
Ep  45000 | loss 0.0000/17.9225 | acc 1.000/0.009 | pre
Ep  45100 | loss 0.0000/17.9224 | acc 1.000/0.009 | pre
Ep  45200 | loss 0.0000/17.9216 | acc 1.000/0.009 | pre
Ep  45300 | loss 0.0000/17.9205 | acc 1.000/0.009 | pre
Ep  45400 | loss 0.0000/17.9188 | acc 1.000/0.009 | pre
Ep  45500 | loss 0.0000/17.9174 | acc 1.000/0.009 | pre
Ep  45600 | loss 0.0000/17.9163 | acc 1.000/0.009 | pre
Ep  45700 | loss 0.0000/17.9145 | acc 1.000/0.009 | pre
Ep  45800 | loss 0.0000/17.9130 | acc 1.000/0.009 | pre
Ep  45900 | loss 0.0000/17.9117 | acc 1.000/0.009 | pre
Ep  46000 | loss 0.0000/17.9104 | acc 1.000/0.009 | pre
Ep  46100 | loss 0.0000/17.9092 | acc 1.000/0.009 | pre
Ep  46200 | loss 0.0000/17.9077 | acc 1.000/0.009 | pre
Ep  46300 | loss 0.0000/17.9071 | acc 1.000/0.009 | pre
Ep  46400 | loss 0.0000/17.9066 | acc 1.000/0.009 | pre
Ep  46500 | loss 0.0000/17.9055 | acc 1.000/0.009 | pre
Ep  46600 | loss 0.0000/17.9042 | acc 1.000/0.009 | pre
Ep  46700 | loss 0.0000/17.9025 | acc 1.000/0.009 | pre
Ep  46800 | loss 0.0000/17.9016 | acc 1.000/0.009 | pre
Ep  46900 | loss 0.0000/17.9003 | acc 1.000/0.009 | pre
Ep  47000 | loss 0.0000/17.8994 | acc 1.000/0.009 | pre
Ep  47100 | loss 0.0000/17.8984 | acc 1.000/0.009 | pre
Ep  47200 | loss 0.0000/17.8970 | acc 1.000/0.009 | pre
Ep  47300 | loss 0.0000/17.8958 | acc 1.000/0.009 | pre
Ep  47400 | loss 0.0000/17.8951 | acc 1.000/0.009 | pre
Ep  47500 | loss 0.0000/17.8940 | acc 1.000/0.009 | pre
Ep  47600 | loss 0.0000/17.8930 | acc 1.000/0.009 | pre
Ep  47700 | loss 0.0000/17.8922 | acc 1.000/0.009 | pre
Ep  47800 | loss 0.0000/17.8914 | acc 1.000/0.009 | pre
Ep  47900 | loss 0.0000/17.8902 | acc 1.000/0.009 | pre
Ep  48000 | loss 0.0000/17.8892 | acc 1.000/0.009 | pre
Ep  48100 | loss 0.0000/17.8875 | acc 1.000/0.009 | pre
Ep  48200 | loss 0.0000/17.8864 | acc 1.000/0.009 | pre
Ep  48300 | loss 0.0000/17.8851 | acc 1.000/0.009 | pre
Ep  48400 | loss 0.0000/17.8840 | acc 1.000/0.009 | pre
Ep  48500 | loss 0.0000/17.8826 | acc 1.000/0.009 | pre
Ep  48600 | loss 0.0000/17.8811 | acc 1.000/0.009 | pre
Ep  48700 | loss 0.0000/17.8795 | acc 1.000/0.009 | pre
Ep  48800 | loss 0.0000/17.8781 | acc 1.000/0.009 | pre
Ep  48900 | loss 0.0000/17.8761 | acc 1.000/0.009 | pre
Ep  49000 | loss 0.0000/17.8750 | acc 1.000/0.009 | pre
Ep  49100 | loss 0.0000/17.8734 | acc 1.000/0.009 | pre
Ep  49200 | loss 0.0000/17.8719 | acc 1.000/0.009 | pre
Ep  49300 | loss 0.0000/17.8713 | acc 1.000/0.009 | pre
Ep  49400 | loss 0.0000/17.8703 | acc 1.000/0.009 | pre
Ep  49500 | loss 0.0000/17.8692 | acc 1.000/0.009 | pre
Ep  49600 | loss 0.0000/17.8676 | acc 1.000/0.009 | pre
Ep  49700 | loss 0.0000/17.8661 | acc 1.000/0.009 | pre
Ep  49800 | loss 0.0000/17.8644 | acc 1.000/0.009 | pre
Ep  49900 | loss 0.0000/17.8630 | acc 1.000/0.009 | pre

Results saved to results\mlp_x2xyy2/
Final test accuracy: 0.0087
Grokking did not occur in this run.
