Task: add mod 113
Model: mlp  |  Train: 3830  Test: 8939
Optimizer: AdamW lr=0.001 wd=1.0 betas=(0.9,0.98)
Ep      0 | loss 4.7283/4.7285 | acc 0.008/0.009 | pre
Ep    100 | loss 3.6522/5.7256 | acc 0.144/0.000 | pre
Ep    200 | loss 1.3377/8.8335 | acc 0.834/0.000 | pre
Ep    300 | loss 0.1762/12.4983 | acc 1.000/0.000 | pre
Ep    400 | loss 0.0455/14.3212 | acc 1.000/0.000 | pre
Ep    500 | loss 0.0161/15.5955 | acc 1.000/0.000 | pre
Ep    600 | loss 0.0061/16.8113 | acc 1.000/0.000 | pre
Ep    700 | loss 0.0023/18.0113 | acc 1.000/0.000 | pre
Ep    800 | loss 0.0009/19.2106 | acc 1.000/0.000 | pre
Ep    900 | loss 0.0004/20.3925 | acc 1.000/0.000 | pre
Ep   1000 | loss 0.0001/21.5547 | acc 1.000/0.000 | pre
Ep   1100 | loss 0.0001/22.6603 | acc 1.000/0.000 | pre
Ep   1200 | loss 0.0000/23.6609 | acc 1.000/0.000 | pre
Ep   1300 | loss 0.0000/24.4905 | acc 1.000/0.000 | pre
Ep   1400 | loss 0.0000/25.0521 | acc 1.000/0.000 | pre
Ep   1500 | loss 0.0000/25.3033 | acc 1.000/0.000 | pre
Ep   1600 | loss 0.0000/25.2762 | acc 1.000/0.000 | pre
Ep   1700 | loss 0.0000/25.0837 | acc 1.000/0.000 | pre
Ep   1800 | loss 0.0000/24.8407 | acc 1.000/0.000 | pre
Ep   1900 | loss 0.0000/24.5950 | acc 1.000/0.000 | pre
Ep   2000 | loss 0.0000/24.3559 | acc 1.000/0.000 | pre
Ep   2100 | loss 0.0000/24.1286 | acc 1.000/0.000 | pre
Ep   2200 | loss 0.0000/23.9082 | acc 1.000/0.000 | pre
Ep   2300 | loss 0.0000/23.6879 | acc 1.000/0.001 | pre
Ep   2400 | loss 0.0000/23.4732 | acc 1.000/0.001 | pre
Ep   2500 | loss 0.0000/23.2708 | acc 1.000/0.001 | pre
Ep   2600 | loss 0.0000/23.0765 | acc 1.000/0.000 | pre
Ep   2700 | loss 0.0000/22.8846 | acc 1.000/0.000 | pre
Ep   2800 | loss 0.0000/22.6967 | acc 1.000/0.000 | pre
Ep   2900 | loss 0.0000/22.5131 | acc 1.000/0.000 | pre
Ep   3000 | loss 0.0000/22.3290 | acc 1.000/0.000 | pre
Ep   3100 | loss 0.0000/22.1476 | acc 1.000/0.000 | pre
Ep   3200 | loss 0.0000/21.9712 | acc 1.000/0.000 | pre
Ep   3300 | loss 0.0000/21.8040 | acc 1.000/0.001 | pre
Ep   3400 | loss 0.0000/21.6408 | acc 1.000/0.001 | pre
Ep   3500 | loss 0.0000/21.4797 | acc 1.000/0.001 | pre
Ep   3600 | loss 0.0000/21.3231 | acc 1.000/0.001 | pre
Ep   3700 | loss 0.0000/21.1681 | acc 1.000/0.001 | pre
Ep   3800 | loss 0.0000/21.0134 | acc 1.000/0.001 | pre
Ep   3900 | loss 0.0000/20.8630 | acc 1.000/0.001 | pre
Ep   4000 | loss 0.0000/20.7107 | acc 1.000/0.001 | pre
Ep   4100 | loss 0.0000/20.5606 | acc 1.000/0.001 | pre
Ep   4200 | loss 0.0000/20.4082 | acc 1.000/0.001 | pre
Ep   4300 | loss 0.0000/20.2575 | acc 1.000/0.001 | pre
Ep   4400 | loss 0.0000/20.1049 | acc 1.000/0.001 | pre
Ep   4500 | loss 0.0000/19.9497 | acc 1.000/0.001 | pre
Ep   4600 | loss 0.0000/19.7952 | acc 1.000/0.001 | pre
Ep   4700 | loss 0.0000/19.6430 | acc 1.000/0.001 | pre
Ep   4800 | loss 0.0000/19.4959 | acc 1.000/0.001 | pre
Ep   4900 | loss 0.0000/19.3465 | acc 1.000/0.001 | pre
Ep   5000 | loss 0.0000/19.2014 | acc 1.000/0.001 | pre
Ep   5100 | loss 0.0000/19.0574 | acc 1.000/0.001 | pre
Ep   5200 | loss 0.0000/18.9133 | acc 1.000/0.001 | pre
Ep   5300 | loss 0.0000/18.7703 | acc 1.000/0.001 | pre
Ep   5400 | loss 0.0000/18.6266 | acc 1.000/0.001 | pre
Ep   5500 | loss 0.0000/18.4801 | acc 1.000/0.001 | pre
Ep   5600 | loss 0.0000/18.3341 | acc 1.000/0.001 | pre
Ep   5700 | loss 0.0000/18.1863 | acc 1.000/0.001 | pre
Ep   5800 | loss 0.0000/18.0323 | acc 1.000/0.001 | pre
Ep   5900 | loss 0.0000/17.8755 | acc 1.000/0.001 | pre
Ep   6000 | loss 0.0000/17.7169 | acc 1.000/0.002 | pre
Ep   6100 | loss 0.0000/17.5522 | acc 1.000/0.002 | pre
Ep   6200 | loss 0.0000/17.3831 | acc 1.000/0.002 | pre
Ep   6300 | loss 0.0000/17.2097 | acc 1.000/0.002 | pre
Ep   6400 | loss 0.0000/17.0291 | acc 1.000/0.003 | pre
Ep   6500 | loss 0.0000/16.8515 | acc 1.000/0.003 | pre
Ep   6600 | loss 0.0000/16.6753 | acc 1.000/0.004 | pre
Ep   6700 | loss 0.0000/16.4986 | acc 1.000/0.004 | pre
Ep   6800 | loss 0.0000/16.3201 | acc 1.000/0.004 | pre
Ep   6900 | loss 0.0000/16.1404 | acc 1.000/0.005 | pre
Ep   7000 | loss 0.0000/15.9580 | acc 1.000/0.005 | pre
Ep   7100 | loss 0.0000/15.7724 | acc 1.000/0.006 | pre
Ep   7200 | loss 0.0000/15.5898 | acc 1.000/0.006 | pre
Ep   7300 | loss 0.0000/15.4075 | acc 1.000/0.007 | pre
Ep   7400 | loss 0.0000/15.2217 | acc 1.000/0.007 | pre
Ep   7500 | loss 0.0000/15.0343 | acc 1.000/0.008 | pre
Ep   7600 | loss 0.0000/14.8468 | acc 1.000/0.008 | pre
Ep   7700 | loss 0.0000/14.6544 | acc 1.000/0.009 | pre
Ep   7800 | loss 0.0000/14.4606 | acc 1.000/0.009 | pre
Ep   7900 | loss 0.0000/14.2625 | acc 1.000/0.010 | pre
Ep   8000 | loss 0.0000/14.0658 | acc 1.000/0.010 | pre
Ep   8100 | loss 0.0000/13.8697 | acc 1.000/0.011 | pre
Ep   8200 | loss 0.0000/13.6740 | acc 1.000/0.011 | pre
Ep   8300 | loss 0.0000/13.4731 | acc 1.000/0.011 | pre
Ep   8400 | loss 0.0000/13.2700 | acc 1.000/0.012 | pre
Ep   8500 | loss 0.0000/13.0570 | acc 1.000/0.013 | pre
Ep   8600 | loss 0.0000/12.8365 | acc 1.000/0.014 | pre
Ep   8700 | loss 0.0000/12.6071 | acc 1.000/0.015 | pre
Ep   8800 | loss 0.0000/12.3755 | acc 1.000/0.016 | pre
Ep   8900 | loss 0.0000/12.1398 | acc 1.000/0.018 | pre
Ep   9000 | loss 0.0000/11.8972 | acc 1.000/0.019 | pre
Ep   9100 | loss 0.0000/11.6475 | acc 1.000/0.021 | pre
Ep   9200 | loss 0.0000/11.3924 | acc 1.000/0.022 | pre
Ep   9300 | loss 0.0000/11.1286 | acc 1.000/0.025 | pre
Ep   9400 | loss 0.0000/10.8604 | acc 1.000/0.028 | pre
Ep   9500 | loss 0.0000/10.5947 | acc 1.000/0.031 | pre
Ep   9600 | loss 0.0000/10.3217 | acc 1.000/0.034 | pre
Ep   9700 | loss 0.0000/10.0453 | acc 1.000/0.038 | pre
Ep   9800 | loss 0.0000/9.7672 | acc 1.000/0.042 | pre
Ep   9900 | loss 0.0000/9.4880 | acc 1.000/0.045 | pre
Ep  10000 | loss 0.0000/9.2060 | acc 1.000/0.050 | pre
Ep  10100 | loss 0.0000/8.9191 | acc 1.000/0.056 | pre
Ep  10200 | loss 0.0000/8.6361 | acc 1.000/0.061 | pre
Ep  10300 | loss 0.0000/8.3508 | acc 1.000/0.066 | pre
Ep  10400 | loss 0.0000/8.0606 | acc 1.000/0.073 | pre
Ep  10500 | loss 0.0000/7.7670 | acc 1.000/0.080 | pre
Ep  10600 | loss 0.0000/7.4706 | acc 1.000/0.087 | pre
Ep  10700 | loss 0.0000/7.1738 | acc 1.000/0.097 | pre
Ep  10800 | loss 0.0000/6.8798 | acc 1.000/0.106 | pre
Ep  10900 | loss 0.0000/6.5900 | acc 1.000/0.117 | pre
Ep  11000 | loss 0.0000/6.3038 | acc 1.000/0.128 | pre
Ep  11100 | loss 0.0000/6.0222 | acc 1.000/0.142 | pre
Ep  11200 | loss 0.0000/5.7471 | acc 1.000/0.155 | transition
Ep  11300 | loss 0.0000/5.4783 | acc 1.000/0.170 | transition
Ep  11400 | loss 0.0000/5.2173 | acc 1.000/0.188 | transition
Ep  11500 | loss 0.0000/4.9617 | acc 1.000/0.205 | transition
Ep  11600 | loss 0.0000/4.7133 | acc 1.000/0.221 | transition
Ep  11700 | loss 0.0000/4.4709 | acc 1.000/0.237 | transition
Ep  11800 | loss 0.0000/4.2351 | acc 1.000/0.256 | transition
Ep  11900 | loss 0.0000/4.0083 | acc 1.000/0.275 | transition
Ep  12000 | loss 0.0000/3.7871 | acc 1.000/0.297 | transition
Ep  12100 | loss 0.0000/3.5750 | acc 1.000/0.318 | transition
Ep  12200 | loss 0.0000/3.3675 | acc 1.000/0.341 | transition
Ep  12300 | loss 0.0000/3.1676 | acc 1.000/0.367 | transition
Ep  12400 | loss 0.0000/2.9731 | acc 1.000/0.391 | transition
Ep  12500 | loss 0.0000/2.7864 | acc 1.000/0.413 | transition
Ep  12600 | loss 0.0000/2.6052 | acc 1.000/0.439 | transition
Ep  12700 | loss 0.0000/2.4315 | acc 1.000/0.461 | transition
Ep  12800 | loss 0.0000/2.2667 | acc 1.000/0.484 | transition
Ep  12900 | loss 0.0000/2.1102 | acc 1.000/0.505 | transition
Ep  13000 | loss 0.0000/1.9588 | acc 1.000/0.531 | transition
Ep  13100 | loss 0.0000/1.8149 | acc 1.000/0.558 | transition
Ep  13200 | loss 0.0000/1.6776 | acc 1.000/0.584 | transition
Ep  13300 | loss 0.0000/1.5470 | acc 1.000/0.612 | transition
Ep  13400 | loss 0.0000/1.4223 | acc 1.000/0.637 | transition
Ep  13500 | loss 0.0000/1.3042 | acc 1.000/0.660 | transition
Ep  13600 | loss 0.0000/1.1931 | acc 1.000/0.683 | transition
Ep  13700 | loss 0.0000/1.0898 | acc 1.000/0.707 | transition
Ep  13800 | loss 0.0000/0.9939 | acc 1.000/0.729 | transition
Ep  13900 | loss 0.0000/0.9035 | acc 1.000/0.749 | transition
Ep  14000 | loss 0.0000/0.8196 | acc 1.000/0.770 | transition
Ep  14100 | loss 0.0000/0.7419 | acc 1.000/0.785 | transition
Ep  14200 | loss 0.0000/0.6704 | acc 1.000/0.802 | transition
Ep  14300 | loss 0.0000/0.6039 | acc 1.000/0.820 | transition
Ep  14400 | loss 0.0000/0.5424 | acc 1.000/0.838 | transition
Ep  14500 | loss 0.0000/0.4855 | acc 1.000/0.853 | transition
Ep  14600 | loss 0.0000/0.4330 | acc 1.000/0.869 | transition
Ep  14700 | loss 0.0000/0.3850 | acc 1.000/0.883 | transition
Ep  14800 | loss 0.0000/0.3418 | acc 1.000/0.896 | transition
Ep  14900 | loss 0.0000/0.3029 | acc 1.000/0.907 | transition
Ep  15000 | loss 0.0000/0.2674 | acc 1.000/0.918 | transition
Ep  15100 | loss 0.0000/0.2344 | acc 1.000/0.926 | transition
Ep  15200 | loss 0.0000/0.2042 | acc 1.000/0.937 | transition
Ep  15300 | loss 0.0000/0.1769 | acc 1.000/0.945 | transition
Ep  15400 | loss 0.0000/0.1525 | acc 1.000/0.953 | pre
Ep  15500 | loss 0.0000/0.1309 | acc 1.000/0.959 | pre
Ep  15600 | loss 0.0000/0.1118 | acc 1.000/0.966 | pre
Ep  15700 | loss 0.0000/0.0955 | acc 1.000/0.972 | post
Ep  15800 | loss 0.0000/0.0816 | acc 1.000/0.976 | post
Ep  15900 | loss 0.0000/0.0698 | acc 1.000/0.980 | post
Ep  16000 | loss 0.0000/0.0599 | acc 1.000/0.983 | post
Ep  16100 | loss 0.0000/0.0513 | acc 1.000/0.986 | post
Ep  16200 | loss 0.0000/0.0440 | acc 1.000/0.988 | post
Ep  16300 | loss 0.0000/0.0378 | acc 1.000/0.990 | post
Ep  16400 | loss 0.0000/0.0326 | acc 1.000/0.992 | post
Ep  16500 | loss 0.0000/0.0282 | acc 1.000/0.993 | post
Ep  16600 | loss 0.0000/0.0245 | acc 1.000/0.994 | post
Ep  16700 | loss 0.0000/0.0214 | acc 1.000/0.995 | post
Ep  16800 | loss 0.0000/0.0187 | acc 1.000/0.995 | post
Ep  16900 | loss 0.0000/0.0164 | acc 1.000/0.996 | post
Ep  17000 | loss 0.0000/0.0144 | acc 1.000/0.997 | post
Ep  17100 | loss 0.0000/0.0126 | acc 1.000/0.997 | post
Ep  17200 | loss 0.0000/0.0111 | acc 1.000/0.998 | post
Ep  17300 | loss 0.0000/0.0097 | acc 1.000/0.998 | post
Ep  17400 | loss 0.0000/0.0086 | acc 1.000/0.998 | post
Ep  17500 | loss 0.0000/0.0076 | acc 1.000/0.999 | post
Ep  17600 | loss 0.0000/0.0066 | acc 1.000/0.999 | post
Ep  17700 | loss 0.0000/0.0058 | acc 1.000/0.999 | post
Ep  17800 | loss 0.0000/0.0051 | acc 1.000/0.999 | post
Grokking complete — stopping early.

Results saved to results\mlp_add/
Final test accuracy: 0.9992
Grokking onset (test_acc >= 0.95): epoch 15400
