Task: multiply mod 113
Model: mlp  |  Train: 3830  Test: 8939
Optimizer: AdamW lr=0.001 wd=1.0 betas=(0.9,0.98)
Ep      0 | loss 4.7293/4.7285 | acc 0.005/0.011 | pre
Ep    100 | loss 3.6339/5.5645 | acc 0.161/0.016 | pre
Ep    200 | loss 1.3604/8.4807 | acc 0.810/0.016 | pre
Ep    300 | loss 0.1775/12.0401 | acc 1.000/0.016 | pre
Ep    400 | loss 0.0447/13.8229 | acc 1.000/0.016 | pre
Ep    500 | loss 0.0158/15.0738 | acc 1.000/0.016 | pre
Ep    600 | loss 0.0059/16.2685 | acc 1.000/0.016 | pre
Ep    700 | loss 0.0023/17.4318 | acc 1.000/0.016 | pre
Ep    800 | loss 0.0009/18.5792 | acc 1.000/0.016 | pre
Ep    900 | loss 0.0004/19.7155 | acc 1.000/0.016 | pre
Ep   1000 | loss 0.0001/20.8169 | acc 1.000/0.016 | pre
Ep   1100 | loss 0.0001/21.8482 | acc 1.000/0.016 | pre
Ep   1200 | loss 0.0000/22.7816 | acc 1.000/0.016 | pre
Ep   1300 | loss 0.0000/23.5529 | acc 1.000/0.016 | pre
Ep   1400 | loss 0.0000/24.0684 | acc 1.000/0.016 | pre
Ep   1500 | loss 0.0000/24.2788 | acc 1.000/0.016 | pre
Ep   1600 | loss 0.0000/24.2245 | acc 1.000/0.016 | pre
Ep   1700 | loss 0.0000/24.0203 | acc 1.000/0.016 | pre
Ep   1800 | loss 0.0000/23.7674 | acc 1.000/0.016 | pre
Ep   1900 | loss 0.0000/23.5097 | acc 1.000/0.016 | pre
Ep   2000 | loss 0.0000/23.2579 | acc 1.000/0.016 | pre
Ep   2100 | loss 0.0000/23.0176 | acc 1.000/0.016 | pre
Ep   2200 | loss 0.0000/22.7924 | acc 1.000/0.016 | pre
Ep   2300 | loss 0.0000/22.5815 | acc 1.000/0.016 | pre
Ep   2400 | loss 0.0000/22.3783 | acc 1.000/0.016 | pre
Ep   2500 | loss 0.0000/22.1844 | acc 1.000/0.016 | pre
Ep   2600 | loss 0.0000/22.0008 | acc 1.000/0.016 | pre
Ep   2700 | loss 0.0000/21.8186 | acc 1.000/0.016 | pre
Ep   2800 | loss 0.0000/21.6409 | acc 1.000/0.016 | pre
Ep   2900 | loss 0.0000/21.4658 | acc 1.000/0.016 | pre
Ep   3000 | loss 0.0000/21.2929 | acc 1.000/0.017 | pre
Ep   3100 | loss 0.0000/21.1171 | acc 1.000/0.017 | pre
Ep   3200 | loss 0.0000/20.9495 | acc 1.000/0.017 | pre
Ep   3300 | loss 0.0000/20.7830 | acc 1.000/0.017 | pre
Ep   3400 | loss 0.0000/20.6186 | acc 1.000/0.017 | pre
Ep   3500 | loss 0.0000/20.4528 | acc 1.000/0.017 | pre
Ep   3600 | loss 0.0000/20.2901 | acc 1.000/0.017 | pre
Ep   3700 | loss 0.0000/20.1262 | acc 1.000/0.017 | pre
Ep   3800 | loss 0.0000/19.9620 | acc 1.000/0.017 | pre
Ep   3900 | loss 0.0000/19.8017 | acc 1.000/0.017 | pre
Ep   4000 | loss 0.0000/19.6368 | acc 1.000/0.017 | pre
Ep   4100 | loss 0.0000/19.4686 | acc 1.000/0.017 | pre
Ep   4200 | loss 0.0000/19.2973 | acc 1.000/0.017 | pre
Ep   4300 | loss 0.0000/19.1253 | acc 1.000/0.017 | pre
Ep   4400 | loss 0.0000/18.9548 | acc 1.000/0.017 | pre
Ep   4500 | loss 0.0000/18.7830 | acc 1.000/0.017 | pre
Ep   4600 | loss 0.0000/18.6101 | acc 1.000/0.017 | pre
Ep   4700 | loss 0.0000/18.4386 | acc 1.000/0.017 | pre
Ep   4800 | loss 0.0000/18.2682 | acc 1.000/0.017 | pre
Ep   4900 | loss 0.0000/18.0974 | acc 1.000/0.017 | pre
Ep   5000 | loss 0.0000/17.9291 | acc 1.000/0.017 | pre
Ep   5100 | loss 0.0000/17.7628 | acc 1.000/0.017 | pre
Ep   5200 | loss 0.0000/17.6022 | acc 1.000/0.018 | pre
Ep   5300 | loss 0.0000/17.4445 | acc 1.000/0.018 | pre
Ep   5400 | loss 0.0000/17.2894 | acc 1.000/0.018 | pre
Ep   5500 | loss 0.0000/17.1401 | acc 1.000/0.018 | pre
Ep   5600 | loss 0.0000/16.9926 | acc 1.000/0.018 | pre
Ep   5700 | loss 0.0000/16.8423 | acc 1.000/0.018 | pre
Ep   5800 | loss 0.0000/16.6912 | acc 1.000/0.018 | pre
Ep   5900 | loss 0.0000/16.5396 | acc 1.000/0.018 | pre
Ep   6000 | loss 0.0000/16.3865 | acc 1.000/0.019 | pre
Ep   6100 | loss 0.0000/16.2352 | acc 1.000/0.019 | pre
Ep   6200 | loss 0.0000/16.0790 | acc 1.000/0.019 | pre
Ep   6300 | loss 0.0000/15.9233 | acc 1.000/0.020 | pre
Ep   6400 | loss 0.0000/15.7673 | acc 1.000/0.020 | pre
Ep   6500 | loss 0.0000/15.6147 | acc 1.000/0.020 | pre
Ep   6600 | loss 0.0000/15.4602 | acc 1.000/0.020 | pre
Ep   6700 | loss 0.0000/15.3068 | acc 1.000/0.020 | pre
Ep   6800 | loss 0.0000/15.1559 | acc 1.000/0.020 | pre
Ep   6900 | loss 0.0000/15.0033 | acc 1.000/0.020 | pre
Ep   7000 | loss 0.0000/14.8519 | acc 1.000/0.020 | pre
Ep   7100 | loss 0.0000/14.7026 | acc 1.000/0.021 | pre
Ep   7200 | loss 0.0000/14.5502 | acc 1.000/0.021 | pre
Ep   7300 | loss 0.0000/14.4002 | acc 1.000/0.021 | pre
Ep   7400 | loss 0.0000/14.2510 | acc 1.000/0.021 | pre
Ep   7500 | loss 0.0000/14.1016 | acc 1.000/0.022 | pre
Ep   7600 | loss 0.0000/13.9463 | acc 1.000/0.022 | pre
Ep   7700 | loss 0.0000/13.7900 | acc 1.000/0.022 | pre
Ep   7800 | loss 0.0000/13.6321 | acc 1.000/0.023 | pre
Ep   7900 | loss 0.0000/13.4748 | acc 1.000/0.023 | pre
Ep   8000 | loss 0.0000/13.3167 | acc 1.000/0.024 | pre
Ep   8100 | loss 0.0000/13.1582 | acc 1.000/0.025 | pre
Ep   8200 | loss 0.0000/13.0014 | acc 1.000/0.026 | pre
Ep   8300 | loss 0.0000/12.8458 | acc 1.000/0.027 | pre
Ep   8400 | loss 0.0000/12.6859 | acc 1.000/0.028 | pre
Ep   8500 | loss 0.0000/12.5278 | acc 1.000/0.028 | pre
Ep   8600 | loss 0.0000/12.3679 | acc 1.000/0.029 | pre
Ep   8700 | loss 0.0000/12.2048 | acc 1.000/0.030 | pre
Ep   8800 | loss 0.0000/12.0325 | acc 1.000/0.031 | pre
Ep   8900 | loss 0.0000/11.8568 | acc 1.000/0.033 | pre
Ep   9000 | loss 0.0000/11.6846 | acc 1.000/0.034 | pre
Ep   9100 | loss 0.0000/11.5093 | acc 1.000/0.036 | pre
Ep   9200 | loss 0.0000/11.3339 | acc 1.000/0.037 | pre
Ep   9300 | loss 0.0000/11.1588 | acc 1.000/0.039 | pre
Ep   9400 | loss 0.0000/10.9868 | acc 1.000/0.040 | pre
Ep   9500 | loss 0.0000/10.8165 | acc 1.000/0.043 | pre
Ep   9600 | loss 0.0000/10.6455 | acc 1.000/0.044 | pre
Ep   9700 | loss 0.0000/10.4780 | acc 1.000/0.046 | pre
Ep   9800 | loss 0.0000/10.3151 | acc 1.000/0.048 | pre
Ep   9900 | loss 0.0000/10.1518 | acc 1.000/0.050 | pre
Ep  10000 | loss 0.0000/9.9883 | acc 1.000/0.051 | pre
Ep  10100 | loss 0.0000/9.8269 | acc 1.000/0.054 | pre
Ep  10200 | loss 0.0000/9.6658 | acc 1.000/0.057 | pre
Ep  10300 | loss 0.0000/9.5022 | acc 1.000/0.060 | pre
Ep  10400 | loss 0.0000/9.3367 | acc 1.000/0.063 | pre
Ep  10500 | loss 0.0000/9.1713 | acc 1.000/0.066 | pre
Ep  10600 | loss 0.0000/9.0042 | acc 1.000/0.069 | pre
Ep  10700 | loss 0.0000/8.8342 | acc 1.000/0.073 | pre
Ep  10800 | loss 0.0000/8.6629 | acc 1.000/0.076 | pre
Ep  10900 | loss 0.0000/8.4906 | acc 1.000/0.078 | pre
Ep  11000 | loss 0.0000/8.3143 | acc 1.000/0.083 | pre
Ep  11100 | loss 0.0000/8.1321 | acc 1.000/0.087 | pre
Ep  11200 | loss 0.0000/7.9470 | acc 1.000/0.090 | pre
Ep  11300 | loss 0.0000/7.7570 | acc 1.000/0.096 | pre
Ep  11400 | loss 0.0000/7.5646 | acc 1.000/0.101 | pre
Ep  11500 | loss 0.0000/7.3665 | acc 1.000/0.105 | pre
Ep  11600 | loss 0.0000/7.1612 | acc 1.000/0.111 | pre
Ep  11700 | loss 0.0000/6.9539 | acc 1.000/0.118 | pre
Ep  11800 | loss 0.0000/6.7444 | acc 1.000/0.126 | pre
Ep  11900 | loss 0.0000/6.5356 | acc 1.000/0.134 | pre
Ep  12000 | loss 0.0000/6.3213 | acc 1.000/0.143 | pre
Ep  12100 | loss 0.0000/6.1081 | acc 1.000/0.154 | pre
Ep  12200 | loss 0.0000/5.8961 | acc 1.000/0.163 | pre
Ep  12300 | loss 0.0000/5.6841 | acc 1.000/0.175 | pre
Ep  12400 | loss 0.0000/5.4734 | acc 1.000/0.187 | pre
Ep  12500 | loss 0.0000/5.2644 | acc 1.000/0.198 | transition
Ep  12600 | loss 0.0000/5.0576 | acc 1.000/0.211 | transition
Ep  12700 | loss 0.0000/4.8555 | acc 1.000/0.225 | transition
Ep  12800 | loss 0.0000/4.6594 | acc 1.000/0.241 | transition
Ep  12900 | loss 0.0000/4.4673 | acc 1.000/0.257 | transition
Ep  13000 | loss 0.0000/4.2815 | acc 1.000/0.270 | transition
Ep  13100 | loss 0.0000/4.1020 | acc 1.000/0.284 | transition
Ep  13200 | loss 0.0000/3.9277 | acc 1.000/0.300 | transition
Ep  13300 | loss 0.0000/3.7570 | acc 1.000/0.317 | transition
Ep  13400 | loss 0.0000/3.5896 | acc 1.000/0.335 | transition
Ep  13500 | loss 0.0000/3.4253 | acc 1.000/0.348 | transition
Ep  13600 | loss 0.0000/3.2607 | acc 1.000/0.367 | transition
Ep  13700 | loss 0.0000/3.0976 | acc 1.000/0.390 | transition
Ep  13800 | loss 0.0000/2.9367 | acc 1.000/0.411 | transition
Ep  13900 | loss 0.0000/2.7793 | acc 1.000/0.432 | transition
Ep  14000 | loss 0.0000/2.6247 | acc 1.000/0.452 | transition
Ep  14100 | loss 0.0000/2.4738 | acc 1.000/0.470 | transition
Ep  14200 | loss 0.0000/2.3287 | acc 1.000/0.490 | transition
Ep  14300 | loss 0.0000/2.1897 | acc 1.000/0.512 | transition
Ep  14400 | loss 0.0000/2.0533 | acc 1.000/0.533 | transition
Ep  14500 | loss 0.0000/1.9219 | acc 1.000/0.557 | transition
Ep  14600 | loss 0.0000/1.7965 | acc 1.000/0.579 | transition
Ep  14700 | loss 0.0000/1.6759 | acc 1.000/0.600 | transition
Ep  14800 | loss 0.0000/1.5606 | acc 1.000/0.620 | transition
Ep  14900 | loss 0.0000/1.4488 | acc 1.000/0.640 | transition
Ep  15000 | loss 0.0000/1.3419 | acc 1.000/0.662 | transition
Ep  15100 | loss 0.0000/1.2409 | acc 1.000/0.681 | transition
Ep  15200 | loss 0.0000/1.1428 | acc 1.000/0.700 | transition
Ep  15300 | loss 0.0000/1.0506 | acc 1.000/0.719 | transition
Ep  15400 | loss 0.0000/0.9629 | acc 1.000/0.738 | transition
Ep  15500 | loss 0.0000/0.8814 | acc 1.000/0.759 | transition
Ep  15600 | loss 0.0000/0.8060 | acc 1.000/0.779 | transition
Ep  15700 | loss 0.0000/0.7358 | acc 1.000/0.795 | transition
Ep  15800 | loss 0.0000/0.6709 | acc 1.000/0.812 | transition
Ep  15900 | loss 0.0000/0.6103 | acc 1.000/0.827 | transition
Ep  16000 | loss 0.0000/0.5549 | acc 1.000/0.842 | transition
Ep  16100 | loss 0.0000/0.5039 | acc 1.000/0.856 | transition
Ep  16200 | loss 0.0000/0.4565 | acc 1.000/0.870 | transition
Ep  16300 | loss 0.0000/0.4116 | acc 1.000/0.881 | transition
Ep  16400 | loss 0.0000/0.3694 | acc 1.000/0.893 | transition
Ep  16500 | loss 0.0000/0.3302 | acc 1.000/0.904 | transition
Ep  16600 | loss 0.0000/0.2936 | acc 1.000/0.915 | transition
Ep  16700 | loss 0.0000/0.2590 | acc 1.000/0.924 | transition
Ep  16800 | loss 0.0000/0.2277 | acc 1.000/0.934 | transition
Ep  16900 | loss 0.0000/0.1998 | acc 1.000/0.942 | transition
Ep  17000 | loss 0.0000/0.1752 | acc 1.000/0.949 | pre
Ep  17100 | loss 0.0000/0.1536 | acc 1.000/0.955 | pre
Ep  17200 | loss 0.0000/0.1343 | acc 1.000/0.960 | pre
Ep  17300 | loss 0.0000/0.1172 | acc 1.000/0.966 | pre
Ep  17400 | loss 0.0000/0.1021 | acc 1.000/0.970 | post
Ep  17500 | loss 0.0000/0.0888 | acc 1.000/0.973 | post
Ep  17600 | loss 0.0000/0.0774 | acc 1.000/0.976 | post
Ep  17700 | loss 0.0000/0.0673 | acc 1.000/0.979 | post
Ep  17800 | loss 0.0000/0.0585 | acc 1.000/0.983 | post
Ep  17900 | loss 0.0000/0.0507 | acc 1.000/0.985 | post
Ep  18000 | loss 0.0000/0.0437 | acc 1.000/0.987 | post
Ep  18100 | loss 0.0000/0.0375 | acc 1.000/0.989 | post
Ep  18200 | loss 0.0000/0.0321 | acc 1.000/0.990 | post
Ep  18300 | loss 0.0000/0.0274 | acc 1.000/0.992 | post
Ep  18400 | loss 0.0000/0.0233 | acc 1.000/0.993 | post
Ep  18500 | loss 0.0000/0.0198 | acc 1.000/0.994 | post
Ep  18600 | loss 0.0000/0.0168 | acc 1.000/0.996 | post
Ep  18700 | loss 0.0000/0.0140 | acc 1.000/0.996 | post
Ep  18800 | loss 0.0000/0.0116 | acc 1.000/0.997 | post
Ep  18900 | loss 0.0000/0.0096 | acc 1.000/0.998 | post
Ep  19000 | loss 0.0000/0.0080 | acc 1.000/0.999 | post
Ep  19100 | loss 0.0000/0.0066 | acc 1.000/0.999 | post
Ep  19200 | loss 0.0000/0.0054 | acc 1.000/0.999 | post
Grokking complete — stopping early.

Results saved to results\mlp_multiply/
Final test accuracy: 0.9993
Grokking onset (test_acc >= 0.95): epoch 17100
