Task: x3xy2y mod 113
Model: mlp  |  Train: 3830  Test: 8939
Optimizer: AdamW lr=0.001 wd=1.0 betas=(0.9,0.98)
Ep      0 | loss 4.7270/4.7281 | acc 0.007/0.009 | pre
Ep    100 | loss 3.4491/5.3377 | acc 0.196/0.006 | pre
Ep    200 | loss 1.2499/7.5828 | acc 0.806/0.008 | pre
Ep    300 | loss 0.1658/10.6600 | acc 1.000/0.010 | pre
Ep    400 | loss 0.0421/12.2847 | acc 1.000/0.009 | pre
Ep    500 | loss 0.0148/13.4433 | acc 1.000/0.009 | pre
Ep    600 | loss 0.0055/14.5616 | acc 1.000/0.010 | pre
Ep    700 | loss 0.0021/15.6708 | acc 1.000/0.009 | pre
Ep    800 | loss 0.0008/16.7860 | acc 1.000/0.009 | pre
Ep    900 | loss 0.0003/17.9046 | acc 1.000/0.010 | pre
Ep   1000 | loss 0.0001/19.0092 | acc 1.000/0.010 | pre
Ep   1100 | loss 0.0001/20.0696 | acc 1.000/0.010 | pre
Ep   1200 | loss 0.0000/21.0461 | acc 1.000/0.010 | pre
Ep   1300 | loss 0.0000/21.8544 | acc 1.000/0.010 | pre
Ep   1400 | loss 0.0000/22.4199 | acc 1.000/0.010 | pre
Ep   1500 | loss 0.0000/22.6965 | acc 1.000/0.010 | pre
Ep   1600 | loss 0.0000/22.7380 | acc 1.000/0.009 | pre
Ep   1700 | loss 0.0000/22.6392 | acc 1.000/0.009 | pre
Ep   1800 | loss 0.0000/22.5009 | acc 1.000/0.009 | pre
Ep   1900 | loss 0.0000/22.3577 | acc 1.000/0.009 | pre
Ep   2000 | loss 0.0000/22.2239 | acc 1.000/0.009 | pre
Ep   2100 | loss 0.0000/22.0986 | acc 1.000/0.009 | pre
Ep   2200 | loss 0.0000/21.9855 | acc 1.000/0.008 | pre
Ep   2300 | loss 0.0000/21.8815 | acc 1.000/0.009 | pre
Ep   2400 | loss 0.0000/21.7858 | acc 1.000/0.009 | pre
Ep   2500 | loss 0.0000/21.6981 | acc 1.000/0.008 | pre
Ep   2600 | loss 0.0000/21.6117 | acc 1.000/0.008 | pre
Ep   2700 | loss 0.0000/21.5358 | acc 1.000/0.008 | pre
Ep   2800 | loss 0.0000/21.4645 | acc 1.000/0.008 | pre
Ep   2900 | loss 0.0000/21.3983 | acc 1.000/0.008 | pre
Ep   3000 | loss 0.0000/21.3346 | acc 1.000/0.008 | pre
Ep   3100 | loss 0.0000/21.2779 | acc 1.000/0.009 | pre
Ep   3200 | loss 0.0000/21.2226 | acc 1.000/0.009 | pre
Ep   3300 | loss 0.0000/21.1682 | acc 1.000/0.009 | pre
Ep   3400 | loss 0.0000/21.1149 | acc 1.000/0.009 | pre
Ep   3500 | loss 0.0000/21.0664 | acc 1.000/0.009 | pre
Ep   3600 | loss 0.0000/21.0213 | acc 1.000/0.009 | pre
Ep   3700 | loss 0.0000/20.9776 | acc 1.000/0.009 | pre
Ep   3800 | loss 0.0000/20.9344 | acc 1.000/0.009 | pre
Ep   3900 | loss 0.0000/20.8930 | acc 1.000/0.009 | pre
Ep   4000 | loss 0.0000/20.8525 | acc 1.000/0.009 | pre
Ep   4100 | loss 0.0000/20.8163 | acc 1.000/0.009 | pre
Ep   4200 | loss 0.0000/20.7794 | acc 1.000/0.009 | pre
Ep   4300 | loss 0.0000/20.7425 | acc 1.000/0.009 | pre
Ep   4400 | loss 0.0000/20.7066 | acc 1.000/0.009 | pre
Ep   4500 | loss 0.0000/20.6707 | acc 1.000/0.009 | pre
Ep   4600 | loss 0.0000/20.6353 | acc 1.000/0.008 | pre
Ep   4700 | loss 0.0000/20.6028 | acc 1.000/0.008 | pre
Ep   4800 | loss 0.0000/20.5729 | acc 1.000/0.008 | pre
Ep   4900 | loss 0.0000/20.5454 | acc 1.000/0.009 | pre
Ep   5000 | loss 0.0000/20.5191 | acc 1.000/0.009 | pre
Ep   5100 | loss 0.0000/20.4937 | acc 1.000/0.008 | pre
Ep   5200 | loss 0.0000/20.4671 | acc 1.000/0.008 | pre
Ep   5300 | loss 0.0000/20.4403 | acc 1.000/0.008 | pre
Ep   5400 | loss 0.0000/20.4158 | acc 1.000/0.008 | pre
Ep   5500 | loss 0.0000/20.3919 | acc 1.000/0.008 | pre
Ep   5600 | loss 0.0000/20.3692 | acc 1.000/0.008 | pre
Ep   5700 | loss 0.0000/20.3462 | acc 1.000/0.008 | pre
Ep   5800 | loss 0.0000/20.3249 | acc 1.000/0.008 | pre
Ep   5900 | loss 0.0000/20.3024 | acc 1.000/0.008 | pre
Ep   6000 | loss 0.0000/20.2817 | acc 1.000/0.008 | pre
Ep   6100 | loss 0.0000/20.2609 | acc 1.000/0.008 | pre
Ep   6200 | loss 0.0000/20.2412 | acc 1.000/0.009 | pre
Ep   6300 | loss 0.0000/20.2214 | acc 1.000/0.009 | pre
Ep   6400 | loss 0.0000/20.2038 | acc 1.000/0.008 | pre
Ep   6500 | loss 0.0000/20.1889 | acc 1.000/0.009 | pre
Ep   6600 | loss 0.0000/20.1728 | acc 1.000/0.009 | pre
Ep   6700 | loss 0.0000/20.1556 | acc 1.000/0.009 | pre
Ep   6800 | loss 0.0000/20.1392 | acc 1.000/0.009 | pre
Ep   6900 | loss 0.0000/20.1214 | acc 1.000/0.009 | pre
Ep   7000 | loss 0.0000/20.1034 | acc 1.000/0.009 | pre
Ep   7100 | loss 0.0000/20.0886 | acc 1.000/0.009 | pre
Ep   7200 | loss 0.0000/20.0724 | acc 1.000/0.009 | pre
Ep   7300 | loss 0.0000/20.0534 | acc 1.000/0.009 | pre
Ep   7400 | loss 0.0000/20.0364 | acc 1.000/0.009 | pre
Ep   7500 | loss 0.0000/20.0211 | acc 1.000/0.009 | pre
Ep   7600 | loss 0.0000/20.0066 | acc 1.000/0.009 | pre
Ep   7700 | loss 0.0000/19.9922 | acc 1.000/0.009 | pre
Ep   7800 | loss 0.0000/19.9770 | acc 1.000/0.009 | pre
Ep   7900 | loss 0.0000/19.9611 | acc 1.000/0.009 | pre
Ep   8000 | loss 0.0000/19.9447 | acc 1.000/0.009 | pre
Ep   8100 | loss 0.0000/19.9280 | acc 1.000/0.009 | pre
Ep   8200 | loss 0.0000/19.9124 | acc 1.000/0.009 | pre
Ep   8300 | loss 0.0000/19.8953 | acc 1.000/0.009 | pre
Ep   8400 | loss 0.0000/19.8797 | acc 1.000/0.009 | pre
Ep   8500 | loss 0.0000/19.8662 | acc 1.000/0.009 | pre
Ep   8600 | loss 0.0000/19.8522 | acc 1.000/0.009 | pre
Ep   8700 | loss 0.0000/19.8397 | acc 1.000/0.009 | pre
Ep   8800 | loss 0.0000/19.8273 | acc 1.000/0.009 | pre
Ep   8900 | loss 0.0000/19.8153 | acc 1.000/0.008 | pre
Ep   9000 | loss 0.0000/19.8029 | acc 1.000/0.009 | pre
Ep   9100 | loss 0.0000/19.7911 | acc 1.000/0.009 | pre
Ep   9200 | loss 0.0000/19.7794 | acc 1.000/0.009 | pre
Ep   9300 | loss 0.0000/19.7687 | acc 1.000/0.009 | pre
Ep   9400 | loss 0.0000/19.7587 | acc 1.000/0.009 | pre
Ep   9500 | loss 0.0000/19.7494 | acc 1.000/0.009 | pre
Ep   9600 | loss 0.0000/19.7402 | acc 1.000/0.009 | pre
Ep   9700 | loss 0.0000/19.7286 | acc 1.000/0.009 | pre
Ep   9800 | loss 0.0000/19.7179 | acc 1.000/0.009 | pre
Ep   9900 | loss 0.0000/19.7075 | acc 1.000/0.009 | pre
Ep  10000 | loss 0.0000/19.6958 | acc 1.000/0.009 | pre
Ep  10100 | loss 0.0000/19.6847 | acc 1.000/0.009 | pre
Ep  10200 | loss 0.0000/19.6744 | acc 1.000/0.009 | pre
Ep  10300 | loss 0.0000/19.6640 | acc 1.000/0.009 | pre
Ep  10400 | loss 0.0000/19.6542 | acc 1.000/0.009 | pre
Ep  10500 | loss 0.0000/19.6440 | acc 1.000/0.009 | pre
Ep  10600 | loss 0.0000/19.6331 | acc 1.000/0.009 | pre
Ep  10700 | loss 0.0000/19.6251 | acc 1.000/0.009 | pre
Ep  10800 | loss 0.0000/19.6159 | acc 1.000/0.009 | pre
Ep  10900 | loss 0.0000/19.6055 | acc 1.000/0.009 | pre
Ep  11000 | loss 0.0000/19.5973 | acc 1.000/0.010 | pre
Ep  11100 | loss 0.0000/19.5884 | acc 1.000/0.010 | pre
Ep  11200 | loss 0.0000/19.5790 | acc 1.000/0.009 | pre
Ep  11300 | loss 0.0000/19.5692 | acc 1.000/0.009 | pre
Ep  11400 | loss 0.0000/19.5596 | acc 1.000/0.009 | pre
Ep  11500 | loss 0.0000/19.5507 | acc 1.000/0.009 | pre
Ep  11600 | loss 0.0000/19.5432 | acc 1.000/0.009 | pre
Ep  11700 | loss 0.0000/19.5358 | acc 1.000/0.009 | pre
Ep  11800 | loss 0.0000/19.5298 | acc 1.000/0.009 | pre
Ep  11900 | loss 0.0000/19.5234 | acc 1.000/0.009 | pre
Ep  12000 | loss 0.0000/19.5163 | acc 1.000/0.009 | pre
Ep  12100 | loss 0.0000/19.5077 | acc 1.000/0.008 | pre
Ep  12200 | loss 0.0000/19.5006 | acc 1.000/0.008 | pre
Ep  12300 | loss 0.0000/19.4932 | acc 1.000/0.008 | pre
Ep  12400 | loss 0.0000/19.4865 | acc 1.000/0.008 | pre
Ep  12500 | loss 0.0000/19.4803 | acc 1.000/0.008 | pre
Ep  12600 | loss 0.0000/19.4735 | acc 1.000/0.008 | pre
Ep  12700 | loss 0.0000/19.4664 | acc 1.000/0.008 | pre
Ep  12800 | loss 0.0000/19.4597 | acc 1.000/0.008 | pre
Ep  12900 | loss 0.0000/19.4527 | acc 1.000/0.008 | pre
Ep  13000 | loss 0.0000/19.4463 | acc 1.000/0.008 | pre
Ep  13100 | loss 0.0000/19.4393 | acc 1.000/0.008 | pre
Ep  13200 | loss 0.0000/19.4338 | acc 1.000/0.008 | pre
Ep  13300 | loss 0.0000/19.4285 | acc 1.000/0.008 | pre
Ep  13400 | loss 0.0000/19.4241 | acc 1.000/0.008 | pre
Ep  13500 | loss 0.0000/19.4193 | acc 1.000/0.008 | pre
Ep  13600 | loss 0.0000/19.4127 | acc 1.000/0.008 | pre
Ep  13700 | loss 0.0000/19.4063 | acc 1.000/0.008 | pre
Ep  13800 | loss 0.0000/19.3990 | acc 1.000/0.008 | pre
Ep  13900 | loss 0.0000/19.3921 | acc 1.000/0.008 | pre
Ep  14000 | loss 0.0000/19.3866 | acc 1.000/0.007 | pre
Ep  14100 | loss 0.0000/19.3804 | acc 1.000/0.007 | pre
Ep  14200 | loss 0.0000/19.3739 | acc 1.000/0.007 | pre
Ep  14300 | loss 0.0000/19.3678 | acc 1.000/0.007 | pre
Ep  14400 | loss 0.0000/19.3628 | acc 1.000/0.007 | pre
Ep  14500 | loss 0.0000/19.3585 | acc 1.000/0.008 | pre
Ep  14600 | loss 0.0000/19.3538 | acc 1.000/0.008 | pre
Ep  14700 | loss 0.0000/19.3483 | acc 1.000/0.008 | pre
Ep  14800 | loss 0.0000/19.3439 | acc 1.000/0.008 | pre
Ep  14900 | loss 0.0000/19.3413 | acc 1.000/0.008 | pre
Ep  15000 | loss 0.0000/19.3371 | acc 1.000/0.008 | pre
Ep  15100 | loss 0.0000/19.3322 | acc 1.000/0.008 | pre
Ep  15200 | loss 0.0000/19.3266 | acc 1.000/0.008 | pre
Ep  15300 | loss 0.0000/19.3212 | acc 1.000/0.008 | pre
Ep  15400 | loss 0.0000/19.3155 | acc 1.000/0.008 | pre
Ep  15500 | loss 0.0000/19.3082 | acc 1.000/0.008 | pre
Ep  15600 | loss 0.0000/19.3013 | acc 1.000/0.008 | pre
Ep  15700 | loss 0.0000/19.2969 | acc 1.000/0.008 | pre
Ep  15800 | loss 0.0000/19.2922 | acc 1.000/0.008 | pre
Ep  15900 | loss 0.0000/19.2866 | acc 1.000/0.008 | pre
Ep  16000 | loss 0.0000/19.2813 | acc 1.000/0.008 | pre
Ep  16100 | loss 0.0000/19.2750 | acc 1.000/0.008 | pre
Ep  16200 | loss 0.0000/19.2691 | acc 1.000/0.008 | pre
Ep  16300 | loss 0.0000/19.2637 | acc 1.000/0.008 | pre
Ep  16400 | loss 0.0000/19.2589 | acc 1.000/0.008 | pre
Ep  16500 | loss 0.0000/19.2540 | acc 1.000/0.008 | pre
Ep  16600 | loss 0.0000/19.2490 | acc 1.000/0.008 | pre
Ep  16700 | loss 0.0000/19.2433 | acc 1.000/0.008 | pre
Ep  16800 | loss 0.0000/19.2376 | acc 1.000/0.008 | pre
Ep  16900 | loss 0.0000/19.2324 | acc 1.000/0.008 | pre
Ep  17000 | loss 0.0000/19.2271 | acc 1.000/0.008 | pre
Ep  17100 | loss 0.0000/19.2218 | acc 1.000/0.008 | pre
Ep  17200 | loss 0.0000/19.2165 | acc 1.000/0.008 | pre
Ep  17300 | loss 0.0000/19.2104 | acc 1.000/0.008 | pre
Ep  17400 | loss 0.0000/19.2046 | acc 1.000/0.008 | pre
Ep  17500 | loss 0.0000/19.1996 | acc 1.000/0.008 | pre
Ep  17600 | loss 0.0000/19.1943 | acc 1.000/0.008 | pre
Ep  17700 | loss 0.0000/19.1886 | acc 1.000/0.008 | pre
Ep  17800 | loss 0.0000/19.1835 | acc 1.000/0.008 | pre
Ep  17900 | loss 0.0000/19.1783 | acc 1.000/0.008 | pre
Ep  18000 | loss 0.0000/19.1734 | acc 1.000/0.008 | pre
Ep  18100 | loss 0.0000/19.1687 | acc 1.000/0.008 | pre
Ep  18200 | loss 0.0000/19.1640 | acc 1.000/0.008 | pre
Ep  18300 | loss 0.0000/19.1603 | acc 1.000/0.008 | pre
Ep  18400 | loss 0.0000/19.1561 | acc 1.000/0.008 | pre
Ep  18500 | loss 0.0000/19.1525 | acc 1.000/0.008 | pre
Ep  18600 | loss 0.0000/19.1474 | acc 1.000/0.008 | pre
Ep  18700 | loss 0.0000/19.1431 | acc 1.000/0.008 | pre
Ep  18800 | loss 0.0000/19.1384 | acc 1.000/0.008 | pre
Ep  18900 | loss 0.0000/19.1331 | acc 1.000/0.008 | pre
Ep  19000 | loss 0.0000/19.1282 | acc 1.000/0.008 | pre
Ep  19100 | loss 0.0000/19.1241 | acc 1.000/0.008 | pre
Ep  19200 | loss 0.0000/19.1205 | acc 1.000/0.008 | pre
Ep  19300 | loss 0.0000/19.1173 | acc 1.000/0.008 | pre
Ep  19400 | loss 0.0000/19.1135 | acc 1.000/0.008 | pre
Ep  19500 | loss 0.0000/19.1099 | acc 1.000/0.008 | pre
Ep  19600 | loss 0.0000/19.1049 | acc 1.000/0.008 | pre
Ep  19700 | loss 0.0000/19.1005 | acc 1.000/0.008 | pre
Ep  19800 | loss 0.0000/19.0958 | acc 1.000/0.008 | pre
Ep  19900 | loss 0.0000/19.0916 | acc 1.000/0.008 | pre
Ep  20000 | loss 0.0000/19.0870 | acc 1.000/0.009 | pre
Ep  20100 | loss 0.0000/19.0819 | acc 1.000/0.008 | pre
Ep  20200 | loss 0.0000/19.0766 | acc 1.000/0.008 | pre
Ep  20300 | loss 0.0000/19.0716 | acc 1.000/0.008 | pre
Ep  20400 | loss 0.0000/19.0670 | acc 1.000/0.008 | pre
Ep  20500 | loss 0.0000/19.0640 | acc 1.000/0.008 | pre
Ep  20600 | loss 0.0000/19.0606 | acc 1.000/0.008 | pre
Ep  20700 | loss 0.0000/19.0567 | acc 1.000/0.008 | pre
Ep  20800 | loss 0.0000/19.0522 | acc 1.000/0.008 | pre
Ep  20900 | loss 0.0000/19.0479 | acc 1.000/0.008 | pre
Ep  21000 | loss 0.0000/19.0437 | acc 1.000/0.008 | pre
Ep  21100 | loss 0.0000/19.0400 | acc 1.000/0.008 | pre
Ep  21200 | loss 0.0000/19.0359 | acc 1.000/0.008 | pre
Ep  21300 | loss 0.0000/19.0327 | acc 1.000/0.008 | pre
Ep  21400 | loss 0.0000/19.0293 | acc 1.000/0.008 | pre
Ep  21500 | loss 0.0000/19.0256 | acc 1.000/0.008 | pre
Ep  21600 | loss 0.0000/19.0229 | acc 1.000/0.008 | pre
Ep  21700 | loss 0.0000/19.0194 | acc 1.000/0.008 | pre
Ep  21800 | loss 0.0000/19.0164 | acc 1.000/0.008 | pre
Ep  21900 | loss 0.0000/19.0135 | acc 1.000/0.008 | pre
Ep  22000 | loss 0.0000/19.0106 | acc 1.000/0.008 | pre
Ep  22100 | loss 0.0000/19.0078 | acc 1.000/0.008 | pre
Ep  22200 | loss 0.0000/19.0045 | acc 1.000/0.008 | pre
Ep  22300 | loss 0.0000/19.0013 | acc 1.000/0.008 | pre
Ep  22400 | loss 0.0000/18.9986 | acc 1.000/0.008 | pre
Ep  22500 | loss 0.0000/18.9958 | acc 1.000/0.008 | pre
Ep  22600 | loss 0.0000/18.9925 | acc 1.000/0.008 | pre
Ep  22700 | loss 0.0000/18.9898 | acc 1.000/0.008 | pre
Ep  22800 | loss 0.0000/18.9874 | acc 1.000/0.008 | pre
Ep  22900 | loss 0.0000/18.9839 | acc 1.000/0.008 | pre
Ep  23000 | loss 0.0000/18.9802 | acc 1.000/0.008 | pre
Ep  23100 | loss 0.0000/18.9764 | acc 1.000/0.008 | pre
Ep  23200 | loss 0.0000/18.9727 | acc 1.000/0.008 | pre
Ep  23300 | loss 0.0000/18.9690 | acc 1.000/0.008 | pre
Ep  23400 | loss 0.0000/18.9657 | acc 1.000/0.008 | pre
Ep  23500 | loss 0.0000/18.9624 | acc 1.000/0.008 | pre
Ep  23600 | loss 0.0000/18.9582 | acc 1.000/0.008 | pre
Ep  23700 | loss 0.0000/18.9539 | acc 1.000/0.008 | pre
Ep  23800 | loss 0.0000/18.9504 | acc 1.000/0.008 | pre
Ep  23900 | loss 0.0000/18.9472 | acc 1.000/0.008 | pre
Ep  24000 | loss 0.0000/18.9446 | acc 1.000/0.008 | pre
Ep  24100 | loss 0.0000/18.9425 | acc 1.000/0.008 | pre
Ep  24200 | loss 0.0000/18.9388 | acc 1.000/0.008 | pre
Ep  24300 | loss 0.0000/18.9341 | acc 1.000/0.008 | pre
Ep  24400 | loss 0.0000/18.9306 | acc 1.000/0.008 | pre
Ep  24500 | loss 0.0000/18.9263 | acc 1.000/0.008 | pre
Ep  24600 | loss 0.0000/18.9225 | acc 1.000/0.008 | pre
Ep  24700 | loss 0.0000/18.9187 | acc 1.000/0.008 | pre
Ep  24800 | loss 0.0000/18.9148 | acc 1.000/0.008 | pre
Ep  24900 | loss 0.0000/18.9115 | acc 1.000/0.008 | pre
Ep  25000 | loss 0.0000/18.9081 | acc 1.000/0.008 | pre
Ep  25100 | loss 0.0000/18.9057 | acc 1.000/0.008 | pre
Ep  25200 | loss 0.0000/18.9038 | acc 1.000/0.008 | pre
Ep  25300 | loss 0.0000/18.9017 | acc 1.000/0.008 | pre
Ep  25400 | loss 0.0000/18.8994 | acc 1.000/0.008 | pre
Ep  25500 | loss 0.0000/18.8966 | acc 1.000/0.008 | pre
Ep  25600 | loss 0.0000/18.8937 | acc 1.000/0.008 | pre
Ep  25700 | loss 0.0000/18.8908 | acc 1.000/0.008 | pre
Ep  25800 | loss 0.0000/18.8876 | acc 1.000/0.007 | pre
Ep  25900 | loss 0.0000/18.8841 | acc 1.000/0.007 | pre
Ep  26000 | loss 0.0000/18.8803 | acc 1.000/0.008 | pre
Ep  26100 | loss 0.0000/18.8770 | acc 1.000/0.007 | pre
Ep  26200 | loss 0.0000/18.8736 | acc 1.000/0.007 | pre
Ep  26300 | loss 0.0000/18.8702 | acc 1.000/0.007 | pre
Ep  26400 | loss 0.0000/18.8674 | acc 1.000/0.007 | pre
Ep  26500 | loss 0.0000/18.8645 | acc 1.000/0.007 | pre
Ep  26600 | loss 0.0000/18.8616 | acc 1.000/0.007 | pre
Ep  26700 | loss 0.0000/18.8580 | acc 1.000/0.008 | pre
Ep  26800 | loss 0.0000/18.8546 | acc 1.000/0.008 | pre
Ep  26900 | loss 0.0000/18.8520 | acc 1.000/0.007 | pre
Ep  27000 | loss 0.0000/18.8498 | acc 1.000/0.007 | pre
Ep  27100 | loss 0.0000/18.8478 | acc 1.000/0.008 | pre
Ep  27200 | loss 0.0000/18.8439 | acc 1.000/0.008 | pre
Ep  27300 | loss 0.0000/18.8405 | acc 1.000/0.008 | pre
Ep  27400 | loss 0.0000/18.8381 | acc 1.000/0.008 | pre
Ep  27500 | loss 0.0000/18.8362 | acc 1.000/0.008 | pre
Ep  27600 | loss 0.0000/18.8341 | acc 1.000/0.008 | pre
Ep  27700 | loss 0.0000/18.8321 | acc 1.000/0.008 | pre
Ep  27800 | loss 0.0000/18.8283 | acc 1.000/0.008 | pre
Ep  27900 | loss 0.0000/18.8259 | acc 1.000/0.007 | pre
Ep  28000 | loss 0.0000/18.8243 | acc 1.000/0.007 | pre
Ep  28100 | loss 0.0000/18.8221 | acc 1.000/0.007 | pre
Ep  28200 | loss 0.0000/18.8193 | acc 1.000/0.007 | pre
Ep  28300 | loss 0.0000/18.8170 | acc 1.000/0.007 | pre
Ep  28400 | loss 0.0000/18.8151 | acc 1.000/0.008 | pre
Ep  28500 | loss 0.0000/18.8136 | acc 1.000/0.008 | pre
Ep  28600 | loss 0.0000/18.8113 | acc 1.000/0.007 | pre
Ep  28700 | loss 0.0000/18.8089 | acc 1.000/0.007 | pre
Ep  28800 | loss 0.0000/18.8066 | acc 1.000/0.007 | pre
Ep  28900 | loss 0.0000/18.8044 | acc 1.000/0.007 | pre
Ep  29000 | loss 0.0000/18.8024 | acc 1.000/0.007 | pre
Ep  29100 | loss 0.0000/18.8002 | acc 1.000/0.008 | pre
Ep  29200 | loss 0.0000/18.7978 | acc 1.000/0.008 | pre
Ep  29300 | loss 0.0000/18.7950 | acc 1.000/0.008 | pre
Ep  29400 | loss 0.0000/18.7921 | acc 1.000/0.008 | pre
Ep  29500 | loss 0.0000/18.7887 | acc 1.000/0.007 | pre
Ep  29600 | loss 0.0000/18.7862 | acc 1.000/0.007 | pre
Ep  29700 | loss 0.0000/18.7849 | acc 1.000/0.007 | pre
Ep  29800 | loss 0.0000/18.7825 | acc 1.000/0.007 | pre
Ep  29900 | loss 0.0000/18.7808 | acc 1.000/0.008 | pre
Ep  30000 | loss 0.0000/18.7792 | acc 1.000/0.008 | pre
Ep  30100 | loss 0.0000/18.7773 | acc 1.000/0.008 | pre
Ep  30200 | loss 0.0000/18.7758 | acc 1.000/0.008 | pre
Ep  30300 | loss 0.0000/18.7738 | acc 1.000/0.008 | pre
Ep  30400 | loss 0.0000/18.7720 | acc 1.000/0.007 | pre
Ep  30500 | loss 0.0000/18.7698 | acc 1.000/0.007 | pre
Ep  30600 | loss 0.0000/18.7681 | acc 1.000/0.007 | pre
Ep  30700 | loss 0.0000/18.7666 | acc 1.000/0.007 | pre
Ep  30800 | loss 0.0000/18.7647 | acc 1.000/0.007 | pre
Ep  30900 | loss 0.0000/18.7624 | acc 1.000/0.007 | pre
Ep  31000 | loss 0.0000/18.7596 | acc 1.000/0.007 | pre
Ep  31100 | loss 0.0000/18.7563 | acc 1.000/0.007 | pre
Ep  31200 | loss 0.0000/18.7536 | acc 1.000/0.007 | pre
Ep  31300 | loss 0.0000/18.7517 | acc 1.000/0.008 | pre
Ep  31400 | loss 0.0000/18.7502 | acc 1.000/0.007 | pre
Ep  31500 | loss 0.0000/18.7481 | acc 1.000/0.007 | pre
Ep  31600 | loss 0.0000/18.7458 | acc 1.000/0.007 | pre
Ep  31700 | loss 0.0000/18.7437 | acc 1.000/0.007 | pre
Ep  31800 | loss 0.0000/18.7420 | acc 1.000/0.007 | pre
Ep  31900 | loss 0.0000/18.7398 | acc 1.000/0.007 | pre
Ep  32000 | loss 0.0000/18.7374 | acc 1.000/0.007 | pre
Ep  32100 | loss 0.0000/18.7348 | acc 1.000/0.007 | pre
Ep  32200 | loss 0.0000/18.7333 | acc 1.000/0.008 | pre
Ep  32300 | loss 0.0000/18.7319 | acc 1.000/0.008 | pre
Ep  32400 | loss 0.0000/18.7304 | acc 1.000/0.007 | pre
Ep  32500 | loss 0.0000/18.7290 | acc 1.000/0.008 | pre
Ep  32600 | loss 0.0000/18.7274 | acc 1.000/0.008 | pre
Ep  32700 | loss 0.0000/18.7252 | acc 1.000/0.008 | pre
Ep  32800 | loss 0.0000/18.7225 | acc 1.000/0.008 | pre
Ep  32900 | loss 0.0000/18.7195 | acc 1.000/0.008 | pre
Ep  33000 | loss 0.0000/18.7161 | acc 1.000/0.008 | pre
Ep  33100 | loss 0.0000/18.7124 | acc 1.000/0.007 | pre
Ep  33200 | loss 0.0000/18.7092 | acc 1.000/0.007 | pre
Ep  33300 | loss 0.0000/18.7067 | acc 1.000/0.007 | pre
Ep  33400 | loss 0.0000/18.7050 | acc 1.000/0.007 | pre
Ep  33500 | loss 0.0000/18.7033 | acc 1.000/0.008 | pre
Ep  33600 | loss 0.0000/18.7014 | acc 1.000/0.008 | pre
Ep  33700 | loss 0.0000/18.6994 | acc 1.000/0.008 | pre
Ep  33800 | loss 0.0000/18.6974 | acc 1.000/0.008 | pre
Ep  33900 | loss 0.0000/18.6955 | acc 1.000/0.008 | pre
Ep  34000 | loss 0.0000/18.6937 | acc 1.000/0.008 | pre
Ep  34100 | loss 0.0000/18.6915 | acc 1.000/0.008 | pre
Ep  34200 | loss 0.0000/18.6892 | acc 1.000/0.008 | pre
Ep  34300 | loss 0.0000/18.6868 | acc 1.000/0.008 | pre
Ep  34400 | loss 0.0000/18.6850 | acc 1.000/0.008 | pre
Ep  34500 | loss 0.0000/18.6831 | acc 1.000/0.008 | pre
Ep  34600 | loss 0.0000/18.6807 | acc 1.000/0.008 | pre
Ep  34700 | loss 0.0000/18.6789 | acc 1.000/0.007 | pre
Ep  34800 | loss 0.0000/18.6773 | acc 1.000/0.008 | pre
Ep  34900 | loss 0.0000/18.6758 | acc 1.000/0.008 | pre
Ep  35000 | loss 0.0000/18.6743 | acc 1.000/0.008 | pre
Ep  35100 | loss 0.0000/18.6724 | acc 1.000/0.008 | pre
Ep  35200 | loss 0.0000/18.6700 | acc 1.000/0.008 | pre
Ep  35300 | loss 0.0000/18.6680 | acc 1.000/0.008 | pre
Ep  35400 | loss 0.0000/18.6662 | acc 1.000/0.008 | pre
Ep  35500 | loss 0.0000/18.6640 | acc 1.000/0.008 | pre
Ep  35600 | loss 0.0000/18.6618 | acc 1.000/0.008 | pre
Ep  35700 | loss 0.0000/18.6601 | acc 1.000/0.008 | pre
Ep  35800 | loss 0.0000/18.6592 | acc 1.000/0.008 | pre
Ep  35900 | loss 0.0000/18.6587 | acc 1.000/0.008 | pre
Ep  36000 | loss 0.0000/18.6577 | acc 1.000/0.008 | pre
Ep  36100 | loss 0.0000/18.6559 | acc 1.000/0.008 | pre
Ep  36200 | loss 0.0000/18.6537 | acc 1.000/0.008 | pre
Ep  36300 | loss 0.0000/18.6514 | acc 1.000/0.008 | pre
Ep  36400 | loss 0.0000/18.6490 | acc 1.000/0.008 | pre
Ep  36500 | loss 0.0000/18.6462 | acc 1.000/0.008 | pre
Ep  36600 | loss 0.0000/18.6439 | acc 1.000/0.008 | pre
Ep  36700 | loss 0.0000/18.6421 | acc 1.000/0.008 | pre
Ep  36800 | loss 0.0000/18.6399 | acc 1.000/0.008 | pre
Ep  36900 | loss 0.0000/18.6380 | acc 1.000/0.008 | pre
Ep  37000 | loss 0.0000/18.6358 | acc 1.000/0.008 | pre
Ep  37100 | loss 0.0000/18.6337 | acc 1.000/0.008 | pre
Ep  37200 | loss 0.0000/18.6314 | acc 1.000/0.008 | pre
Ep  37300 | loss 0.0000/18.6295 | acc 1.000/0.008 | pre
Ep  37400 | loss 0.0000/18.6277 | acc 1.000/0.008 | pre
Ep  37500 | loss 0.0000/18.6263 | acc 1.000/0.008 | pre
Ep  37600 | loss 0.0000/18.6242 | acc 1.000/0.008 | pre
Ep  37700 | loss 0.0000/18.6226 | acc 1.000/0.008 | pre
Ep  37800 | loss 0.0000/18.6213 | acc 1.000/0.008 | pre
Ep  37900 | loss 0.0000/18.6199 | acc 1.000/0.008 | pre
Ep  38000 | loss 0.0000/18.6183 | acc 1.000/0.008 | pre
Ep  38100 | loss 0.0000/18.6168 | acc 1.000/0.008 | pre
Ep  38200 | loss 0.0000/18.6150 | acc 1.000/0.008 | pre
Ep  38300 | loss 0.0000/18.6123 | acc 1.000/0.008 | pre
Ep  38400 | loss 0.0000/18.6099 | acc 1.000/0.008 | pre
Ep  38500 | loss 0.0000/18.6080 | acc 1.000/0.008 | pre
Ep  38600 | loss 0.0000/18.6064 | acc 1.000/0.008 | pre
Ep  38700 | loss 0.0000/18.6044 | acc 1.000/0.008 | pre
Ep  38800 | loss 0.0000/18.6032 | acc 1.000/0.008 | pre
Ep  38900 | loss 0.0000/18.6014 | acc 1.000/0.008 | pre
Ep  39000 | loss 0.0000/18.5992 | acc 1.000/0.008 | pre
Ep  39100 | loss 0.0000/18.5976 | acc 1.000/0.008 | pre
Ep  39200 | loss 0.0000/18.5965 | acc 1.000/0.008 | pre
Ep  39300 | loss 0.0000/18.5945 | acc 1.000/0.008 | pre
Ep  39400 | loss 0.0000/18.5934 | acc 1.000/0.008 | pre
Ep  39500 | loss 0.0000/18.5923 | acc 1.000/0.008 | pre
Ep  39600 | loss 0.0000/18.5913 | acc 1.000/0.008 | pre
Ep  39700 | loss 0.0000/18.5902 | acc 1.000/0.008 | pre
Ep  39800 | loss 0.0000/18.5891 | acc 1.000/0.008 | pre
Ep  39900 | loss 0.0000/18.5873 | acc 1.000/0.008 | pre
Ep  40000 | loss 0.0000/18.5862 | acc 1.000/0.008 | pre
Ep  40100 | loss 0.0000/18.5843 | acc 1.000/0.008 | pre
Ep  40200 | loss 0.0000/18.5822 | acc 1.000/0.008 | pre
Ep  40300 | loss 0.0000/18.5797 | acc 1.000/0.008 | pre
Ep  40400 | loss 0.0000/18.5776 | acc 1.000/0.008 | pre
Ep  40500 | loss 0.0000/18.5754 | acc 1.000/0.008 | pre
Ep  40600 | loss 0.0000/18.5733 | acc 1.000/0.008 | pre
Ep  40700 | loss 0.0000/18.5716 | acc 1.000/0.008 | pre
Ep  40800 | loss 0.0000/18.5697 | acc 1.000/0.008 | pre
Ep  40900 | loss 0.0000/18.5676 | acc 1.000/0.008 | pre
Ep  41000 | loss 0.0000/18.5651 | acc 1.000/0.008 | pre
Ep  41100 | loss 0.0000/18.5628 | acc 1.000/0.008 | pre
Ep  41200 | loss 0.0000/18.5606 | acc 1.000/0.008 | pre
Ep  41300 | loss 0.0000/18.5589 | acc 1.000/0.008 | pre
Ep  41400 | loss 0.0000/18.5575 | acc 1.000/0.008 | pre
Ep  41500 | loss 0.0000/18.5562 | acc 1.000/0.008 | pre
Ep  41600 | loss 0.0000/18.5549 | acc 1.000/0.008 | pre
Ep  41700 | loss 0.0000/18.5537 | acc 1.000/0.008 | pre
Ep  41800 | loss 0.0000/18.5526 | acc 1.000/0.008 | pre
Ep  41900 | loss 0.0000/18.5513 | acc 1.000/0.008 | pre
Ep  42000 | loss 0.0000/18.5497 | acc 1.000/0.008 | pre
Ep  42100 | loss 0.0000/18.5484 | acc 1.000/0.008 | pre
Ep  42200 | loss 0.0000/18.5471 | acc 1.000/0.008 | pre
Ep  42300 | loss 0.0000/18.5457 | acc 1.000/0.008 | pre
Ep  42400 | loss 0.0000/18.5442 | acc 1.000/0.008 | pre
Ep  42500 | loss 0.0000/18.5422 | acc 1.000/0.008 | pre
Ep  42600 | loss 0.0000/18.5403 | acc 1.000/0.008 | pre
Ep  42700 | loss 0.0000/18.5391 | acc 1.000/0.008 | pre
Ep  42800 | loss 0.0000/18.5380 | acc 1.000/0.008 | pre
Ep  42900 | loss 0.0000/18.5368 | acc 1.000/0.008 | pre
Ep  43000 | loss 0.0000/18.5355 | acc 1.000/0.008 | pre
Ep  43100 | loss 0.0000/18.5349 | acc 1.000/0.008 | pre
Ep  43200 | loss 0.0000/18.5343 | acc 1.000/0.008 | pre
Ep  43300 | loss 0.0000/18.5335 | acc 1.000/0.008 | pre
Ep  43400 | loss 0.0000/18.5325 | acc 1.000/0.008 | pre
Ep  43500 | loss 0.0000/18.5313 | acc 1.000/0.008 | pre
Ep  43600 | loss 0.0000/18.5309 | acc 1.000/0.008 | pre
Ep  43700 | loss 0.0000/18.5304 | acc 1.000/0.008 | pre
Ep  43800 | loss 0.0000/18.5292 | acc 1.000/0.008 | pre
Ep  43900 | loss 0.0000/18.5278 | acc 1.000/0.008 | pre
Ep  44000 | loss 0.0000/18.5263 | acc 1.000/0.008 | pre
Ep  44100 | loss 0.0000/18.5245 | acc 1.000/0.008 | pre
Ep  44200 | loss 0.0000/18.5228 | acc 1.000/0.008 | pre
Ep  44300 | loss 0.0000/18.5216 | acc 1.000/0.008 | pre
Ep  44400 | loss 0.0000/18.5203 | acc 1.000/0.008 | pre
Ep  44500 | loss 0.0000/18.5192 | acc 1.000/0.008 | pre
Ep  44600 | loss 0.0000/18.5179 | acc 1.000/0.008 | pre
Ep  44700 | loss 0.0000/18.5160 | acc 1.000/0.008 | pre
Ep  44800 | loss 0.0000/18.5149 | acc 1.000/0.008 | pre
Ep  44900 | loss 0.0000/18.5138 | acc 1.000/0.008 | pre
Ep  45000 | loss 0.0000/18.5131 | acc 1.000/0.008 | pre
Ep  45100 | loss 0.0000/18.5135 | acc 1.000/0.008 | pre
Ep  45200 | loss 0.0000/18.5129 | acc 1.000/0.008 | pre
Ep  45300 | loss 0.0000/18.5124 | acc 1.000/0.008 | pre
Ep  45400 | loss 0.0000/18.5120 | acc 1.000/0.008 | pre
Ep  45500 | loss 0.0000/18.5114 | acc 1.000/0.008 | pre
Ep  45600 | loss 0.0000/18.5112 | acc 1.000/0.008 | pre
Ep  45700 | loss 0.0000/18.5103 | acc 1.000/0.008 | pre
Ep  45800 | loss 0.0000/18.5093 | acc 1.000/0.008 | pre
Ep  45900 | loss 0.0000/18.5084 | acc 1.000/0.008 | pre
Ep  46000 | loss 0.0000/18.5070 | acc 1.000/0.008 | pre
Ep  46100 | loss 0.0000/18.5047 | acc 1.000/0.008 | pre
Ep  46200 | loss 0.0000/18.5033 | acc 1.000/0.008 | pre
Ep  46300 | loss 0.0000/18.5013 | acc 1.000/0.007 | pre
Ep  46400 | loss 0.0000/18.4996 | acc 1.000/0.007 | pre
Ep  46500 | loss 0.0000/18.4977 | acc 1.000/0.007 | pre
Ep  46600 | loss 0.0000/18.4961 | acc 1.000/0.007 | pre
Ep  46700 | loss 0.0000/18.4945 | acc 1.000/0.007 | pre
Ep  46800 | loss 0.0000/18.4926 | acc 1.000/0.007 | pre
Ep  46900 | loss 0.0000/18.4914 | acc 1.000/0.007 | pre
Ep  47000 | loss 0.0000/18.4902 | acc 1.000/0.007 | pre
Ep  47100 | loss 0.0000/18.4889 | acc 1.000/0.008 | pre
Ep  47200 | loss 0.0000/18.4875 | acc 1.000/0.007 | pre
Ep  47300 | loss 0.0000/18.4862 | acc 1.000/0.007 | pre
Ep  47400 | loss 0.0000/18.4852 | acc 1.000/0.008 | pre
Ep  47500 | loss 0.0000/18.4839 | acc 1.000/0.008 | pre
Ep  47600 | loss 0.0000/18.4833 | acc 1.000/0.008 | pre
Ep  47700 | loss 0.0000/18.4824 | acc 1.000/0.008 | pre
Ep  47800 | loss 0.0000/18.4816 | acc 1.000/0.008 | pre
Ep  47900 | loss 0.0000/18.4802 | acc 1.000/0.008 | pre
Ep  48000 | loss 0.0000/18.4787 | acc 1.000/0.008 | pre
Ep  48100 | loss 0.0000/18.4779 | acc 1.000/0.008 | pre
Ep  48200 | loss 0.0000/18.4773 | acc 1.000/0.008 | pre
Ep  48300 | loss 0.0000/18.4761 | acc 1.000/0.008 | pre
Ep  48400 | loss 0.0000/18.4739 | acc 1.000/0.008 | pre
Ep  48500 | loss 0.0000/18.4726 | acc 1.000/0.008 | pre
Ep  48600 | loss 0.0000/18.4717 | acc 1.000/0.008 | pre
Ep  48700 | loss 0.0000/18.4701 | acc 1.000/0.008 | pre
Ep  48800 | loss 0.0000/18.4681 | acc 1.000/0.008 | pre
Ep  48900 | loss 0.0000/18.4661 | acc 1.000/0.008 | pre
Ep  49000 | loss 0.0000/18.4649 | acc 1.000/0.008 | pre
Ep  49100 | loss 0.0000/18.4639 | acc 1.000/0.008 | pre
Ep  49200 | loss 0.0000/18.4626 | acc 1.000/0.008 | pre
Ep  49300 | loss 0.0000/18.4622 | acc 1.000/0.008 | pre
Ep  49400 | loss 0.0000/18.4617 | acc 1.000/0.008 | pre
Ep  49500 | loss 0.0000/18.4612 | acc 1.000/0.007 | pre
Ep  49600 | loss 0.0000/18.4610 | acc 1.000/0.007 | pre
Ep  49700 | loss 0.0000/18.4604 | acc 1.000/0.007 | pre
Ep  49800 | loss 0.0000/18.4593 | acc 1.000/0.007 | pre
Ep  49900 | loss 0.0000/18.4578 | acc 1.000/0.007 | pre

Results saved to results\mlp_x3xy2y/
Final test accuracy: 0.0074
Grokking did not occur in this run.
