C:\Projects\Programming\6700\grok\grok_impl\metrics.py:404: UserWarning: torch.linalg.svd: During SVD computation with the selected cusolver driver, batches 0 failed to converge. A more accurate method will be used to compute the SVD as a fallback. Check doc at https://pytorch.org/docs/stable/generated/torch.linalg.svd.html (Triggered internally at C:\actions-runner\_work\pytorch\pytorch\pytorch\aten\src\ATen\native\cuda\linalg\BatchLinearAlgebraLib.cpp:696.)
  S = torch.linalg.svdvals(acts_c)
Task: x3xy2y mod 113
Model: transformer  |  Train: 3830  Test: 8939
Optimizer: AdamW lr=0.001 wd=1.0 betas=(0.9,0.98)
Ep      0 | loss 4.9073/4.9090 | acc 0.008/0.008 | pre
Ep    100 | loss 1.7308/8.8612 | acc 0.551/0.011 | pre
Ep    200 | loss 0.0435/21.2012 | acc 0.987/0.011 | pre
Ep    300 | loss 0.0208/21.3452 | acc 0.992/0.010 | pre
Ep    400 | loss 0.0123/21.2585 | acc 0.996/0.011 | pre
Ep    500 | loss 0.0070/21.7224 | acc 0.997/0.011 | pre
Ep    600 | loss 0.0039/21.3932 | acc 0.999/0.010 | pre
Ep    700 | loss 0.0018/22.5522 | acc 0.999/0.010 | pre
Ep    800 | loss 0.0008/23.9659 | acc 1.000/0.010 | pre
Ep    900 | loss 0.0006/25.4590 | acc 1.000/0.010 | pre
Ep   1000 | loss 0.0004/27.0360 | acc 1.000/0.010 | pre
Ep   1100 | loss 0.0004/28.6488 | acc 1.000/0.010 | pre
Ep   1200 | loss 0.0004/30.1977 | acc 1.000/0.010 | pre
Ep   1300 | loss 0.0010/28.0321 | acc 1.000/0.009 | pre
Ep   1400 | loss 0.0013/20.7340 | acc 1.000/0.010 | pre
Ep   1500 | loss 0.0005/22.0885 | acc 1.000/0.009 | pre
Ep   1600 | loss 0.0002/23.8541 | acc 1.000/0.009 | pre
Ep   1700 | loss 0.0001/25.6787 | acc 1.000/0.009 | pre
Ep   1800 | loss 0.0000/27.5088 | acc 1.000/0.009 | pre
Ep   1900 | loss 0.0000/29.2677 | acc 1.000/0.009 | pre
Ep   2000 | loss 0.0000/30.8681 | acc 1.000/0.009 | pre
Ep   2100 | loss 0.0000/32.2186 | acc 1.000/0.009 | pre
Ep   2200 | loss 0.0000/33.1539 | acc 1.000/0.009 | pre
Ep   2300 | loss 0.0000/33.5257 | acc 1.000/0.009 | pre
Ep   2400 | loss 0.0000/33.4404 | acc 1.000/0.008 | pre
Ep   2500 | loss 0.0000/33.2395 | acc 1.000/0.009 | pre
Ep   2600 | loss 0.0000/33.0618 | acc 1.000/0.008 | pre
Ep   2700 | loss 0.0000/32.9291 | acc 1.000/0.009 | pre
Ep   2800 | loss 0.0000/32.8418 | acc 1.000/0.009 | pre
Ep   2900 | loss 0.0000/32.8336 | acc 1.000/0.009 | pre
Ep   3000 | loss 0.0000/32.9475 | acc 1.000/0.009 | pre
Ep   3100 | loss 0.0000/33.0699 | acc 1.000/0.009 | pre
Ep   3200 | loss 0.0000/32.8703 | acc 1.000/0.010 | pre
Ep   3300 | loss 0.0000/32.5963 | acc 1.000/0.009 | pre
Ep   3400 | loss 0.0000/32.4081 | acc 1.000/0.009 | pre
Ep   3500 | loss 0.0000/32.2633 | acc 1.000/0.009 | pre
Ep   3600 | loss 0.0000/32.2441 | acc 1.000/0.009 | pre
Ep   3700 | loss 0.0000/32.1764 | acc 1.000/0.009 | pre
Ep   3800 | loss 0.0000/32.1276 | acc 1.000/0.009 | pre
Ep   3900 | loss 0.0000/32.0031 | acc 1.000/0.009 | pre
Ep   4000 | loss 0.0000/32.0285 | acc 1.000/0.008 | pre
Ep   4100 | loss 0.0000/31.9499 | acc 1.000/0.009 | pre
Ep   4200 | loss 0.0000/31.9138 | acc 1.000/0.009 | pre
Ep   4300 | loss 0.0000/31.8563 | acc 1.000/0.009 | pre
Ep   4400 | loss 0.0000/31.8249 | acc 1.000/0.009 | pre
Ep   4500 | loss 0.0000/31.7695 | acc 1.000/0.009 | pre
Ep   4600 | loss 0.0000/31.7476 | acc 1.000/0.009 | pre
Ep   4700 | loss 0.0000/31.6907 | acc 1.000/0.009 | pre
Ep   4800 | loss 0.0000/31.6279 | acc 1.000/0.009 | pre
Ep   4900 | loss 0.0000/31.6241 | acc 1.000/0.009 | pre
Ep   5000 | loss 0.0000/31.5557 | acc 1.000/0.009 | pre
Ep   5100 | loss 0.0000/31.5418 | acc 1.000/0.009 | pre
Ep   5200 | loss 0.0000/31.5021 | acc 1.000/0.009 | pre
Ep   5300 | loss 0.0000/31.4667 | acc 1.000/0.009 | pre
Ep   5400 | loss 0.0000/31.4227 | acc 1.000/0.009 | pre
Ep   5500 | loss 0.0000/31.4230 | acc 1.000/0.009 | pre
Ep   5600 | loss 0.0000/31.3767 | acc 1.000/0.010 | pre
Ep   5700 | loss 0.0000/31.3370 | acc 1.000/0.009 | pre
Ep   5800 | loss 0.0000/31.3205 | acc 1.000/0.009 | pre
Ep   5900 | loss 0.0000/31.2502 | acc 1.000/0.010 | pre
Ep   6000 | loss 0.0000/31.2881 | acc 1.000/0.009 | pre
Ep   6100 | loss 0.0000/31.2622 | acc 1.000/0.010 | pre
Ep   6200 | loss 0.0000/31.1981 | acc 1.000/0.010 | pre
Ep   6300 | loss 0.0000/31.1409 | acc 1.000/0.010 | pre
Ep   6400 | loss 0.0000/31.1386 | acc 1.000/0.010 | pre
Ep   6500 | loss 0.0000/31.1370 | acc 1.000/0.009 | pre
Ep   6600 | loss 0.0000/31.0804 | acc 1.000/0.010 | pre
Ep   6700 | loss 0.0000/31.0752 | acc 1.000/0.010 | pre
Ep   6800 | loss 0.0000/31.0431 | acc 1.000/0.010 | pre
Ep   6900 | loss 0.0000/31.0153 | acc 1.000/0.010 | pre
Ep   7000 | loss 0.0000/31.0373 | acc 1.000/0.010 | pre
Ep   7100 | loss 0.0000/31.0026 | acc 1.000/0.010 | pre
Ep   7200 | loss 0.0000/30.9517 | acc 1.000/0.010 | pre
Ep   7300 | loss 0.0000/30.9460 | acc 1.000/0.010 | pre
Ep   7400 | loss 0.0000/30.9503 | acc 1.000/0.010 | pre
Ep   7500 | loss 0.0000/30.8923 | acc 1.000/0.010 | pre
Ep   7600 | loss 0.0000/30.9260 | acc 1.000/0.010 | pre
Ep   7700 | loss 0.0000/30.8923 | acc 1.000/0.010 | pre
Ep   7800 | loss 0.0000/30.8629 | acc 1.000/0.010 | pre
Ep   7900 | loss 0.0000/30.8576 | acc 1.000/0.010 | pre
Ep   8000 | loss 0.0000/30.8224 | acc 1.000/0.010 | pre
Ep   8100 | loss 0.0000/30.7867 | acc 1.000/0.010 | pre
Ep   8200 | loss 0.0000/30.8161 | acc 1.000/0.011 | pre
Ep   8300 | loss 0.0000/30.7844 | acc 1.000/0.010 | pre
Ep   8400 | loss 0.0000/30.7729 | acc 1.000/0.010 | pre
Ep   8500 | loss 0.0000/30.7619 | acc 1.000/0.010 | pre
Ep   8600 | loss 0.0000/30.7428 | acc 1.000/0.010 | pre
Ep   8700 | loss 0.0000/30.7204 | acc 1.000/0.010 | pre
Ep   8800 | loss 0.0000/30.7073 | acc 1.000/0.010 | pre
Ep   8900 | loss 0.0000/30.7068 | acc 1.000/0.010 | pre
Ep   9000 | loss 0.0000/30.7161 | acc 1.000/0.010 | pre
Ep   9100 | loss 0.0000/30.6637 | acc 1.000/0.009 | pre
Ep   9200 | loss 0.0000/30.6661 | acc 1.000/0.009 | pre
Ep   9300 | loss 0.0000/30.6886 | acc 1.000/0.009 | pre
Ep   9400 | loss 0.0000/30.6423 | acc 1.000/0.009 | pre
Ep   9500 | loss 0.0000/30.6179 | acc 1.000/0.010 | pre
Ep   9600 | loss 0.0000/30.6549 | acc 1.000/0.009 | pre
Ep   9700 | loss 0.0000/30.5964 | acc 1.000/0.010 | pre
Ep   9800 | loss 0.0000/30.6018 | acc 1.000/0.009 | pre
Ep   9900 | loss 0.0000/30.5534 | acc 1.000/0.009 | pre
Ep  10000 | loss 0.0000/30.5663 | acc 1.000/0.009 | pre
Ep  10100 | loss 0.0000/30.5628 | acc 1.000/0.010 | pre
Ep  10200 | loss 0.0000/30.5542 | acc 1.000/0.010 | pre
Ep  10300 | loss 0.0000/30.5356 | acc 1.000/0.010 | pre
Ep  10400 | loss 0.0000/30.5240 | acc 1.000/0.009 | pre
Ep  10500 | loss 0.0000/30.4916 | acc 1.000/0.009 | pre
Ep  10600 | loss 0.0000/30.4801 | acc 1.000/0.009 | pre
Ep  10700 | loss 0.0000/30.4633 | acc 1.000/0.009 | pre
Ep  10800 | loss 0.0000/30.4953 | acc 1.000/0.009 | pre
Ep  10900 | loss 0.0000/30.4656 | acc 1.000/0.009 | pre
Ep  11000 | loss 0.0000/30.4227 | acc 1.000/0.009 | pre
Ep  11100 | loss 0.0000/30.4516 | acc 1.000/0.009 | pre
Ep  11200 | loss 0.0000/30.4283 | acc 1.000/0.009 | pre
Ep  11300 | loss 0.0000/30.4250 | acc 1.000/0.008 | pre
Ep  11400 | loss 0.0000/30.3958 | acc 1.000/0.009 | pre
Ep  11500 | loss 0.0000/30.3896 | acc 1.000/0.009 | pre
Ep  11600 | loss 0.0000/30.4148 | acc 1.000/0.009 | pre
Ep  11700 | loss 0.0000/30.3885 | acc 1.000/0.009 | pre
Ep  11800 | loss 0.0000/30.3927 | acc 1.000/0.009 | pre
Ep  11900 | loss 0.0000/30.3173 | acc 1.000/0.009 | pre
Ep  12000 | loss 0.0000/30.3178 | acc 1.000/0.009 | pre
Ep  12100 | loss 0.0000/30.3752 | acc 1.000/0.009 | pre
Ep  12200 | loss 0.0000/30.3030 | acc 1.000/0.009 | pre
Ep  12300 | loss 0.0000/30.3003 | acc 1.000/0.009 | pre
Ep  12400 | loss 0.0000/30.3210 | acc 1.000/0.009 | pre
Ep  12500 | loss 0.0000/30.3077 | acc 1.000/0.009 | pre
Ep  12600 | loss 0.0007/21.4141 | acc 1.000/0.010 | pre
Ep  12700 | loss 0.0101/13.3915 | acc 1.000/0.010 | pre
Ep  12800 | loss 0.0108/13.2283 | acc 1.000/0.009 | pre
Ep  12900 | loss 0.0042/14.9219 | acc 1.000/0.009 | pre
Ep  13000 | loss 0.0016/16.7370 | acc 1.000/0.008 | pre
Ep  13100 | loss 0.0006/18.6065 | acc 1.000/0.009 | pre
Ep  13200 | loss 0.0002/20.4970 | acc 1.000/0.009 | pre
Ep  13300 | loss 0.0001/22.3825 | acc 1.000/0.009 | pre
Ep  13400 | loss 0.0000/24.2479 | acc 1.000/0.009 | pre
Ep  13500 | loss 0.0000/26.0571 | acc 1.000/0.009 | pre
Ep  13600 | loss 0.0000/27.7445 | acc 1.000/0.010 | pre
Ep  13700 | loss 0.0000/29.2394 | acc 1.000/0.010 | pre
Ep  13800 | loss 0.0000/30.3931 | acc 1.000/0.010 | pre
Ep  13900 | loss 0.0000/31.0783 | acc 1.000/0.010 | pre
Ep  14000 | loss 0.0000/31.2689 | acc 1.000/0.010 | pre
Ep  14100 | loss 0.0000/30.9856 | acc 1.000/0.009 | pre
Ep  14200 | loss 0.0000/30.4957 | acc 1.000/0.010 | pre
Ep  14300 | loss 0.0420/29.6239 | acc 0.986/0.010 | pre
Ep  14400 | loss 0.0034/16.2222 | acc 1.000/0.009 | pre
Ep  14500 | loss 0.0147/12.6289 | acc 1.000/0.010 | pre
Ep  14600 | loss 0.0067/14.0342 | acc 1.000/0.009 | pre
Ep  14700 | loss 0.0025/15.7917 | acc 1.000/0.009 | pre
Ep  14800 | loss 0.0009/17.6283 | acc 1.000/0.009 | pre
Ep  14900 | loss 0.0003/19.4951 | acc 1.000/0.009 | pre
Ep  15000 | loss 0.0001/21.3680 | acc 1.000/0.009 | pre
Ep  15100 | loss 0.0000/23.2317 | acc 1.000/0.010 | pre
Ep  15200 | loss 0.0000/25.0611 | acc 1.000/0.010 | pre
Ep  15300 | loss 0.0000/26.8141 | acc 1.000/0.009 | pre
Ep  15400 | loss 0.0000/28.4143 | acc 1.000/0.009 | pre
Ep  15500 | loss 0.0000/29.7546 | acc 1.000/0.009 | pre
Ep  15600 | loss 0.0000/30.6894 | acc 1.000/0.009 | pre
Ep  15700 | loss 0.0000/31.0828 | acc 1.000/0.009 | pre
Ep  15800 | loss 0.0000/30.9422 | acc 1.000/0.010 | pre
Ep  15900 | loss 0.0000/30.5500 | acc 1.000/0.009 | pre
Ep  16000 | loss 0.0000/30.2677 | acc 1.000/0.009 | pre
Ep  16100 | loss 0.0000/30.2017 | acc 1.000/0.009 | pre
Ep  16200 | loss 0.0000/30.1177 | acc 1.000/0.008 | pre
Ep  16300 | loss 0.0007/21.0059 | acc 1.000/0.009 | pre
Ep  16400 | loss 0.0108/13.1401 | acc 1.000/0.008 | pre
Ep  16500 | loss 0.0113/12.9616 | acc 1.000/0.009 | pre
Ep  16600 | loss 0.0045/14.5964 | acc 1.000/0.009 | pre
Ep  16700 | loss 0.0017/16.3588 | acc 1.000/0.008 | pre
Ep  16800 | loss 0.0006/18.1809 | acc 1.000/0.009 | pre
Ep  16900 | loss 0.0002/20.0324 | acc 1.000/0.009 | pre
Ep  17000 | loss 0.0001/21.8923 | acc 1.000/0.009 | pre
Ep  17100 | loss 0.0000/23.7372 | acc 1.000/0.009 | pre
Ep  17200 | loss 0.0000/25.5379 | acc 1.000/0.009 | pre
Ep  17300 | loss 0.0000/27.2314 | acc 1.000/0.009 | pre
Ep  17400 | loss 0.0000/28.7362 | acc 1.000/0.009 | pre
Ep  17500 | loss 0.0000/29.9285 | acc 1.000/0.009 | pre
Ep  17600 | loss 0.0000/30.6832 | acc 1.000/0.009 | pre
Ep  17700 | loss 0.0000/30.9421 | acc 1.000/0.009 | pre
Ep  17800 | loss 0.0204/31.5414 | acc 0.994/0.009 | pre
Ep  17900 | loss 0.0013/17.5918 | acc 1.000/0.008 | pre
Ep  18000 | loss 0.0034/14.8596 | acc 1.000/0.009 | pre
Ep  18100 | loss 0.0014/16.5171 | acc 1.000/0.008 | pre
Ep  18200 | loss 0.0005/18.3331 | acc 1.000/0.009 | pre
Ep  18300 | loss 0.0002/20.1848 | acc 1.000/0.009 | pre
Ep  18400 | loss 0.0001/22.0429 | acc 1.000/0.009 | pre
Ep  18500 | loss 0.0000/23.8860 | acc 1.000/0.009 | pre
Ep  18600 | loss 0.0000/25.6791 | acc 1.000/0.009 | pre
Ep  18700 | loss 0.0000/27.3593 | acc 1.000/0.009 | pre
Ep  18800 | loss 0.0000/28.8397 | acc 1.000/0.009 | pre
Ep  18900 | loss 0.0000/29.9662 | acc 1.000/0.008 | pre
Ep  19000 | loss 0.0000/30.6150 | acc 1.000/0.009 | pre
Ep  19100 | loss 0.0000/30.7471 | acc 1.000/0.008 | pre
Ep  19200 | loss 0.0000/30.2806 | acc 1.000/0.009 | pre
Ep  19300 | loss 0.0000/30.1741 | acc 1.000/0.009 | pre
Ep  19400 | loss 0.0017/18.1092 | acc 1.000/0.009 | pre
Ep  19500 | loss 0.0164/12.3121 | acc 1.000/0.009 | pre
Ep  19600 | loss 0.0104/13.0091 | acc 1.000/0.009 | pre
Ep  19700 | loss 0.0041/14.6185 | acc 1.000/0.009 | pre
Ep  19800 | loss 0.0015/16.3374 | acc 1.000/0.009 | pre
Ep  19900 | loss 0.0005/18.1107 | acc 1.000/0.008 | pre
Ep  20000 | loss 0.0002/19.9112 | acc 1.000/0.009 | pre
Ep  20100 | loss 0.0001/21.7234 | acc 1.000/0.008 | pre
Ep  20200 | loss 0.0000/23.5243 | acc 1.000/0.009 | pre
Ep  20300 | loss 0.0000/25.2826 | acc 1.000/0.009 | pre
Ep  20400 | loss 0.0000/26.9394 | acc 1.000/0.009 | pre
Ep  20500 | loss 0.0000/28.4169 | acc 1.000/0.009 | pre
Ep  20600 | loss 0.0000/29.5956 | acc 1.000/0.009 | pre
Ep  20700 | loss 0.0000/30.3517 | acc 1.000/0.009 | pre
Ep  20800 | loss 0.0000/30.6399 | acc 1.000/0.009 | pre
Ep  20900 | loss 0.0000/30.3401 | acc 1.000/0.009 | pre
Ep  21000 | loss 0.0011/18.8896 | acc 1.000/0.009 | pre
Ep  21100 | loss 0.0102/13.0146 | acc 1.000/0.009 | pre
Ep  21200 | loss 0.0057/13.9879 | acc 1.000/0.009 | pre
Ep  21300 | loss 0.0022/15.6959 | acc 1.000/0.009 | pre
Ep  21400 | loss 0.0008/17.4951 | acc 1.000/0.009 | pre
Ep  21500 | loss 0.0003/19.3319 | acc 1.000/0.009 | pre
Ep  21600 | loss 0.0001/21.1879 | acc 1.000/0.009 | pre
Ep  21700 | loss 0.0000/23.0371 | acc 1.000/0.009 | pre
Ep  21800 | loss 0.0000/24.8505 | acc 1.000/0.008 | pre
Ep  21900 | loss 0.0000/26.5820 | acc 1.000/0.008 | pre
Ep  22000 | loss 0.0000/28.1600 | acc 1.000/0.008 | pre
Ep  22100 | loss 0.0000/29.4711 | acc 1.000/0.008 | pre
Ep  22200 | loss 0.0000/30.3880 | acc 1.000/0.008 | pre
Ep  22300 | loss 0.0000/30.7679 | acc 1.000/0.008 | pre
Ep  22400 | loss 0.0000/30.5977 | acc 1.000/0.009 | pre
Ep  22500 | loss 0.0010/19.0408 | acc 1.000/0.009 | pre
Ep  22600 | loss 0.0088/13.2743 | acc 1.000/0.008 | pre
Ep  22700 | loss 0.0047/14.3082 | acc 1.000/0.008 | pre
Ep  22800 | loss 0.0018/15.9949 | acc 1.000/0.009 | pre
Ep  22900 | loss 0.0007/17.7742 | acc 1.000/0.009 | pre
Ep  23000 | loss 0.0002/19.5946 | acc 1.000/0.008 | pre
Ep  23100 | loss 0.0001/21.4271 | acc 1.000/0.008 | pre
Ep  23200 | loss 0.0000/23.2484 | acc 1.000/0.008 | pre
Ep  23300 | loss 0.0000/25.0343 | acc 1.000/0.008 | pre
Ep  23400 | loss 0.0000/26.7307 | acc 1.000/0.008 | pre
Ep  23500 | loss 0.0000/28.2675 | acc 1.000/0.008 | pre
Ep  23600 | loss 0.0000/29.5162 | acc 1.000/0.008 | pre
Ep  23700 | loss 0.0000/30.3621 | acc 1.000/0.008 | pre
Ep  23800 | loss 0.0000/30.6875 | acc 1.000/0.008 | pre
Ep  23900 | loss 0.1037/30.4948 | acc 0.983/0.010 | pre
Ep  24000 | loss 0.0028/16.5943 | acc 1.000/0.009 | pre
Ep  24100 | loss 0.0148/12.4176 | acc 1.000/0.008 | pre
Ep  24200 | loss 0.0072/13.6123 | acc 1.000/0.008 | pre
Ep  24300 | loss 0.0028/15.2742 | acc 1.000/0.008 | pre
Ep  24400 | loss 0.0010/17.0217 | acc 1.000/0.008 | pre
Ep  24500 | loss 0.0004/18.8093 | acc 1.000/0.008 | pre
Ep  24600 | loss 0.0001/20.6129 | acc 1.000/0.008 | pre
Ep  24700 | loss 0.0000/22.4159 | acc 1.000/0.008 | pre
Ep  24800 | loss 0.0000/24.1986 | acc 1.000/0.008 | pre
Ep  24900 | loss 0.0000/25.9194 | acc 1.000/0.008 | pre
Ep  25000 | loss 0.0000/27.5078 | acc 1.000/0.008 | pre
Ep  25100 | loss 0.0000/28.8683 | acc 1.000/0.008 | pre
Ep  25200 | loss 0.0000/29.8783 | acc 1.000/0.008 | pre
Ep  25300 | loss 0.0000/30.4263 | acc 1.000/0.008 | pre
Ep  25400 | loss 0.0000/30.4650 | acc 1.000/0.008 | pre
Ep  25500 | loss 0.0000/29.9898 | acc 1.000/0.008 | pre
Ep  25600 | loss 0.0017/17.9019 | acc 1.000/0.008 | pre
Ep  25700 | loss 0.0143/12.4330 | acc 1.000/0.008 | pre
Ep  25800 | loss 0.0081/13.3201 | acc 1.000/0.009 | pre
Ep  25900 | loss 0.0031/14.9355 | acc 1.000/0.008 | pre
Ep  26000 | loss 0.0012/16.6505 | acc 1.000/0.008 | pre
Ep  26100 | loss 0.0004/18.4147 | acc 1.000/0.007 | pre
Ep  26200 | loss 0.0002/20.2061 | acc 1.000/0.007 | pre
Ep  26300 | loss 0.0001/22.0006 | acc 1.000/0.008 | pre
Ep  26400 | loss 0.0000/23.7812 | acc 1.000/0.008 | pre
Ep  26500 | loss 0.0000/25.5041 | acc 1.000/0.008 | pre
Ep  26600 | loss 0.0000/27.1080 | acc 1.000/0.008 | pre
Ep  26700 | loss 0.0000/28.5153 | acc 1.000/0.008 | pre
Ep  26800 | loss 0.0000/29.6124 | acc 1.000/0.008 | pre
Ep  26900 | loss 0.0000/30.2727 | acc 1.000/0.008 | pre
Ep  27000 | loss 0.0000/30.4299 | acc 1.000/0.008 | pre
Ep  27100 | loss 0.0007/21.1588 | acc 1.000/0.006 | pre
Ep  27200 | loss 0.0090/13.3008 | acc 1.000/0.008 | pre
Ep  27300 | loss 0.0074/13.4524 | acc 1.000/0.007 | pre
Ep  27400 | loss 0.0029/15.1078 | acc 1.000/0.007 | pre
Ep  27500 | loss 0.0011/16.8870 | acc 1.000/0.008 | pre
Ep  27600 | loss 0.0004/18.7150 | acc 1.000/0.008 | pre
Ep  27700 | loss 0.0001/20.5621 | acc 1.000/0.008 | pre
Ep  27800 | loss 0.0001/22.4058 | acc 1.000/0.008 | pre
Ep  27900 | loss 0.0000/24.2209 | acc 1.000/0.008 | pre
Ep  28000 | loss 0.0000/25.9754 | acc 1.000/0.008 | pre
Ep  28100 | loss 0.0000/27.6016 | acc 1.000/0.008 | pre
Ep  28200 | loss 0.0000/29.0111 | acc 1.000/0.008 | pre
Ep  28300 | loss 0.0000/30.0495 | acc 1.000/0.008 | pre
Ep  28400 | loss 0.0000/30.6306 | acc 1.000/0.008 | pre
Ep  28500 | loss 0.0000/30.6848 | acc 1.000/0.007 | pre
Ep  28600 | loss 0.0008/22.9231 | acc 1.000/0.008 | pre
Ep  28700 | loss 0.0075/13.7919 | acc 1.000/0.008 | pre
Ep  28800 | loss 0.0090/13.1702 | acc 1.000/0.009 | pre
Ep  28900 | loss 0.0036/14.7639 | acc 1.000/0.009 | pre
Ep  29000 | loss 0.0013/16.5031 | acc 1.000/0.008 | pre
Ep  29100 | loss 0.0005/18.3021 | acc 1.000/0.008 | pre
Ep  29200 | loss 0.0002/20.1291 | acc 1.000/0.008 | pre
Ep  29300 | loss 0.0001/21.9653 | acc 1.000/0.008 | pre
Ep  29400 | loss 0.0000/23.7892 | acc 1.000/0.008 | pre
Ep  29500 | loss 0.0000/25.5609 | acc 1.000/0.008 | pre
Ep  29600 | loss 0.0000/27.2265 | acc 1.000/0.008 | pre
Ep  29700 | loss 0.0000/28.6989 | acc 1.000/0.008 | pre
Ep  29800 | loss 0.0000/29.8501 | acc 1.000/0.008 | pre
Ep  29900 | loss 0.0000/30.5643 | acc 1.000/0.008 | pre
Ep  30000 | loss 0.0000/30.7633 | acc 1.000/0.008 | pre
Ep  30100 | loss 0.0204/27.8137 | acc 0.995/0.007 | pre
Ep  30200 | loss 0.0045/15.3299 | acc 1.000/0.007 | pre
Ep  30300 | loss 0.0153/12.3363 | acc 1.000/0.008 | pre
Ep  30400 | loss 0.0068/13.6851 | acc 1.000/0.008 | pre
Ep  30500 | loss 0.0026/15.3366 | acc 1.000/0.007 | pre
Ep  30600 | loss 0.0009/17.0739 | acc 1.000/0.007 | pre
Ep  30700 | loss 0.0003/18.8542 | acc 1.000/0.007 | pre
Ep  30800 | loss 0.0001/20.6564 | acc 1.000/0.008 | pre
Ep  30900 | loss 0.0000/22.4587 | acc 1.000/0.008 | pre
Ep  31000 | loss 0.0000/24.2358 | acc 1.000/0.008 | pre
Ep  31100 | loss 0.0000/25.9465 | acc 1.000/0.008 | pre
Ep  31200 | loss 0.0000/27.5255 | acc 1.000/0.008 | pre
Ep  31300 | loss 0.0000/28.8815 | acc 1.000/0.008 | pre
Ep  31400 | loss 0.0000/29.9055 | acc 1.000/0.008 | pre
Ep  31500 | loss 0.0000/30.4984 | acc 1.000/0.008 | pre
Ep  31600 | loss 0.0000/30.5428 | acc 1.000/0.008 | pre
Ep  31700 | loss 0.0006/21.0639 | acc 1.000/0.008 | pre
Ep  31800 | loss 0.0071/13.6355 | acc 1.000/0.007 | pre
Ep  31900 | loss 0.0048/14.1735 | acc 1.000/0.008 | pre
Ep  32000 | loss 0.0019/15.8325 | acc 1.000/0.008 | pre
Ep  32100 | loss 0.0007/17.6010 | acc 1.000/0.008 | pre
Ep  32200 | loss 0.0003/19.4139 | acc 1.000/0.008 | pre
Ep  32300 | loss 0.0001/21.2411 | acc 1.000/0.008 | pre
Ep  32400 | loss 0.0000/23.0650 | acc 1.000/0.008 | pre
Ep  32500 | loss 0.0000/24.8544 | acc 1.000/0.008 | pre
Ep  32600 | loss 0.0000/26.5618 | acc 1.000/0.008 | pre
Ep  32700 | loss 0.0000/28.1179 | acc 1.000/0.007 | pre
Ep  32800 | loss 0.0000/29.4065 | acc 1.000/0.008 | pre
Ep  32900 | loss 0.0000/30.2925 | acc 1.000/0.008 | pre
Ep  33000 | loss 0.0000/30.7048 | acc 1.000/0.007 | pre
Ep  33100 | loss 0.0463/30.1975 | acc 0.985/0.008 | pre
Ep  33200 | loss 0.0027/16.3801 | acc 1.000/0.008 | pre
Ep  33300 | loss 0.0101/12.9968 | acc 1.000/0.008 | pre
Ep  33400 | loss 0.0044/14.3787 | acc 1.000/0.007 | pre
Ep  33500 | loss 0.0017/16.0808 | acc 1.000/0.007 | pre
Ep  33600 | loss 0.0006/17.8637 | acc 1.000/0.007 | pre
Ep  33700 | loss 0.0002/19.6885 | acc 1.000/0.007 | pre
Ep  33800 | loss 0.0001/21.5294 | acc 1.000/0.007 | pre
Ep  33900 | loss 0.0000/23.3635 | acc 1.000/0.007 | pre
Ep  34000 | loss 0.0000/25.1592 | acc 1.000/0.007 | pre
Ep  34100 | loss 0.0000/26.8674 | acc 1.000/0.007 | pre
Ep  34200 | loss 0.0000/28.4115 | acc 1.000/0.007 | pre
Ep  34300 | loss 0.0000/29.6685 | acc 1.000/0.007 | pre
Ep  34400 | loss 0.0000/30.4977 | acc 1.000/0.007 | pre
Ep  34500 | loss 0.0000/30.8515 | acc 1.000/0.007 | pre
Ep  34600 | loss 0.0000/30.4230 | acc 1.000/0.007 | pre
Ep  34700 | loss 0.0020/17.4827 | acc 1.000/0.008 | pre
Ep  34800 | loss 0.0159/12.3230 | acc 1.000/0.008 | pre
Ep  34900 | loss 0.0088/13.2558 | acc 1.000/0.007 | pre
Ep  35000 | loss 0.0034/14.8719 | acc 1.000/0.007 | pre
Ep  35100 | loss 0.0013/16.5846 | acc 1.000/0.008 | pre
Ep  35200 | loss 0.0005/18.3437 | acc 1.000/0.008 | pre
Ep  35300 | loss 0.0002/20.1305 | acc 1.000/0.007 | pre
Ep  35400 | loss 0.0001/21.9248 | acc 1.000/0.007 | pre
Ep  35500 | loss 0.0000/23.7038 | acc 1.000/0.007 | pre
Ep  35600 | loss 0.0000/25.4311 | acc 1.000/0.007 | pre
Ep  35700 | loss 0.0000/27.0436 | acc 1.000/0.007 | pre
Ep  35800 | loss 0.0000/28.4711 | acc 1.000/0.007 | pre
Ep  35900 | loss 0.0000/29.5803 | acc 1.000/0.008 | pre
Ep  36000 | loss 0.0000/30.2873 | acc 1.000/0.008 | pre
Ep  36100 | loss 0.0000/30.5443 | acc 1.000/0.008 | pre
Ep  36200 | loss 0.0008/20.4914 | acc 1.000/0.008 | pre
Ep  36300 | loss 0.0094/13.2198 | acc 1.000/0.008 | pre
Ep  36400 | loss 0.0067/13.6190 | acc 1.000/0.008 | pre
Ep  36500 | loss 0.0026/15.2613 | acc 1.000/0.007 | pre
Ep  36600 | loss 0.0010/17.0181 | acc 1.000/0.007 | pre
Ep  36700 | loss 0.0003/18.8220 | acc 1.000/0.007 | pre
Ep  36800 | loss 0.0001/20.6473 | acc 1.000/0.008 | pre
Ep  36900 | loss 0.0000/22.4742 | acc 1.000/0.008 | pre
Ep  37000 | loss 0.0000/24.2763 | acc 1.000/0.008 | pre
Ep  37100 | loss 0.0000/26.0152 | acc 1.000/0.007 | pre
Ep  37200 | loss 0.0000/27.6280 | acc 1.000/0.007 | pre
Ep  37300 | loss 0.0000/29.0137 | acc 1.000/0.007 | pre
Ep  37400 | loss 0.0000/30.0326 | acc 1.000/0.007 | pre
Ep  37500 | loss 0.0000/30.6022 | acc 1.000/0.007 | pre
Ep  37600 | loss 0.0138/28.9471 | acc 0.998/0.008 | pre
Ep  37700 | loss 0.0027/16.1532 | acc 1.000/0.008 | pre
Ep  37800 | loss 0.0066/13.6672 | acc 1.000/0.008 | pre
Ep  37900 | loss 0.0027/15.1786 | acc 1.000/0.007 | pre
Ep  38000 | loss 0.0010/16.9045 | acc 1.000/0.007 | pre
Ep  38100 | loss 0.0004/18.6951 | acc 1.000/0.007 | pre
Ep  38200 | loss 0.0001/20.5106 | acc 1.000/0.007 | pre
Ep  38300 | loss 0.0000/22.3299 | acc 1.000/0.007 | pre
Ep  38400 | loss 0.0000/24.1338 | acc 1.000/0.007 | pre
Ep  38500 | loss 0.0000/25.8791 | acc 1.000/0.007 | pre
Ep  38600 | loss 0.0000/27.5003 | acc 1.000/0.008 | pre
Ep  38700 | loss 0.0000/28.9006 | acc 1.000/0.008 | pre
Ep  38800 | loss 0.0000/29.9490 | acc 1.000/0.008 | pre
Ep  38900 | loss 0.0000/30.5355 | acc 1.000/0.008 | pre
Ep  39000 | loss 0.0000/30.6144 | acc 1.000/0.008 | pre
Ep  39100 | loss 0.0012/19.0659 | acc 1.000/0.008 | pre
Ep  39200 | loss 0.0101/13.0257 | acc 1.000/0.009 | pre
Ep  39300 | loss 0.0058/13.8533 | acc 1.000/0.008 | pre
Ep  39400 | loss 0.0022/15.4671 | acc 1.000/0.008 | pre
Ep  39500 | loss 0.0008/17.1868 | acc 1.000/0.008 | pre
Ep  39600 | loss 0.0003/18.9604 | acc 1.000/0.008 | pre
Ep  39700 | loss 0.0001/20.7591 | acc 1.000/0.008 | pre
Ep  39800 | loss 0.0000/22.5643 | acc 1.000/0.009 | pre
Ep  39900 | loss 0.0000/24.3470 | acc 1.000/0.008 | pre
Ep  40000 | loss 0.0000/26.0603 | acc 1.000/0.008 | pre
Ep  40100 | loss 0.0000/27.6356 | acc 1.000/0.009 | pre
Ep  40200 | loss 0.0000/28.9693 | acc 1.000/0.009 | pre
Ep  40300 | loss 0.0000/29.9446 | acc 1.000/0.009 | pre
Ep  40400 | loss 0.0000/30.4864 | acc 1.000/0.009 | pre
Ep  40500 | loss 0.0000/30.4258 | acc 1.000/0.008 | pre
Ep  40600 | loss 0.0017/17.6998 | acc 1.000/0.008 | pre
Ep  40700 | loss 0.0106/12.8845 | acc 1.000/0.009 | pre
Ep  40800 | loss 0.0053/14.0733 | acc 1.000/0.008 | pre
Ep  40900 | loss 0.0021/15.7897 | acc 1.000/0.008 | pre
Ep  41000 | loss 0.0008/17.5983 | acc 1.000/0.008 | pre
Ep  41100 | loss 0.0003/19.4512 | acc 1.000/0.008 | pre
Ep  41200 | loss 0.0001/21.3226 | acc 1.000/0.008 | pre
Ep  41300 | loss 0.0000/23.1892 | acc 1.000/0.008 | pre
Ep  41400 | loss 0.0000/25.0226 | acc 1.000/0.008 | pre
Ep  41500 | loss 0.0000/26.7726 | acc 1.000/0.008 | pre
Ep  41600 | loss 0.0000/28.3717 | acc 1.000/0.008 | pre
Ep  41700 | loss 0.0000/29.7023 | acc 1.000/0.008 | pre
Ep  41800 | loss 0.0000/30.5951 | acc 1.000/0.008 | pre
Ep  41900 | loss 0.0000/30.9763 | acc 1.000/0.008 | pre
Ep  42000 | loss 0.0000/30.6245 | acc 1.000/0.008 | pre
Ep  42100 | loss 0.0020/17.6633 | acc 1.000/0.008 | pre
Ep  42200 | loss 0.0140/12.5541 | acc 1.000/0.008 | pre
Ep  42300 | loss 0.0075/13.5015 | acc 1.000/0.007 | pre
Ep  42400 | loss 0.0029/15.0947 | acc 1.000/0.007 | pre
Ep  42500 | loss 0.0011/16.7937 | acc 1.000/0.008 | pre
Ep  42600 | loss 0.0004/18.5433 | acc 1.000/0.008 | pre
Ep  42700 | loss 0.0001/20.3217 | acc 1.000/0.008 | pre
Ep  42800 | loss 0.0001/22.1099 | acc 1.000/0.008 | pre
Ep  42900 | loss 0.0000/23.8860 | acc 1.000/0.008 | pre
Ep  43000 | loss 0.0000/25.6051 | acc 1.000/0.008 | pre
Ep  43100 | loss 0.0000/27.2044 | acc 1.000/0.008 | pre
Ep  43200 | loss 0.0000/28.6013 | acc 1.000/0.008 | pre
Ep  43300 | loss 0.0000/29.6777 | acc 1.000/0.008 | pre
Ep  43400 | loss 0.0000/30.3274 | acc 1.000/0.008 | pre
Ep  43500 | loss 0.0426/30.7316 | acc 0.988/0.007 | pre
Ep  43600 | loss 0.0022/16.6523 | acc 1.000/0.008 | pre
Ep  43700 | loss 0.0065/13.6025 | acc 1.000/0.008 | pre
Ep  43800 | loss 0.0027/15.0693 | acc 1.000/0.008 | pre
Ep  43900 | loss 0.0010/16.8041 | acc 1.000/0.009 | pre
Ep  44000 | loss 0.0004/18.6068 | acc 1.000/0.008 | pre
Ep  44100 | loss 0.0001/20.4380 | acc 1.000/0.008 | pre
Ep  44200 | loss 0.0000/22.2695 | acc 1.000/0.008 | pre
Ep  44300 | loss 0.0000/24.0811 | acc 1.000/0.009 | pre
Ep  44400 | loss 0.0000/25.8338 | acc 1.000/0.009 | pre
Ep  44500 | loss 0.0000/27.4599 | acc 1.000/0.009 | pre
Ep  44600 | loss 0.0000/28.8717 | acc 1.000/0.009 | pre
Ep  44700 | loss 0.0000/29.9167 | acc 1.000/0.009 | pre
Ep  44800 | loss 0.0000/30.5248 | acc 1.000/0.009 | pre
Ep  44900 | loss 0.0000/30.6037 | acc 1.000/0.009 | pre
Ep  45000 | loss 0.0013/18.8878 | acc 1.000/0.009 | pre
Ep  45100 | loss 0.0127/12.6640 | acc 1.000/0.009 | pre
Ep  45200 | loss 0.0078/13.3318 | acc 1.000/0.008 | pre
Ep  45300 | loss 0.0030/14.9071 | acc 1.000/0.008 | pre
Ep  45400 | loss 0.0011/16.5947 | acc 1.000/0.009 | pre
Ep  45500 | loss 0.0004/18.3405 | acc 1.000/0.009 | pre
Ep  45600 | loss 0.0001/20.1174 | acc 1.000/0.009 | pre
Ep  45700 | loss 0.0001/21.9049 | acc 1.000/0.009 | pre
Ep  45800 | loss 0.0000/23.6806 | acc 1.000/0.009 | pre
Ep  45900 | loss 0.0000/25.4082 | acc 1.000/0.009 | pre
Ep  46000 | loss 0.0000/27.0250 | acc 1.000/0.009 | pre
Ep  46100 | loss 0.0000/28.4451 | acc 1.000/0.009 | pre
Ep  46200 | loss 0.0000/29.5527 | acc 1.000/0.009 | pre
Ep  46300 | loss 0.0000/30.2394 | acc 1.000/0.009 | pre
Ep  46400 | loss 0.0000/30.4297 | acc 1.000/0.009 | pre
Ep  46500 | loss 0.0008/19.5272 | acc 1.000/0.008 | pre
Ep  46600 | loss 0.0079/13.3379 | acc 1.000/0.008 | pre
Ep  46700 | loss 0.0043/14.2631 | acc 1.000/0.008 | pre
Ep  46800 | loss 0.0017/15.9366 | acc 1.000/0.008 | pre
Ep  46900 | loss 0.0006/17.7103 | acc 1.000/0.008 | pre
Ep  47000 | loss 0.0002/19.5296 | acc 1.000/0.008 | pre
Ep  47100 | loss 0.0001/21.3626 | acc 1.000/0.008 | pre
Ep  47200 | loss 0.0000/23.1897 | acc 1.000/0.008 | pre
Ep  47300 | loss 0.0000/24.9822 | acc 1.000/0.009 | pre
Ep  47400 | loss 0.0000/26.6797 | acc 1.000/0.008 | pre
Ep  47500 | loss 0.0000/28.2145 | acc 1.000/0.009 | pre
Ep  47600 | loss 0.0000/29.4659 | acc 1.000/0.008 | pre
Ep  47700 | loss 0.0000/30.3040 | acc 1.000/0.009 | pre
Ep  47800 | loss 0.0000/30.6667 | acc 1.000/0.009 | pre
Ep  47900 | loss 0.0017/24.5372 | acc 1.000/0.008 | pre
Ep  48000 | loss 0.0066/14.2440 | acc 1.000/0.009 | pre
Ep  48100 | loss 0.0104/12.8736 | acc 1.000/0.009 | pre
Ep  48200 | loss 0.0042/14.3564 | acc 1.000/0.009 | pre
Ep  48300 | loss 0.0016/16.0224 | acc 1.000/0.008 | pre
Ep  48400 | loss 0.0006/17.7557 | acc 1.000/0.008 | pre
Ep  48500 | loss 0.0002/19.5260 | acc 1.000/0.008 | pre
Ep  48600 | loss 0.0001/21.3100 | acc 1.000/0.008 | pre
Ep  48700 | loss 0.0000/23.0896 | acc 1.000/0.008 | pre
Ep  48800 | loss 0.0000/24.8341 | acc 1.000/0.008 | pre
Ep  48900 | loss 0.0000/26.4888 | acc 1.000/0.008 | pre
Ep  49000 | loss 0.0000/27.9867 | acc 1.000/0.008 | pre
Ep  49100 | loss 0.0000/29.2030 | acc 1.000/0.008 | pre
Ep  49200 | loss 0.0000/30.0183 | acc 1.000/0.008 | pre
Ep  49300 | loss 0.0000/30.4456 | acc 1.000/0.008 | pre
Ep  49400 | loss 0.0009/20.4115 | acc 1.000/0.009 | pre
Ep  49500 | loss 0.0115/12.8938 | acc 1.000/0.009 | pre
Ep  49600 | loss 0.0094/13.0319 | acc 1.000/0.008 | pre
Ep  49700 | loss 0.0037/14.6044 | acc 1.000/0.008 | pre
Ep  49800 | loss 0.0014/16.3118 | acc 1.000/0.008 | pre
Ep  49900 | loss 0.0005/18.0821 | acc 1.000/0.008 | pre

Results saved to results\tfm_x3xy2y/
Final test accuracy: 0.0084
Grokking did not occur in this run.
