C:\Projects\Programming\6700\grok\grok_impl\metrics.py:404: UserWarning: torch.linalg.svd: During SVD computation with the selected cusolver driver, batches 0 failed to converge. A more accurate method will be used to compute the SVD as a fallback. Check doc at https://pytorch.org/docs/stable/generated/torch.linalg.svd.html (Triggered internally at C:\actions-runner\_work\pytorch\pytorch\pytorch\aten\src\ATen\native\cuda\linalg\BatchLinearAlgebraLib.cpp:696.)
  S = torch.linalg.svdvals(acts_c)
Task: add mod 113
Model: transformer  |  Train: 3830  Test: 8939
Optimizer: AdamW lr=0.001 wd=1.0 betas=(0.9,0.98)
Ep      0 | loss 4.8984/4.9096 | acc 0.007/0.010 | pre
Ep    100 | loss 1.6751/8.3634 | acc 0.603/0.101 | pre
Ep    200 | loss 0.0882/16.9659 | acc 0.966/0.252 | pre
Ep    300 | loss 0.0551/16.8124 | acc 0.978/0.252 | pre
Ep    400 | loss 0.0223/16.9355 | acc 0.992/0.257 | pre
Ep    500 | loss 0.0107/17.5510 | acc 0.996/0.261 | pre
Ep    600 | loss 0.0043/18.1207 | acc 0.998/0.265 | pre
Ep    700 | loss 0.0025/18.6833 | acc 0.999/0.266 | transition
Ep    800 | loss 0.0022/17.6224 | acc 0.999/0.266 | pre
Ep    900 | loss 0.0008/17.9173 | acc 1.000/0.270 | pre
Ep   1000 | loss 0.0003/19.1891 | acc 1.000/0.272 | pre
Ep   1100 | loss 0.0001/20.6077 | acc 1.000/0.272 | pre
Ep   1200 | loss 0.0000/22.0058 | acc 1.000/0.272 | pre
Ep   1300 | loss 0.0000/23.3722 | acc 1.000/0.272 | pre
Ep   1400 | loss 0.0000/24.6579 | acc 1.000/0.272 | pre
Ep   1500 | loss 0.0000/25.7923 | acc 1.000/0.272 | pre
Ep   1600 | loss 0.0000/26.6661 | acc 1.000/0.272 | pre
Ep   1700 | loss 0.0000/27.1509 | acc 1.000/0.272 | pre
Ep   1800 | loss 0.0000/27.2180 | acc 1.000/0.272 | pre
Ep   1900 | loss 0.0000/27.0115 | acc 1.000/0.273 | pre
Ep   2000 | loss 0.0000/26.7373 | acc 1.000/0.273 | pre
Ep   2100 | loss 0.0000/26.5053 | acc 1.000/0.273 | pre
Ep   2200 | loss 0.0000/26.3118 | acc 1.000/0.273 | pre
Ep   2300 | loss 0.0000/26.1862 | acc 1.000/0.273 | pre
Ep   2400 | loss 0.0000/26.1900 | acc 1.000/0.273 | pre
Ep   2500 | loss 0.0000/26.4083 | acc 1.000/0.272 | pre
Ep   2600 | loss 0.0000/26.5657 | acc 1.000/0.271 | pre
Ep   2700 | loss 0.0000/26.3510 | acc 1.000/0.271 | pre
Ep   2800 | loss 0.0000/25.8901 | acc 1.000/0.271 | pre
Ep   2900 | loss 0.0007/19.7520 | acc 1.000/0.261 | pre
Ep   3000 | loss 0.0063/12.1346 | acc 1.000/0.271 | pre
Ep   3100 | loss 0.0080/11.4988 | acc 1.000/0.272 | pre
Ep   3200 | loss 0.0031/12.8168 | acc 1.000/0.273 | pre
Ep   3300 | loss 0.0012/14.2383 | acc 1.000/0.272 | pre
Ep   3400 | loss 0.0004/15.6909 | acc 1.000/0.272 | pre
Ep   3500 | loss 0.0002/17.1513 | acc 1.000/0.273 | pre
Ep   3600 | loss 0.0001/18.6080 | acc 1.000/0.273 | pre
Ep   3700 | loss 0.0000/20.0393 | acc 1.000/0.273 | pre
Ep   3800 | loss 0.0000/21.4086 | acc 1.000/0.273 | pre
Ep   3900 | loss 0.0000/22.6595 | acc 1.000/0.273 | pre
Ep   4000 | loss 0.0000/23.7024 | acc 1.000/0.273 | pre
Ep   4100 | loss 0.0000/24.4157 | acc 1.000/0.274 | pre
Ep   4200 | loss 0.0000/24.7423 | acc 1.000/0.273 | pre
Ep   4300 | loss 0.0000/24.7952 | acc 1.000/0.273 | pre
Ep   4400 | loss 0.0000/24.7536 | acc 1.000/0.272 | pre
Ep   4500 | loss 0.0000/24.6856 | acc 1.000/0.272 | pre
Ep   4600 | loss 0.0000/24.4645 | acc 1.000/0.271 | pre
Ep   4700 | loss 0.0000/24.2349 | acc 1.000/0.271 | pre
Ep   4800 | loss 0.0000/24.0358 | acc 1.000/0.271 | pre
Ep   4900 | loss 0.0000/23.9467 | acc 1.000/0.270 | pre
Ep   5000 | loss 0.0000/23.8640 | acc 1.000/0.271 | pre
Ep   5100 | loss 0.0000/23.7463 | acc 1.000/0.270 | pre
Ep   5200 | loss 0.0000/23.6517 | acc 1.000/0.270 | pre
Ep   5300 | loss 0.0005/17.5562 | acc 1.000/0.265 | pre
Ep   5400 | loss 0.0062/11.0211 | acc 1.000/0.270 | pre
Ep   5500 | loss 0.0059/11.0083 | acc 1.000/0.269 | pre
Ep   5600 | loss 0.0023/12.3157 | acc 1.000/0.270 | pre
Ep   5700 | loss 0.0008/13.6978 | acc 1.000/0.270 | pre
Ep   5800 | loss 0.0003/15.1031 | acc 1.000/0.270 | pre
Ep   5900 | loss 0.0001/16.5129 | acc 1.000/0.270 | pre
Ep   6000 | loss 0.0000/17.9075 | acc 1.000/0.269 | pre
Ep   6100 | loss 0.0000/19.2668 | acc 1.000/0.269 | pre
Ep   6200 | loss 0.0000/20.5549 | acc 1.000/0.269 | pre
Ep   6300 | loss 0.0000/21.7158 | acc 1.000/0.268 | pre
Ep   6400 | loss 0.0000/22.6460 | acc 1.000/0.269 | pre
Ep   6500 | loss 0.0000/23.2319 | acc 1.000/0.269 | pre
Ep   6600 | loss 0.0000/23.4341 | acc 1.000/0.269 | pre
Ep   6700 | loss 0.0000/23.3552 | acc 1.000/0.269 | pre
Ep   6800 | loss 0.0000/23.1325 | acc 1.000/0.268 | pre
Ep   6900 | loss 0.0000/22.8646 | acc 1.000/0.268 | pre
Ep   7000 | loss 0.0000/22.6711 | acc 1.000/0.267 | pre
Ep   7100 | loss 0.1090/23.8535 | acc 0.967/0.213 | pre
Ep   7200 | loss 0.0021/12.6759 | acc 1.000/0.267 | pre
Ep   7300 | loss 0.0130/9.5051 | acc 1.000/0.269 | pre
Ep   7400 | loss 0.0062/10.3739 | acc 1.000/0.270 | pre
Ep   7500 | loss 0.0024/11.5432 | acc 1.000/0.271 | pre
Ep   7600 | loss 0.0009/12.7683 | acc 1.000/0.272 | pre
Ep   7700 | loss 0.0003/14.0164 | acc 1.000/0.271 | transition
Ep   7800 | loss 0.0001/15.2694 | acc 1.000/0.272 | pre
Ep   7900 | loss 0.0000/16.5178 | acc 1.000/0.273 | pre
Ep   8000 | loss 0.0000/17.7302 | acc 1.000/0.273 | pre
Ep   8100 | loss 0.0000/18.8826 | acc 1.000/0.273 | pre
Ep   8200 | loss 0.0000/19.9136 | acc 1.000/0.274 | pre
Ep   8300 | loss 0.0000/20.7511 | acc 1.000/0.274 | pre
Ep   8400 | loss 0.0000/21.3041 | acc 1.000/0.275 | pre
Ep   8500 | loss 0.0000/21.5750 | acc 1.000/0.273 | pre
Ep   8600 | loss 0.0000/21.5509 | acc 1.000/0.272 | pre
Ep   8700 | loss 0.0000/21.3074 | acc 1.000/0.271 | pre
Ep   8800 | loss 0.0000/21.0235 | acc 1.000/0.271 | pre
Ep   8900 | loss 0.0006/13.7737 | acc 1.000/0.268 | pre
Ep   9000 | loss 0.0056/9.7568 | acc 1.000/0.274 | pre
Ep   9100 | loss 0.0027/10.5651 | acc 1.000/0.275 | pre
Ep   9200 | loss 0.0010/11.7126 | acc 1.000/0.276 | pre
Ep   9300 | loss 0.0004/12.9047 | acc 1.000/0.277 | pre
Ep   9400 | loss 0.0001/14.1101 | acc 1.000/0.278 | pre
Ep   9500 | loss 0.0000/15.3089 | acc 1.000/0.277 | pre
Ep   9600 | loss 0.0000/16.4802 | acc 1.000/0.277 | pre
Ep   9700 | loss 0.0000/17.5958 | acc 1.000/0.277 | pre
Ep   9800 | loss 0.0000/18.6133 | acc 1.000/0.277 | pre
Ep   9900 | loss 0.0000/19.4539 | acc 1.000/0.277 | pre
Ep  10000 | loss 0.0000/20.0169 | acc 1.000/0.276 | pre
Ep  10100 | loss 0.0000/20.2677 | acc 1.000/0.276 | pre
Ep  10200 | loss 0.0000/20.1762 | acc 1.000/0.275 | pre
Ep  10300 | loss 0.0000/19.9064 | acc 1.000/0.277 | pre
Ep  10400 | loss 0.0003/13.9245 | acc 1.000/0.274 | pre
Ep  10500 | loss 0.0037/9.5035 | acc 1.000/0.277 | pre
Ep  10600 | loss 0.0019/10.1286 | acc 1.000/0.277 | pre
Ep  10700 | loss 0.0007/11.1574 | acc 1.000/0.278 | pre
Ep  10800 | loss 0.0003/12.2187 | acc 1.000/0.278 | pre
Ep  10900 | loss 0.0001/13.2813 | acc 1.000/0.278 | pre
Ep  11000 | loss 0.0000/14.3254 | acc 1.000/0.279 | pre
Ep  11100 | loss 0.0000/15.3241 | acc 1.000/0.278 | pre
Ep  11200 | loss 0.0000/16.2503 | acc 1.000/0.279 | pre
Ep  11300 | loss 0.0000/17.0528 | acc 1.000/0.278 | pre
Ep  11400 | loss 0.0000/17.6504 | acc 1.000/0.279 | pre
Ep  11500 | loss 0.0000/17.9770 | acc 1.000/0.278 | pre
Ep  11600 | loss 0.0000/18.0035 | acc 1.000/0.280 | pre
Ep  11700 | loss 0.0000/17.7679 | acc 1.000/0.280 | pre
Ep  11800 | loss 0.0018/15.7119 | acc 1.000/0.262 | pre
Ep  11900 | loss 0.0026/8.9364 | acc 1.000/0.283 | pre
Ep  12000 | loss 0.0057/7.8013 | acc 1.000/0.285 | pre
Ep  12100 | loss 0.0023/8.4800 | acc 1.000/0.287 | pre
Ep  12200 | loss 0.0009/9.2218 | acc 1.000/0.289 | pre
Ep  12300 | loss 0.0003/9.9624 | acc 1.000/0.291 | pre
Ep  12400 | loss 0.0001/10.6726 | acc 1.000/0.292 | pre
Ep  12500 | loss 0.0000/11.3337 | acc 1.000/0.293 | pre
Ep  12600 | loss 0.0000/11.9350 | acc 1.000/0.295 | pre
Ep  12700 | loss 0.0000/12.4313 | acc 1.000/0.297 | pre
Ep  12800 | loss 0.0000/12.7948 | acc 1.000/0.299 | pre
Ep  12900 | loss 0.0000/12.9826 | acc 1.000/0.302 | pre
Ep  13000 | loss 0.0000/12.9699 | acc 1.000/0.305 | pre
Ep  13100 | loss 0.0000/12.7770 | acc 1.000/0.308 | pre
Ep  13200 | loss 0.0000/12.4681 | acc 1.000/0.310 | pre
Ep  13300 | loss 0.0012/10.9556 | acc 1.000/0.306 | pre
Ep  13400 | loss 0.0021/6.1612 | acc 1.000/0.318 | pre
Ep  13500 | loss 0.0039/5.3291 | acc 1.000/0.323 | pre
Ep  13600 | loss 0.0015/5.5087 | acc 1.000/0.332 | pre
Ep  13700 | loss 0.0006/5.6478 | acc 1.000/0.344 | pre
Ep  13800 | loss 0.0002/5.6766 | acc 1.000/0.362 | pre
Ep  13900 | loss 0.0001/5.5588 | acc 1.000/0.384 | transition
Ep  14000 | loss 0.0000/5.2735 | acc 1.000/0.408 | transition
Ep  14100 | loss 0.0000/4.7852 | acc 1.000/0.443 | transition
Ep  14200 | loss 0.0000/4.0757 | acc 1.000/0.499 | transition
Ep  14300 | loss 0.0000/3.1952 | acc 1.000/0.574 | transition
Ep  14400 | loss 0.0000/2.2338 | acc 1.000/0.661 | transition
Ep  14500 | loss 0.0000/1.4111 | acc 1.000/0.753 | transition
Ep  14600 | loss 0.0000/0.8510 | acc 1.000/0.829 | transition
Ep  14700 | loss 0.0000/0.5362 | acc 1.000/0.881 | transition
Ep  14800 | loss 0.0003/0.3353 | acc 1.000/0.905 | transition
Ep  14900 | loss 0.0009/0.1346 | acc 1.000/0.960 | transition
Ep  15000 | loss 0.0009/0.1023 | acc 1.000/0.970 | transition
Ep  15100 | loss 0.0003/0.0506 | acc 1.000/0.985 | transition
Ep  15200 | loss 0.0001/0.0249 | acc 1.000/0.993 | transition
Ep  15300 | loss 0.0000/0.0122 | acc 1.000/0.998 | post
Ep  15400 | loss 0.0000/0.0060 | acc 1.000/0.999 | post
Ep  15500 | loss 0.0000/0.0030 | acc 1.000/0.999 | post
Grokking complete — stopping early.

Results saved to results\tfm_add/
Final test accuracy: 0.9992
Grokking onset (test_acc >= 0.95): epoch 14900
