C:\Projects\Programming\6700\grok\grok_impl\metrics.py:404: UserWarning: torch.linalg.svd: During SVD computation with the selected cusolver driver, batches 0 failed to converge. A more accurate method will be used to compute the SVD as a fallback. Check doc at https://pytorch.org/docs/stable/generated/torch.linalg.svd.html (Triggered internally at C:\actions-runner\_work\pytorch\pytorch\pytorch\aten\src\ATen\native\cuda\linalg\BatchLinearAlgebraLib.cpp:696.)
  S = torch.linalg.svdvals(acts_c)
Task: multiply mod 113
Model: transformer  |  Train: 3830  Test: 8939
Optimizer: AdamW lr=0.001 wd=1.0 betas=(0.9,0.98)
Ep      0 | loss 4.8986/4.9037 | acc 0.006/0.010 | pre
Ep    100 | loss 1.9146/7.7246 | acc 0.533/0.099 | pre
Ep    200 | loss 0.1054/17.1087 | acc 0.961/0.261 | pre
Ep    300 | loss 0.0472/17.3571 | acc 0.982/0.265 | pre
Ep    400 | loss 0.0213/17.3276 | acc 0.994/0.265 | pre
Ep    500 | loss 0.0066/17.8184 | acc 0.998/0.269 | pre
Ep    600 | loss 0.0032/18.2352 | acc 0.999/0.271 | pre
Ep    700 | loss 0.0023/18.9028 | acc 0.999/0.274 | transition
Ep    800 | loss 0.0019/17.9669 | acc 0.999/0.273 | pre
Ep    900 | loss 0.0007/18.0261 | acc 1.000/0.276 | pre
Ep   1000 | loss 0.0003/19.2636 | acc 1.000/0.277 | pre
Ep   1100 | loss 0.0001/20.6299 | acc 1.000/0.278 | pre
Ep   1200 | loss 0.0000/21.9847 | acc 1.000/0.278 | pre
Ep   1300 | loss 0.0000/23.3102 | acc 1.000/0.278 | pre
Ep   1400 | loss 0.0000/24.5569 | acc 1.000/0.278 | pre
Ep   1500 | loss 0.0000/25.6481 | acc 1.000/0.278 | pre
Ep   1600 | loss 0.0000/26.4860 | acc 1.000/0.278 | pre
Ep   1700 | loss 0.0000/26.9308 | acc 1.000/0.278 | pre
Ep   1800 | loss 0.0000/26.9984 | acc 1.000/0.277 | pre
Ep   1900 | loss 0.0000/26.8225 | acc 1.000/0.277 | pre
Ep   2000 | loss 0.0000/26.6221 | acc 1.000/0.277 | pre
Ep   2100 | loss 0.0000/26.4472 | acc 1.000/0.277 | pre
Ep   2200 | loss 0.0000/26.2973 | acc 1.000/0.277 | pre
Ep   2300 | loss 0.0000/26.1748 | acc 1.000/0.276 | pre
Ep   2400 | loss 0.0000/26.0763 | acc 1.000/0.276 | pre
Ep   2500 | loss 0.0000/26.0330 | acc 1.000/0.276 | pre
Ep   2600 | loss 0.0000/26.0510 | acc 1.000/0.275 | pre
Ep   2700 | loss 0.0000/26.1278 | acc 1.000/0.274 | pre
Ep   2800 | loss 0.0000/26.1379 | acc 1.000/0.272 | pre
Ep   2900 | loss 0.0000/25.9884 | acc 1.000/0.272 | pre
Ep   3000 | loss 0.0000/25.7629 | acc 1.000/0.273 | pre
Ep   3100 | loss 0.0000/25.6422 | acc 1.000/0.272 | pre
Ep   3200 | loss 0.0000/25.5243 | acc 1.000/0.272 | pre
Ep   3300 | loss 0.0000/25.4082 | acc 1.000/0.272 | pre
Ep   3400 | loss 0.0000/25.1837 | acc 1.000/0.272 | pre
Ep   3500 | loss 0.0000/25.2351 | acc 1.000/0.271 | pre
Ep   3600 | loss 0.0000/25.1629 | acc 1.000/0.271 | pre
Ep   3700 | loss 0.0000/25.0519 | acc 1.000/0.270 | pre
Ep   3800 | loss 0.0000/24.9920 | acc 1.000/0.269 | pre
Ep   3900 | loss 0.0004/19.1141 | acc 1.000/0.261 | pre
Ep   4000 | loss 0.0047/12.0947 | acc 1.000/0.269 | pre
Ep   4100 | loss 0.0041/12.1924 | acc 1.000/0.271 | pre
Ep   4200 | loss 0.0016/13.6017 | acc 1.000/0.270 | pre
Ep   4300 | loss 0.0006/15.0766 | acc 1.000/0.268 | pre
Ep   4400 | loss 0.0002/16.5762 | acc 1.000/0.268 | pre
Ep   4500 | loss 0.0001/18.0738 | acc 1.000/0.268 | pre
Ep   4600 | loss 0.0000/19.5569 | acc 1.000/0.268 | pre
Ep   4700 | loss 0.0000/20.9979 | acc 1.000/0.268 | pre
Ep   4800 | loss 0.0000/22.3460 | acc 1.000/0.268 | pre
Ep   4900 | loss 0.0000/23.5084 | acc 1.000/0.268 | pre
Ep   5000 | loss 0.0000/24.3505 | acc 1.000/0.268 | pre
Ep   5100 | loss 0.0000/24.7802 | acc 1.000/0.267 | pre
Ep   5200 | loss 0.0000/24.8611 | acc 1.000/0.267 | pre
Ep   5300 | loss 0.0000/24.8147 | acc 1.000/0.266 | pre
Ep   5400 | loss 0.0000/24.6782 | acc 1.000/0.265 | pre
Ep   5500 | loss 0.0000/24.1512 | acc 1.000/0.265 | pre
Ep   5600 | loss 0.0000/24.2747 | acc 1.000/0.264 | pre
Ep   5700 | loss 0.1028/26.0561 | acc 0.967/0.203 | pre
Ep   5800 | loss 0.0018/13.8857 | acc 1.000/0.262 | pre
Ep   5900 | loss 0.0113/10.3670 | acc 1.000/0.265 | pre
Ep   6000 | loss 0.0054/11.3839 | acc 1.000/0.266 | pre
Ep   6100 | loss 0.0021/12.7425 | acc 1.000/0.265 | pre
Ep   6200 | loss 0.0008/14.1533 | acc 1.000/0.265 | pre
Ep   6300 | loss 0.0003/15.5874 | acc 1.000/0.266 | transition
Ep   6400 | loss 0.0001/17.0297 | acc 1.000/0.265 | pre
Ep   6500 | loss 0.0000/18.4644 | acc 1.000/0.265 | pre
Ep   6600 | loss 0.0000/19.8635 | acc 1.000/0.266 | pre
Ep   6700 | loss 0.0000/21.1872 | acc 1.000/0.266 | pre
Ep   6800 | loss 0.0000/22.3718 | acc 1.000/0.265 | pre
Ep   6900 | loss 0.0000/23.3148 | acc 1.000/0.265 | pre
Ep   7000 | loss 0.0000/23.9046 | acc 1.000/0.265 | pre
Ep   7100 | loss 0.0000/24.1393 | acc 1.000/0.265 | pre
Ep   7200 | loss 0.0000/24.1340 | acc 1.000/0.263 | pre
Ep   7300 | loss 0.0000/23.9301 | acc 1.000/0.260 | pre
Ep   7400 | loss 0.0010/14.6896 | acc 1.000/0.258 | pre
Ep   7500 | loss 0.0077/10.5870 | acc 1.000/0.264 | pre
Ep   7600 | loss 0.0037/11.5071 | acc 1.000/0.264 | pre
Ep   7700 | loss 0.0014/12.8254 | acc 1.000/0.263 | pre
Ep   7800 | loss 0.0005/14.2042 | acc 1.000/0.263 | pre
Ep   7900 | loss 0.0002/15.6018 | acc 1.000/0.264 | pre
Ep   8000 | loss 0.0001/17.0043 | acc 1.000/0.263 | pre
Ep   8100 | loss 0.0000/18.3940 | acc 1.000/0.263 | pre
Ep   8200 | loss 0.0000/19.7380 | acc 1.000/0.262 | pre
Ep   8300 | loss 0.0000/20.9933 | acc 1.000/0.262 | pre
Ep   8400 | loss 0.0000/22.0880 | acc 1.000/0.261 | pre
Ep   8500 | loss 0.0000/22.9071 | acc 1.000/0.261 | pre
Ep   8600 | loss 0.0000/23.3574 | acc 1.000/0.260 | pre
Ep   8700 | loss 0.0000/23.4437 | acc 1.000/0.260 | pre
Ep   8800 | loss 0.0000/23.3207 | acc 1.000/0.259 | pre
Ep   8900 | loss 0.0000/22.8778 | acc 1.000/0.259 | pre
Ep   9000 | loss 0.0000/22.8299 | acc 1.000/0.259 | pre
Ep   9100 | loss 0.0013/13.8300 | acc 1.000/0.254 | pre
Ep   9200 | loss 0.0146/9.4595 | acc 1.000/0.262 | pre
Ep   9300 | loss 0.0092/10.0056 | acc 1.000/0.262 | pre
Ep   9400 | loss 0.0035/11.1752 | acc 1.000/0.262 | pre
Ep   9500 | loss 0.0013/12.4170 | acc 1.000/0.263 | pre
Ep   9600 | loss 0.0005/13.6966 | acc 1.000/0.263 | pre
Ep   9700 | loss 0.0002/14.9914 | acc 1.000/0.263 | pre
Ep   9800 | loss 0.0001/16.2834 | acc 1.000/0.263 | pre
Ep   9900 | loss 0.0000/17.5598 | acc 1.000/0.263 | pre
Ep  10000 | loss 0.0000/18.7871 | acc 1.000/0.263 | pre
Ep  10100 | loss 0.0000/19.9264 | acc 1.000/0.263 | pre
Ep  10200 | loss 0.0000/20.9141 | acc 1.000/0.262 | pre
Ep  10300 | loss 0.0000/21.6542 | acc 1.000/0.262 | pre
Ep  10400 | loss 0.0000/22.1049 | acc 1.000/0.260 | pre
Ep  10500 | loss 0.0000/22.2658 | acc 1.000/0.260 | pre
Ep  10600 | loss 0.0000/22.1125 | acc 1.000/0.257 | pre
Ep  10700 | loss 0.0000/21.7253 | acc 1.000/0.257 | pre
Ep  10800 | loss 0.0000/21.6782 | acc 1.000/0.257 | pre
Ep  10900 | loss 0.0006/14.7948 | acc 1.000/0.251 | pre
Ep  11000 | loss 0.0082/9.6574 | acc 1.000/0.258 | pre
Ep  11100 | loss 0.0056/10.0052 | acc 1.000/0.260 | pre
Ep  11200 | loss 0.0022/11.1128 | acc 1.000/0.261 | pre
Ep  11300 | loss 0.0008/12.2891 | acc 1.000/0.262 | pre
Ep  11400 | loss 0.0003/13.4994 | acc 1.000/0.262 | pre
Ep  11500 | loss 0.0001/14.7227 | acc 1.000/0.262 | pre
Ep  11600 | loss 0.0000/15.9408 | acc 1.000/0.262 | pre
Ep  11700 | loss 0.0000/17.1297 | acc 1.000/0.262 | pre
Ep  11800 | loss 0.0000/18.2658 | acc 1.000/0.262 | pre
Ep  11900 | loss 0.0000/19.2936 | acc 1.000/0.262 | pre
Ep  12000 | loss 0.0000/20.1407 | acc 1.000/0.261 | pre
Ep  12100 | loss 0.0000/20.7227 | acc 1.000/0.261 | pre
Ep  12200 | loss 0.0000/21.0445 | acc 1.000/0.260 | pre
Ep  12300 | loss 0.0000/21.0645 | acc 1.000/0.259 | pre
Ep  12400 | loss 0.0000/20.7510 | acc 1.000/0.258 | pre
Ep  12500 | loss 0.0008/14.1423 | acc 1.000/0.253 | pre
Ep  12600 | loss 0.0107/8.9454 | acc 1.000/0.261 | pre
Ep  12700 | loss 0.0097/8.9274 | acc 1.000/0.262 | pre
Ep  12800 | loss 0.0038/9.9219 | acc 1.000/0.264 | pre
Ep  12900 | loss 0.0014/10.9918 | acc 1.000/0.263 | pre
Ep  13000 | loss 0.0005/12.0925 | acc 1.000/0.265 | pre
Ep  13100 | loss 0.0002/13.2090 | acc 1.000/0.265 | pre
Ep  13200 | loss 0.0001/14.3224 | acc 1.000/0.264 | pre
Ep  13300 | loss 0.0000/15.4196 | acc 1.000/0.264 | pre
Ep  13400 | loss 0.0000/16.4776 | acc 1.000/0.264 | pre
Ep  13500 | loss 0.0000/17.4574 | acc 1.000/0.265 | pre
Ep  13600 | loss 0.0000/18.3013 | acc 1.000/0.265 | pre
Ep  13700 | loss 0.0000/18.9362 | acc 1.000/0.265 | pre
Ep  13800 | loss 0.0000/19.3286 | acc 1.000/0.265 | pre
Ep  13900 | loss 0.0000/19.4975 | acc 1.000/0.263 | pre
Ep  14000 | loss 0.0000/19.3619 | acc 1.000/0.260 | pre
Ep  14100 | loss 0.0004/13.7946 | acc 1.000/0.258 | pre
Ep  14200 | loss 0.0057/8.8244 | acc 1.000/0.266 | pre
Ep  14300 | loss 0.0040/9.0190 | acc 1.000/0.267 | pre
Ep  14400 | loss 0.0016/9.9534 | acc 1.000/0.268 | pre
Ep  14500 | loss 0.0006/10.9532 | acc 1.000/0.269 | pre
Ep  14600 | loss 0.0002/11.9727 | acc 1.000/0.269 | pre
Ep  14700 | loss 0.0001/12.9904 | acc 1.000/0.269 | pre
Ep  14800 | loss 0.0000/13.9876 | acc 1.000/0.270 | pre
Ep  14900 | loss 0.0000/14.9440 | acc 1.000/0.270 | pre
Ep  15000 | loss 0.0000/15.8269 | acc 1.000/0.270 | pre
Ep  15100 | loss 0.0000/16.5773 | acc 1.000/0.270 | pre
Ep  15200 | loss 0.0000/17.1226 | acc 1.000/0.270 | pre
Ep  15300 | loss 0.0000/17.4164 | acc 1.000/0.269 | pre
Ep  15400 | loss 0.0000/17.4814 | acc 1.000/0.269 | pre
Ep  15500 | loss 0.0000/17.3094 | acc 1.000/0.267 | pre
Ep  15600 | loss 0.0007/11.7785 | acc 1.000/0.262 | pre
Ep  15700 | loss 0.0055/7.8668 | acc 1.000/0.272 | pre
Ep  15800 | loss 0.0034/8.1701 | acc 1.000/0.274 | pre
Ep  15900 | loss 0.0013/9.0226 | acc 1.000/0.275 | pre
Ep  16000 | loss 0.0005/9.9111 | acc 1.000/0.277 | pre
Ep  16100 | loss 0.0002/10.7912 | acc 1.000/0.277 | pre
Ep  16200 | loss 0.0001/11.6463 | acc 1.000/0.278 | pre
Ep  16300 | loss 0.0000/12.4655 | acc 1.000/0.280 | pre
Ep  16400 | loss 0.0000/13.2211 | acc 1.000/0.282 | pre
Ep  16500 | loss 0.0000/13.8782 | acc 1.000/0.284 | pre
Ep  16600 | loss 0.0000/14.3885 | acc 1.000/0.285 | pre
Ep  16700 | loss 0.0000/14.6807 | acc 1.000/0.288 | pre
Ep  16800 | loss 0.0000/14.7365 | acc 1.000/0.288 | pre
Ep  16900 | loss 0.0000/14.5963 | acc 1.000/0.289 | pre
Ep  17000 | loss 0.0000/14.3366 | acc 1.000/0.290 | pre
Ep  17100 | loss 0.0005/11.5951 | acc 1.000/0.278 | pre
Ep  17200 | loss 0.0029/6.9205 | acc 1.000/0.293 | pre
Ep  17300 | loss 0.0041/6.3455 | acc 1.000/0.297 | pre
Ep  17400 | loss 0.0016/6.8008 | acc 1.000/0.303 | pre
Ep  17500 | loss 0.0006/7.3004 | acc 1.000/0.306 | pre
Ep  17600 | loss 0.0002/7.7956 | acc 1.000/0.310 | pre
Ep  17700 | loss 0.0001/8.2618 | acc 1.000/0.313 | pre
Ep  17800 | loss 0.0000/8.6870 | acc 1.000/0.318 | pre
Ep  17900 | loss 0.0000/9.0587 | acc 1.000/0.322 | pre
Ep  18000 | loss 0.0000/9.3515 | acc 1.000/0.326 | pre
Ep  18100 | loss 0.0000/9.5286 | acc 1.000/0.331 | pre
Ep  18200 | loss 0.0000/9.5770 | acc 1.000/0.336 | pre
Ep  18300 | loss 0.0000/9.4858 | acc 1.000/0.341 | pre
Ep  18400 | loss 0.0000/9.3003 | acc 1.000/0.347 | pre
Ep  18500 | loss 0.0000/8.9885 | acc 1.000/0.352 | pre
Ep  18600 | loss 0.0008/7.5533 | acc 1.000/0.349 | pre
Ep  18700 | loss 0.0024/4.2466 | acc 1.000/0.366 | pre
Ep  18800 | loss 0.0036/3.7831 | acc 1.000/0.375 | pre
Ep  18900 | loss 0.0014/3.9026 | acc 1.000/0.389 | pre
Ep  19000 | loss 0.0005/4.0337 | acc 1.000/0.405 | pre
Ep  19100 | loss 0.0002/4.1391 | acc 1.000/0.420 | transition
Ep  19200 | loss 0.0001/4.2002 | acc 1.000/0.440 | transition
Ep  19300 | loss 0.0000/4.2181 | acc 1.000/0.456 | transition
Ep  19400 | loss 0.0000/4.1766 | acc 1.000/0.477 | transition
Ep  19500 | loss 0.0000/4.0716 | acc 1.000/0.501 | transition
Ep  19600 | loss 0.0000/3.8916 | acc 1.000/0.527 | transition
Ep  19700 | loss 0.0000/3.6297 | acc 1.000/0.559 | transition
Ep  19800 | loss 0.0000/3.3245 | acc 1.000/0.581 | transition
Ep  19900 | loss 0.0000/3.0071 | acc 1.000/0.610 | transition
Ep  20000 | loss 0.0000/2.6799 | acc 1.000/0.641 | transition
Ep  20100 | loss 0.0019/2.6371 | acc 1.000/0.627 | transition
Ep  20200 | loss 0.0012/1.2068 | acc 1.000/0.690 | transition
Ep  20300 | loss 0.0023/1.0255 | acc 1.000/0.708 | transition
Ep  20400 | loss 0.0009/0.8789 | acc 1.000/0.755 | transition
Ep  20500 | loss 0.0003/0.7144 | acc 1.000/0.803 | transition
Ep  20600 | loss 0.0001/0.5415 | acc 1.000/0.852 | transition
Ep  20700 | loss 0.0000/0.3799 | acc 1.000/0.899 | transition
Ep  20800 | loss 0.0000/0.2456 | acc 1.000/0.932 | transition
Ep  20900 | loss 0.0000/0.1462 | acc 1.000/0.962 | transition
Ep  21000 | loss 0.0000/0.0786 | acc 1.000/0.977 | transition
Ep  21100 | loss 0.0000/0.0361 | acc 1.000/0.989 | transition
Ep  21200 | loss 0.0000/0.0151 | acc 1.000/0.996 | post
Ep  21300 | loss 0.0000/0.0074 | acc 1.000/0.998 | post
Ep  21400 | loss 0.0000/0.0048 | acc 1.000/0.999 | post
Ep  21500 | loss 0.0001/0.0071 | acc 1.000/0.998 | post
Ep  21600 | loss 0.0005/0.0049 | acc 1.000/0.999 | post
Grokking complete — stopping early.

Results saved to results\tfm_multiply/
Final test accuracy: 0.9993
Grokking onset (test_acc >= 0.95): epoch 20900
