C:\Projects\Programming\6700\grok\grok_impl\metrics.py:404: UserWarning: torch.linalg.svd: During SVD computation with the selected cusolver driver, batches 0 failed to converge. A more accurate method will be used to compute the SVD as a fallback. Check doc at https://pytorch.org/docs/stable/generated/torch.linalg.svd.html (Triggered internally at C:\actions-runner\_work\pytorch\pytorch\pytorch\aten\src\ATen\native\cuda\linalg\BatchLinearAlgebraLib.cpp:696.)
  S = torch.linalg.svdvals(acts_c)
Task: x2xyy2 mod 113
Model: transformer  |  Train: 3830  Test: 8939
Optimizer: AdamW lr=0.001 wd=1.0 betas=(0.9,0.98)
Ep      0 | loss 4.9237/4.9096 | acc 0.008/0.009 | pre
Ep    100 | loss 1.4204/7.1937 | acc 0.651/0.134 | pre
Ep    200 | loss 0.0710/14.4905 | acc 0.976/0.269 | pre
Ep    300 | loss 0.0404/14.6502 | acc 0.985/0.266 | pre
Ep    400 | loss 0.0244/15.0391 | acc 0.991/0.267 | pre
Ep    500 | loss 0.0145/14.9490 | acc 0.994/0.269 | pre
Ep    600 | loss 0.0069/15.7305 | acc 0.997/0.271 | pre
Ep    700 | loss 0.0039/16.3714 | acc 0.998/0.271 | transition
Ep    800 | loss 0.0037/15.6972 | acc 0.999/0.269 | pre
Ep    900 | loss 0.0029/15.8986 | acc 0.999/0.272 | pre
Ep   1000 | loss 0.0013/16.5338 | acc 0.999/0.272 | pre
Ep   1100 | loss 0.0007/17.5597 | acc 1.000/0.271 | pre
Ep   1200 | loss 0.0014/15.5926 | acc 1.000/0.270 | pre
Ep   1300 | loss 0.0014/14.6098 | acc 1.000/0.274 | pre
Ep   1400 | loss 0.0004/15.9451 | acc 1.000/0.274 | pre
Ep   1500 | loss 0.0001/17.3149 | acc 1.000/0.273 | pre
Ep   1600 | loss 0.0001/18.6978 | acc 1.000/0.275 | pre
Ep   1700 | loss 0.0000/20.0554 | acc 1.000/0.274 | pre
Ep   1800 | loss 0.0000/21.3595 | acc 1.000/0.274 | pre
Ep   1900 | loss 0.0000/22.5448 | acc 1.000/0.273 | pre
Ep   2000 | loss 0.0000/23.5360 | acc 1.000/0.272 | pre
Ep   2100 | loss 0.0000/24.1889 | acc 1.000/0.272 | pre
Ep   2200 | loss 0.0000/24.4238 | acc 1.000/0.271 | pre
Ep   2300 | loss 0.0000/24.3545 | acc 1.000/0.270 | pre
Ep   2400 | loss 0.0000/24.2204 | acc 1.000/0.269 | pre
Ep   2500 | loss 0.0000/24.0977 | acc 1.000/0.269 | pre
Ep   2600 | loss 0.0000/24.0034 | acc 1.000/0.270 | pre
Ep   2700 | loss 0.0000/23.9395 | acc 1.000/0.269 | pre
Ep   2800 | loss 0.0000/23.9156 | acc 1.000/0.268 | pre
Ep   2900 | loss 0.0000/23.9354 | acc 1.000/0.268 | pre
Ep   3000 | loss 0.0000/23.9839 | acc 1.000/0.267 | pre
Ep   3100 | loss 0.0000/24.0376 | acc 1.000/0.266 | pre
Ep   3200 | loss 0.0000/24.0323 | acc 1.000/0.265 | pre
Ep   3300 | loss 0.0000/23.9484 | acc 1.000/0.264 | pre
Ep   3400 | loss 0.0000/23.7650 | acc 1.000/0.264 | pre
Ep   3500 | loss 0.0000/23.7485 | acc 1.000/0.264 | pre
Ep   3600 | loss 0.0000/23.6817 | acc 1.000/0.264 | pre
Ep   3700 | loss 0.0000/23.6048 | acc 1.000/0.263 | pre
Ep   3800 | loss 0.0000/23.5768 | acc 1.000/0.263 | pre
Ep   3900 | loss 0.0000/23.5039 | acc 1.000/0.263 | pre
Ep   4000 | loss 0.0000/23.4769 | acc 1.000/0.263 | pre
Ep   4100 | loss 0.0000/23.4225 | acc 1.000/0.262 | pre
Ep   4200 | loss 0.0000/23.4020 | acc 1.000/0.261 | pre
Ep   4300 | loss 0.0000/23.3575 | acc 1.000/0.261 | pre
Ep   4400 | loss 0.0000/23.3562 | acc 1.000/0.262 | pre
Ep   4500 | loss 0.0000/23.2898 | acc 1.000/0.261 | pre
Ep   4600 | loss 0.0000/23.2258 | acc 1.000/0.261 | pre
Ep   4700 | loss 0.0000/23.2383 | acc 1.000/0.260 | pre
Ep   4800 | loss 0.0000/23.1984 | acc 1.000/0.259 | pre
Ep   4900 | loss 0.0000/23.1843 | acc 1.000/0.259 | pre
Ep   5000 | loss 0.0000/23.1271 | acc 1.000/0.258 | pre
Ep   5100 | loss 0.0000/23.0413 | acc 1.000/0.258 | pre
Ep   5200 | loss 0.0000/23.0940 | acc 1.000/0.258 | pre
Ep   5300 | loss 0.0000/23.0872 | acc 1.000/0.256 | pre
Ep   5400 | loss 0.0000/23.0500 | acc 1.000/0.256 | pre
Ep   5500 | loss 0.0000/23.0412 | acc 1.000/0.255 | pre
Ep   5600 | loss 0.0000/23.0023 | acc 1.000/0.255 | pre
Ep   5700 | loss 0.0000/22.9677 | acc 1.000/0.254 | pre
Ep   5800 | loss 0.0000/22.9658 | acc 1.000/0.253 | pre
Ep   5900 | loss 0.0000/22.8653 | acc 1.000/0.253 | pre
Ep   6000 | loss 0.0000/22.8916 | acc 1.000/0.253 | pre
Ep   6100 | loss 0.0000/22.8715 | acc 1.000/0.252 | pre
Ep   6200 | loss 0.0000/22.8665 | acc 1.000/0.252 | pre
Ep   6300 | loss 0.0000/22.8056 | acc 1.000/0.252 | pre
Ep   6400 | loss 0.0000/22.8357 | acc 1.000/0.252 | pre
Ep   6500 | loss 0.0000/22.8135 | acc 1.000/0.252 | pre
Ep   6600 | loss 0.0000/22.8026 | acc 1.000/0.250 | pre
Ep   6700 | loss 0.0000/22.7896 | acc 1.000/0.250 | pre
Ep   6800 | loss 0.0000/22.5993 | acc 1.000/0.250 | pre
Ep   6900 | loss 0.0000/22.7509 | acc 1.000/0.249 | pre
Ep   7000 | loss 0.0000/22.7363 | acc 1.000/0.249 | pre
Ep   7100 | loss 0.0000/22.6850 | acc 1.000/0.248 | pre
Ep   7200 | loss 0.0000/22.7457 | acc 1.000/0.248 | pre
Ep   7300 | loss 0.0000/22.6084 | acc 1.000/0.247 | pre
Ep   7400 | loss 0.0000/22.6860 | acc 1.000/0.247 | pre
Ep   7500 | loss 0.0000/22.6768 | acc 1.000/0.247 | pre
Ep   7600 | loss 0.5367/25.6508 | acc 0.880/0.162 | pre
Ep   7700 | loss 0.0016/13.1084 | acc 1.000/0.243 | pre
Ep   7800 | loss 0.0107/9.7308 | acc 1.000/0.248 | pre
Ep   7900 | loss 0.0051/10.7533 | acc 1.000/0.249 | pre
Ep   8000 | loss 0.0019/12.1207 | acc 1.000/0.249 | pre
Ep   8100 | loss 0.0007/13.5463 | acc 1.000/0.248 | pre
Ep   8200 | loss 0.0003/14.9974 | acc 1.000/0.248 | transition
Ep   8300 | loss 0.0001/16.4502 | acc 1.000/0.248 | pre
Ep   8400 | loss 0.0000/17.8918 | acc 1.000/0.249 | pre
Ep   8500 | loss 0.0000/19.2961 | acc 1.000/0.248 | pre
Ep   8600 | loss 0.0000/20.6188 | acc 1.000/0.248 | pre
Ep   8700 | loss 0.0000/21.7918 | acc 1.000/0.248 | pre
Ep   8800 | loss 0.0000/22.7099 | acc 1.000/0.248 | pre
Ep   8900 | loss 0.0000/23.2499 | acc 1.000/0.246 | pre
Ep   9000 | loss 0.0000/23.3919 | acc 1.000/0.246 | pre
Ep   9100 | loss 0.0000/23.3355 | acc 1.000/0.245 | pre
Ep   9200 | loss 0.0000/23.1774 | acc 1.000/0.243 | pre
Ep   9300 | loss 0.0000/22.9446 | acc 1.000/0.242 | pre
Ep   9400 | loss 0.0000/22.7820 | acc 1.000/0.242 | pre
Ep   9500 | loss 0.0000/22.6742 | acc 1.000/0.242 | pre
Ep   9600 | loss 0.0000/22.4937 | acc 1.000/0.241 | pre
Ep   9700 | loss 0.0038/21.0103 | acc 1.000/0.211 | pre
Ep   9800 | loss 0.0023/11.9555 | acc 1.000/0.242 | pre
Ep   9900 | loss 0.0054/10.4941 | acc 1.000/0.242 | pre
Ep  10000 | loss 0.0021/11.7739 | acc 1.000/0.241 | pre
Ep  10100 | loss 0.0008/13.1527 | acc 1.000/0.241 | pre
Ep  10200 | loss 0.0003/14.5658 | acc 1.000/0.241 | pre
Ep  10300 | loss 0.0001/15.9936 | acc 1.000/0.241 | pre
Ep  10400 | loss 0.0000/17.4235 | acc 1.000/0.240 | pre
Ep  10500 | loss 0.0000/18.8291 | acc 1.000/0.239 | pre
Ep  10600 | loss 0.0000/20.1710 | acc 1.000/0.239 | pre
Ep  10700 | loss 0.0000/21.3840 | acc 1.000/0.238 | pre
Ep  10800 | loss 0.0000/22.3737 | acc 1.000/0.237 | pre
Ep  10900 | loss 0.0000/23.0144 | acc 1.000/0.236 | pre
Ep  11000 | loss 0.0000/23.2751 | acc 1.000/0.235 | pre
Ep  11100 | loss 0.0000/23.2098 | acc 1.000/0.234 | pre
Ep  11200 | loss 0.0000/22.9433 | acc 1.000/0.234 | pre
Ep  11300 | loss 0.0000/22.7057 | acc 1.000/0.234 | pre
Ep  11400 | loss 0.0000/22.5263 | acc 1.000/0.234 | pre
Ep  11500 | loss 0.0005/15.8316 | acc 1.000/0.227 | pre
Ep  11600 | loss 0.0072/10.1273 | acc 1.000/0.238 | pre
Ep  11700 | loss 0.0055/10.4631 | acc 1.000/0.239 | pre
Ep  11800 | loss 0.0021/11.7677 | acc 1.000/0.238 | pre
Ep  11900 | loss 0.0008/13.1489 | acc 1.000/0.239 | pre
Ep  12000 | loss 0.0003/14.5605 | acc 1.000/0.239 | pre
Ep  12100 | loss 0.0001/15.9783 | acc 1.000/0.238 | pre
Ep  12200 | loss 0.0000/17.3912 | acc 1.000/0.238 | pre
Ep  12300 | loss 0.0000/18.7729 | acc 1.000/0.238 | pre
Ep  12400 | loss 0.0000/20.0876 | acc 1.000/0.239 | pre
Ep  12500 | loss 0.0000/21.2725 | acc 1.000/0.240 | pre
Ep  12600 | loss 0.0000/22.2294 | acc 1.000/0.238 | pre
Ep  12700 | loss 0.0000/22.8369 | acc 1.000/0.238 | pre
Ep  12800 | loss 0.0000/23.0698 | acc 1.000/0.237 | pre
Ep  12900 | loss 0.0000/22.9865 | acc 1.000/0.235 | pre
Ep  13000 | loss 0.0000/22.7268 | acc 1.000/0.235 | pre
Ep  13100 | loss 0.0000/22.5247 | acc 1.000/0.234 | pre
Ep  13200 | loss 0.0000/22.3084 | acc 1.000/0.233 | pre
Ep  13300 | loss 0.0000/22.2965 | acc 1.000/0.235 | pre
Ep  13400 | loss 0.0000/22.2117 | acc 1.000/0.233 | pre
Ep  13500 | loss 0.0000/22.1881 | acc 1.000/0.234 | pre
Ep  13600 | loss 0.0000/22.1975 | acc 1.000/0.232 | pre
Ep  13700 | loss 0.0015/17.9807 | acc 1.000/0.211 | pre
Ep  13800 | loss 0.0066/10.4056 | acc 1.000/0.231 | pre
Ep  13900 | loss 0.0160/9.0487 | acc 1.000/0.232 | pre
Ep  14000 | loss 0.0066/10.1603 | acc 1.000/0.233 | pre
Ep  14100 | loss 0.0025/11.4227 | acc 1.000/0.234 | pre
Ep  14200 | loss 0.0009/12.7334 | acc 1.000/0.234 | pre
Ep  14300 | loss 0.0003/14.0733 | acc 1.000/0.234 | pre
Ep  14400 | loss 0.0001/15.4261 | acc 1.000/0.233 | pre
Ep  14500 | loss 0.0000/16.7767 | acc 1.000/0.234 | pre
Ep  14600 | loss 0.0000/18.1049 | acc 1.000/0.233 | pre
Ep  14700 | loss 0.0000/19.3794 | acc 1.000/0.233 | pre
Ep  14800 | loss 0.0000/20.5487 | acc 1.000/0.234 | pre
Ep  14900 | loss 0.0000/21.5283 | acc 1.000/0.233 | pre
Ep  15000 | loss 0.0000/22.2305 | acc 1.000/0.232 | pre
Ep  15100 | loss 0.0000/22.6130 | acc 1.000/0.232 | pre
Ep  15200 | loss 0.0000/22.7224 | acc 1.000/0.229 | pre
Ep  15300 | loss 0.0040/20.4012 | acc 1.000/0.197 | pre
Ep  15400 | loss 0.0029/11.5879 | acc 1.000/0.230 | pre
Ep  15500 | loss 0.0059/10.1875 | acc 1.000/0.231 | pre
Ep  15600 | loss 0.0024/11.3996 | acc 1.000/0.231 | pre
Ep  15700 | loss 0.0009/12.7304 | acc 1.000/0.232 | pre
Ep  15800 | loss 0.0003/14.0988 | acc 1.000/0.231 | pre
Ep  15900 | loss 0.0001/15.4815 | acc 1.000/0.229 | pre
Ep  16000 | loss 0.0000/16.8640 | acc 1.000/0.228 | pre
Ep  16100 | loss 0.0000/18.2297 | acc 1.000/0.226 | pre
Ep  16200 | loss 0.0000/19.5450 | acc 1.000/0.226 | pre
Ep  16300 | loss 0.0000/20.7531 | acc 1.000/0.224 | pre
Ep  16400 | loss 0.0000/21.7689 | acc 1.000/0.222 | pre
Ep  16500 | loss 0.0000/22.4702 | acc 1.000/0.221 | pre
Ep  16600 | loss 0.0000/22.8306 | acc 1.000/0.220 | pre
Ep  16700 | loss 0.0000/22.8956 | acc 1.000/0.219 | pre
Ep  16800 | loss 0.0000/22.9507 | acc 1.000/0.210 | pre
Ep  16900 | loss 0.0010/13.3784 | acc 1.000/0.219 | pre
Ep  17000 | loss 0.0041/10.6927 | acc 1.000/0.227 | pre
Ep  17100 | loss 0.0016/11.8552 | acc 1.000/0.227 | pre
Ep  17200 | loss 0.0006/13.1738 | acc 1.000/0.227 | pre
Ep  17300 | loss 0.0002/14.5333 | acc 1.000/0.226 | pre
Ep  17400 | loss 0.0001/15.9073 | acc 1.000/0.227 | pre
Ep  17500 | loss 0.0000/17.2753 | acc 1.000/0.227 | pre
Ep  17600 | loss 0.0000/18.6215 | acc 1.000/0.228 | pre
Ep  17700 | loss 0.0000/19.8996 | acc 1.000/0.227 | pre
Ep  17800 | loss 0.0000/21.0473 | acc 1.000/0.227 | pre
Ep  17900 | loss 0.0000/21.9506 | acc 1.000/0.226 | pre
Ep  18000 | loss 0.0000/22.5303 | acc 1.000/0.224 | pre
Ep  18100 | loss 0.0000/22.7625 | acc 1.000/0.222 | pre
Ep  18200 | loss 0.0000/22.7228 | acc 1.000/0.220 | pre
Ep  18300 | loss 0.0007/18.6022 | acc 1.000/0.207 | pre
Ep  18400 | loss 0.0049/10.7598 | acc 1.000/0.220 | pre
Ep  18500 | loss 0.0099/9.5860 | acc 1.000/0.224 | pre
Ep  18600 | loss 0.0040/10.7491 | acc 1.000/0.224 | pre
Ep  18700 | loss 0.0015/12.0277 | acc 1.000/0.225 | pre
Ep  18800 | loss 0.0005/13.3583 | acc 1.000/0.224 | pre
Ep  18900 | loss 0.0002/14.7163 | acc 1.000/0.223 | pre
Ep  19000 | loss 0.0001/16.0820 | acc 1.000/0.223 | pre
Ep  19100 | loss 0.0000/17.4437 | acc 1.000/0.224 | pre
Ep  19200 | loss 0.0000/18.7748 | acc 1.000/0.223 | pre
Ep  19300 | loss 0.0000/20.0283 | acc 1.000/0.222 | pre
Ep  19400 | loss 0.0000/21.1441 | acc 1.000/0.221 | pre
Ep  19500 | loss 0.0000/22.0142 | acc 1.000/0.220 | pre
Ep  19600 | loss 0.0000/22.5677 | acc 1.000/0.218 | pre
Ep  19700 | loss 0.0000/22.8040 | acc 1.000/0.215 | pre
Ep  19800 | loss 0.0000/22.5888 | acc 1.000/0.214 | pre
Ep  19900 | loss 0.0699/22.4106 | acc 0.975/0.164 | pre
Ep  20000 | loss 0.0028/11.9572 | acc 1.000/0.217 | pre
Ep  20100 | loss 0.0144/9.1262 | acc 1.000/0.221 | pre
Ep  20200 | loss 0.0065/10.1008 | acc 1.000/0.220 | pre
Ep  20300 | loss 0.0024/11.3418 | acc 1.000/0.220 | pre
Ep  20400 | loss 0.0009/12.6434 | acc 1.000/0.220 | pre
Ep  20500 | loss 0.0003/13.9767 | acc 1.000/0.219 | transition
Ep  20600 | loss 0.0001/15.3246 | acc 1.000/0.220 | pre
Ep  20700 | loss 0.0000/16.6728 | acc 1.000/0.220 | pre
Ep  20800 | loss 0.0000/18.0053 | acc 1.000/0.219 | pre
Ep  20900 | loss 0.0000/19.2892 | acc 1.000/0.220 | pre
Ep  21000 | loss 0.0000/20.4698 | acc 1.000/0.219 | pre
Ep  21100 | loss 0.0000/21.4676 | acc 1.000/0.218 | pre
Ep  21200 | loss 0.0000/22.1846 | acc 1.000/0.216 | pre
Ep  21300 | loss 0.0000/22.5885 | acc 1.000/0.215 | pre
Ep  21400 | loss 0.0000/22.6987 | acc 1.000/0.212 | pre
Ep  21500 | loss 0.0012/19.9327 | acc 1.000/0.194 | pre
Ep  21600 | loss 0.0024/11.5895 | acc 1.000/0.215 | pre
Ep  21700 | loss 0.0037/10.6994 | acc 1.000/0.218 | pre
Ep  21800 | loss 0.0014/11.9591 | acc 1.000/0.218 | pre
Ep  21900 | loss 0.0005/13.3210 | acc 1.000/0.217 | pre
Ep  22000 | loss 0.0002/14.7160 | acc 1.000/0.216 | pre
Ep  22100 | loss 0.0001/16.1217 | acc 1.000/0.216 | pre
Ep  22200 | loss 0.0000/17.5212 | acc 1.000/0.216 | pre
Ep  22300 | loss 0.0000/18.8893 | acc 1.000/0.215 | pre
Ep  22400 | loss 0.0000/20.1810 | acc 1.000/0.214 | pre
Ep  22500 | loss 0.0000/21.3297 | acc 1.000/0.213 | pre
Ep  22600 | loss 0.0000/22.2142 | acc 1.000/0.212 | pre
Ep  22700 | loss 0.0000/22.7434 | acc 1.000/0.210 | pre
Ep  22800 | loss 0.0000/22.9168 | acc 1.000/0.208 | pre
Ep  22900 | loss 0.0000/22.8463 | acc 1.000/0.206 | pre
Ep  23000 | loss 0.0000/22.3695 | acc 1.000/0.207 | pre
Ep  23100 | loss 0.0007/14.0947 | acc 1.000/0.205 | pre
Ep  23200 | loss 0.0043/10.5459 | acc 1.000/0.211 | pre
Ep  23300 | loss 0.0018/11.6251 | acc 1.000/0.211 | pre
Ep  23400 | loss 0.0007/12.9259 | acc 1.000/0.211 | pre
Ep  23500 | loss 0.0002/14.2743 | acc 1.000/0.211 | pre
Ep  23600 | loss 0.0001/15.6418 | acc 1.000/0.210 | pre
Ep  23700 | loss 0.0000/17.0133 | acc 1.000/0.210 | pre
Ep  23800 | loss 0.0000/18.3682 | acc 1.000/0.210 | pre
Ep  23900 | loss 0.0000/19.6635 | acc 1.000/0.209 | pre
Ep  24000 | loss 0.0000/20.8409 | acc 1.000/0.209 | pre
Ep  24100 | loss 0.0000/21.8021 | acc 1.000/0.209 | pre
Ep  24200 | loss 0.0000/22.4574 | acc 1.000/0.207 | pre
Ep  24300 | loss 0.0000/22.7460 | acc 1.000/0.206 | pre
Ep  24400 | loss 0.0000/22.7054 | acc 1.000/0.204 | pre
Ep  24500 | loss 0.0008/14.0861 | acc 1.000/0.207 | pre
Ep  24600 | loss 0.0075/9.9010 | acc 1.000/0.210 | pre
Ep  24700 | loss 0.0038/10.7470 | acc 1.000/0.211 | pre
Ep  24800 | loss 0.0014/12.0392 | acc 1.000/0.213 | pre
Ep  24900 | loss 0.0005/13.3971 | acc 1.000/0.213 | pre
Ep  25000 | loss 0.0002/14.7815 | acc 1.000/0.213 | pre
Ep  25100 | loss 0.0001/16.1728 | acc 1.000/0.213 | pre
Ep  25200 | loss 0.0000/17.5542 | acc 1.000/0.212 | pre
Ep  25300 | loss 0.0000/18.9037 | acc 1.000/0.212 | pre
Ep  25400 | loss 0.0000/20.1726 | acc 1.000/0.211 | pre
Ep  25500 | loss 0.0000/21.2916 | acc 1.000/0.211 | pre
Ep  25600 | loss 0.0000/22.1637 | acc 1.000/0.210 | pre
Ep  25700 | loss 0.0000/22.6864 | acc 1.000/0.210 | pre
Ep  25800 | loss 0.0000/22.8925 | acc 1.000/0.208 | pre
Ep  25900 | loss 0.0180/22.7555 | acc 0.996/0.169 | pre
Ep  26000 | loss 0.0016/12.5672 | acc 1.000/0.207 | pre
Ep  26100 | loss 0.0045/10.5132 | acc 1.000/0.210 | pre
Ep  26200 | loss 0.0018/11.6872 | acc 1.000/0.210 | pre
Ep  26300 | loss 0.0007/12.9942 | acc 1.000/0.212 | pre
Ep  26400 | loss 0.0002/14.3422 | acc 1.000/0.211 | pre
Ep  26500 | loss 0.0001/15.7055 | acc 1.000/0.212 | pre
Ep  26600 | loss 0.0000/17.0692 | acc 1.000/0.211 | pre
Ep  26700 | loss 0.0000/18.4115 | acc 1.000/0.210 | pre
Ep  26800 | loss 0.0000/19.6898 | acc 1.000/0.210 | pre
Ep  26900 | loss 0.0000/20.8524 | acc 1.000/0.209 | pre
Ep  27000 | loss 0.0000/21.7927 | acc 1.000/0.208 | pre
Ep  27100 | loss 0.0000/22.4056 | acc 1.000/0.206 | pre
Ep  27200 | loss 0.0000/22.6959 | acc 1.000/0.204 | pre
Ep  27300 | loss 0.0000/22.5697 | acc 1.000/0.201 | pre
Ep  27400 | loss 0.0005/16.8985 | acc 1.000/0.192 | pre
Ep  27500 | loss 0.0068/10.1590 | acc 1.000/0.205 | pre
Ep  27600 | loss 0.0081/9.7693 | acc 1.000/0.209 | pre
Ep  27700 | loss 0.0032/10.9403 | acc 1.000/0.206 | pre
Ep  27800 | loss 0.0012/12.2118 | acc 1.000/0.207 | pre
Ep  27900 | loss 0.0004/13.5328 | acc 1.000/0.206 | pre
Ep  28000 | loss 0.0002/14.8756 | acc 1.000/0.207 | pre
Ep  28100 | loss 0.0001/16.2237 | acc 1.000/0.207 | pre
Ep  28200 | loss 0.0000/17.5628 | acc 1.000/0.206 | pre
Ep  28300 | loss 0.0000/18.8633 | acc 1.000/0.205 | pre
Ep  28400 | loss 0.0000/20.0786 | acc 1.000/0.205 | pre
Ep  28500 | loss 0.0000/21.1446 | acc 1.000/0.205 | pre
Ep  28600 | loss 0.0000/21.9511 | acc 1.000/0.203 | pre
Ep  28700 | loss 0.0000/22.4553 | acc 1.000/0.202 | pre
Ep  28800 | loss 0.0000/22.6303 | acc 1.000/0.199 | pre
Ep  28900 | loss 0.0012/20.1048 | acc 1.000/0.180 | pre
Ep  29000 | loss 0.0025/11.5656 | acc 1.000/0.200 | pre
Ep  29100 | loss 0.0041/10.5483 | acc 1.000/0.204 | pre
Ep  29200 | loss 0.0016/11.7779 | acc 1.000/0.204 | pre
Ep  29300 | loss 0.0006/13.1037 | acc 1.000/0.205 | pre
Ep  29400 | loss 0.0002/14.4635 | acc 1.000/0.206 | pre
Ep  29500 | loss 0.0001/15.8380 | acc 1.000/0.206 | pre
Ep  29600 | loss 0.0000/17.2075 | acc 1.000/0.205 | pre
Ep  29700 | loss 0.0000/18.5526 | acc 1.000/0.205 | pre
Ep  29800 | loss 0.0000/19.8359 | acc 1.000/0.205 | pre
Ep  29900 | loss 0.0000/20.9922 | acc 1.000/0.205 | pre
Ep  30000 | loss 0.0000/21.9122 | acc 1.000/0.204 | pre
Ep  30100 | loss 0.0000/22.5028 | acc 1.000/0.203 | pre
Ep  30200 | loss 0.0000/22.7321 | acc 1.000/0.201 | pre
Ep  30300 | loss 0.0000/22.6493 | acc 1.000/0.197 | pre
Ep  30400 | loss 0.0007/16.0803 | acc 1.000/0.194 | pre
Ep  30500 | loss 0.0093/9.7896 | acc 1.000/0.205 | pre
Ep  30600 | loss 0.0104/9.4717 | acc 1.000/0.205 | pre
Ep  30700 | loss 0.0041/10.5906 | acc 1.000/0.206 | pre
Ep  30800 | loss 0.0015/11.8108 | acc 1.000/0.207 | pre
Ep  30900 | loss 0.0006/13.0800 | acc 1.000/0.207 | pre
Ep  31000 | loss 0.0002/14.3736 | acc 1.000/0.207 | pre
Ep  31100 | loss 0.0001/15.6784 | acc 1.000/0.207 | pre
Ep  31200 | loss 0.0000/16.9820 | acc 1.000/0.208 | pre
Ep  31300 | loss 0.0000/18.2623 | acc 1.000/0.208 | pre
Ep  31400 | loss 0.0000/19.4742 | acc 1.000/0.207 | pre
Ep  31500 | loss 0.0000/20.5638 | acc 1.000/0.207 | pre
Ep  31600 | loss 0.0000/21.4417 | acc 1.000/0.206 | pre
Ep  31700 | loss 0.0000/22.0243 | acc 1.000/0.205 | pre
Ep  31800 | loss 0.0000/22.3602 | acc 1.000/0.201 | pre
Ep  31900 | loss 0.0004/19.0933 | acc 1.000/0.185 | pre
Ep  32000 | loss 0.0022/11.4497 | acc 1.000/0.203 | pre
Ep  32100 | loss 0.0019/11.3843 | acc 1.000/0.203 | pre
Ep  32200 | loss 0.0007/12.6801 | acc 1.000/0.203 | pre
Ep  32300 | loss 0.0003/14.0433 | acc 1.000/0.202 | pre
Ep  32400 | loss 0.0001/15.4245 | acc 1.000/0.202 | pre
Ep  32500 | loss 0.0000/16.8095 | acc 1.000/0.202 | pre
Ep  32600 | loss 0.0000/18.1763 | acc 1.000/0.202 | pre
Ep  32700 | loss 0.0000/19.4870 | acc 1.000/0.202 | pre
Ep  32800 | loss 0.0000/20.6841 | acc 1.000/0.202 | pre
Ep  32900 | loss 0.0000/21.6682 | acc 1.000/0.201 | pre
Ep  33000 | loss 0.0000/22.3217 | acc 1.000/0.200 | pre
Ep  33100 | loss 0.0000/22.6348 | acc 1.000/0.197 | pre
Ep  33200 | loss 0.0000/22.6703 | acc 1.000/0.197 | pre
Ep  33300 | loss 0.0006/15.8198 | acc 1.000/0.194 | pre
Ep  33400 | loss 0.0084/9.8109 | acc 1.000/0.201 | pre
Ep  33500 | loss 0.0076/9.7711 | acc 1.000/0.201 | pre
Ep  33600 | loss 0.0030/10.9054 | acc 1.000/0.202 | pre
Ep  33700 | loss 0.0011/12.1300 | acc 1.000/0.203 | pre
Ep  33800 | loss 0.0004/13.4023 | acc 1.000/0.203 | pre
Ep  33900 | loss 0.0001/14.7031 | acc 1.000/0.204 | pre
Ep  34000 | loss 0.0001/16.0160 | acc 1.000/0.204 | pre
Ep  34100 | loss 0.0000/17.3231 | acc 1.000/0.204 | pre
Ep  34200 | loss 0.0000/18.5957 | acc 1.000/0.204 | pre
Ep  34300 | loss 0.0000/19.7844 | acc 1.000/0.203 | pre
Ep  34400 | loss 0.0000/20.8276 | acc 1.000/0.203 | pre
Ep  34500 | loss 0.0000/21.6280 | acc 1.000/0.202 | pre
Ep  34600 | loss 0.0000/22.1577 | acc 1.000/0.199 | pre
Ep  34700 | loss 0.0000/22.3860 | acc 1.000/0.197 | pre
Ep  34800 | loss 0.0570/22.6707 | acc 0.985/0.161 | pre
Ep  34900 | loss 0.0017/12.3163 | acc 1.000/0.199 | pre
Ep  35000 | loss 0.0058/10.0266 | acc 1.000/0.203 | pre
Ep  35100 | loss 0.0024/11.1122 | acc 1.000/0.202 | pre
Ep  35200 | loss 0.0009/12.3588 | acc 1.000/0.201 | pre
Ep  35300 | loss 0.0003/13.6596 | acc 1.000/0.200 | pre
Ep  35400 | loss 0.0001/14.9802 | acc 1.000/0.201 | pre
Ep  35500 | loss 0.0000/16.3060 | acc 1.000/0.201 | pre
Ep  35600 | loss 0.0000/17.6212 | acc 1.000/0.200 | pre
Ep  35700 | loss 0.0000/18.8950 | acc 1.000/0.199 | pre
Ep  35800 | loss 0.0000/20.0765 | acc 1.000/0.199 | pre
Ep  35900 | loss 0.0000/21.0882 | acc 1.000/0.198 | pre
Ep  36000 | loss 0.0000/21.8402 | acc 1.000/0.197 | pre
Ep  36100 | loss 0.0000/22.2903 | acc 1.000/0.195 | pre
Ep  36200 | loss 0.0000/22.4045 | acc 1.000/0.191 | pre
Ep  36300 | loss 0.0004/15.3888 | acc 1.000/0.192 | pre
Ep  36400 | loss 0.0040/10.4895 | acc 1.000/0.195 | pre
Ep  36500 | loss 0.0020/11.2678 | acc 1.000/0.195 | pre
Ep  36600 | loss 0.0008/12.5200 | acc 1.000/0.196 | pre
Ep  36700 | loss 0.0003/13.8344 | acc 1.000/0.197 | pre
Ep  36800 | loss 0.0001/15.1710 | acc 1.000/0.196 | pre
Ep  36900 | loss 0.0000/16.5130 | acc 1.000/0.197 | pre
Ep  37000 | loss 0.0000/17.8381 | acc 1.000/0.196 | pre
Ep  37100 | loss 0.0000/19.1139 | acc 1.000/0.196 | pre
Ep  37200 | loss 0.0000/20.2869 | acc 1.000/0.195 | pre
Ep  37300 | loss 0.0000/21.2685 | acc 1.000/0.193 | pre
Ep  37400 | loss 0.0000/21.9590 | acc 1.000/0.192 | pre
Ep  37500 | loss 0.0000/22.3338 | acc 1.000/0.189 | pre
Ep  37600 | loss 0.0000/22.3822 | acc 1.000/0.187 | pre
Ep  37700 | loss 0.0006/14.6986 | acc 1.000/0.190 | pre
Ep  37800 | loss 0.0057/10.0811 | acc 1.000/0.193 | pre
Ep  37900 | loss 0.0029/10.8437 | acc 1.000/0.193 | pre
Ep  38000 | loss 0.0011/12.0905 | acc 1.000/0.193 | pre
Ep  38100 | loss 0.0004/13.3999 | acc 1.000/0.193 | pre
Ep  38200 | loss 0.0001/14.7360 | acc 1.000/0.192 | pre
Ep  38300 | loss 0.0001/16.0825 | acc 1.000/0.193 | pre
Ep  38400 | loss 0.0000/17.4215 | acc 1.000/0.193 | pre
Ep  38500 | loss 0.0000/18.7287 | acc 1.000/0.193 | pre
Ep  38600 | loss 0.0000/19.9543 | acc 1.000/0.193 | pre
Ep  38700 | loss 0.0000/21.0243 | acc 1.000/0.193 | pre
Ep  38800 | loss 0.0000/21.8384 | acc 1.000/0.190 | pre
Ep  38900 | loss 0.0000/22.3294 | acc 1.000/0.188 | pre
Ep  39000 | loss 0.0000/22.5235 | acc 1.000/0.186 | pre
Ep  39100 | loss 0.0005/16.3463 | acc 1.000/0.182 | pre
Ep  39200 | loss 0.0052/10.3354 | acc 1.000/0.189 | pre
Ep  39300 | loss 0.0038/10.5592 | acc 1.000/0.193 | pre
Ep  39400 | loss 0.0015/11.7720 | acc 1.000/0.194 | pre
Ep  39500 | loss 0.0005/13.0627 | acc 1.000/0.195 | pre
Ep  39600 | loss 0.0002/14.3940 | acc 1.000/0.195 | pre
Ep  39700 | loss 0.0001/15.7445 | acc 1.000/0.195 | pre
Ep  39800 | loss 0.0000/17.0930 | acc 1.000/0.195 | pre
Ep  39900 | loss 0.0000/18.4180 | acc 1.000/0.195 | pre
Ep  40000 | loss 0.0000/19.6775 | acc 1.000/0.195 | pre
Ep  40100 | loss 0.0000/20.8033 | acc 1.000/0.195 | pre
Ep  40200 | loss 0.0000/21.6896 | acc 1.000/0.194 | pre
Ep  40300 | loss 0.0000/22.2700 | acc 1.000/0.193 | pre
Ep  40400 | loss 0.0000/22.5489 | acc 1.000/0.191 | pre
Ep  40500 | loss 0.1206/23.6875 | acc 0.964/0.136 | pre
Ep  40600 | loss 0.0020/12.3070 | acc 1.000/0.189 | pre
Ep  40700 | loss 0.0102/9.4245 | acc 1.000/0.191 | pre
Ep  40800 | loss 0.0045/10.3631 | acc 1.000/0.191 | pre
Ep  40900 | loss 0.0017/11.5518 | acc 1.000/0.192 | pre
Ep  41000 | loss 0.0006/12.8002 | acc 1.000/0.193 | pre
Ep  41100 | loss 0.0002/14.0829 | acc 1.000/0.193 | transition
Ep  41200 | loss 0.0001/15.3793 | acc 1.000/0.193 | pre
Ep  41300 | loss 0.0000/16.6761 | acc 1.000/0.194 | pre
Ep  41400 | loss 0.0000/17.9549 | acc 1.000/0.194 | pre
Ep  41500 | loss 0.0000/19.1796 | acc 1.000/0.194 | pre
Ep  41600 | loss 0.0000/20.2917 | acc 1.000/0.193 | pre
Ep  41700 | loss 0.0000/21.2008 | acc 1.000/0.192 | pre
Ep  41800 | loss 0.0000/21.8415 | acc 1.000/0.190 | pre
Ep  41900 | loss 0.0000/22.2024 | acc 1.000/0.187 | pre
Ep  42000 | loss 0.0339/22.3565 | acc 0.990/0.147 | pre
Ep  42100 | loss 0.0022/11.9495 | acc 1.000/0.190 | pre
Ep  42200 | loss 0.0085/9.5417 | acc 1.000/0.191 | pre
Ep  42300 | loss 0.0036/10.5734 | acc 1.000/0.191 | pre
Ep  42400 | loss 0.0014/11.7978 | acc 1.000/0.192 | pre
Ep  42500 | loss 0.0005/13.0843 | acc 1.000/0.192 | pre
Ep  42600 | loss 0.0002/14.4016 | acc 1.000/0.192 | pre
Ep  42700 | loss 0.0001/15.7353 | acc 1.000/0.191 | pre
Ep  42800 | loss 0.0000/17.0636 | acc 1.000/0.189 | pre
Ep  42900 | loss 0.0000/18.3627 | acc 1.000/0.189 | pre
Ep  43000 | loss 0.0000/19.5893 | acc 1.000/0.189 | pre
Ep  43100 | loss 0.0000/20.6818 | acc 1.000/0.188 | pre
Ep  43200 | loss 0.0000/21.5364 | acc 1.000/0.186 | pre
Ep  43300 | loss 0.0000/22.1020 | acc 1.000/0.185 | pre
Ep  43400 | loss 0.0000/22.3983 | acc 1.000/0.182 | pre
Ep  43500 | loss 0.0009/18.7155 | acc 1.000/0.168 | pre
Ep  43600 | loss 0.0035/10.9591 | acc 1.000/0.186 | pre
Ep  43700 | loss 0.0051/10.1753 | acc 1.000/0.188 | pre
Ep  43800 | loss 0.0020/11.3451 | acc 1.000/0.189 | pre
Ep  43900 | loss 0.0007/12.6102 | acc 1.000/0.191 | pre
Ep  44000 | loss 0.0003/13.9162 | acc 1.000/0.192 | pre
Ep  44100 | loss 0.0001/15.2398 | acc 1.000/0.193 | pre
Ep  44200 | loss 0.0000/16.5646 | acc 1.000/0.192 | pre
Ep  44300 | loss 0.0000/17.8717 | acc 1.000/0.192 | pre
Ep  44400 | loss 0.0000/19.1296 | acc 1.000/0.191 | pre
Ep  44500 | loss 0.0000/20.2839 | acc 1.000/0.190 | pre
Ep  44600 | loss 0.0000/21.2495 | acc 1.000/0.189 | pre
Ep  44700 | loss 0.0000/21.9358 | acc 1.000/0.188 | pre
Ep  44800 | loss 0.0000/22.3492 | acc 1.000/0.185 | pre
Ep  44900 | loss 0.0000/22.4061 | acc 1.000/0.180 | pre
Ep  45000 | loss 0.0012/13.2879 | acc 1.000/0.182 | pre
Ep  45100 | loss 0.0089/9.5629 | acc 1.000/0.186 | pre
Ep  45200 | loss 0.0043/10.4014 | acc 1.000/0.188 | pre
Ep  45300 | loss 0.0016/11.5985 | acc 1.000/0.188 | pre
Ep  45400 | loss 0.0006/12.8614 | acc 1.000/0.189 | pre
Ep  45500 | loss 0.0002/14.1601 | acc 1.000/0.189 | pre
Ep  45600 | loss 0.0001/15.4724 | acc 1.000/0.188 | pre
Ep  45700 | loss 0.0000/16.7832 | acc 1.000/0.188 | pre
Ep  45800 | loss 0.0000/18.0745 | acc 1.000/0.188 | pre
Ep  45900 | loss 0.0000/19.3067 | acc 1.000/0.188 | pre
Ep  46000 | loss 0.0000/20.4238 | acc 1.000/0.187 | pre
Ep  46100 | loss 0.0000/21.3321 | acc 1.000/0.187 | pre
Ep  46200 | loss 0.0000/21.9690 | acc 1.000/0.185 | pre
Ep  46300 | loss 0.0000/22.3450 | acc 1.000/0.181 | pre
Ep  46400 | loss 0.0466/22.6188 | acc 0.985/0.140 | pre
Ep  46500 | loss 0.0021/12.0985 | acc 1.000/0.181 | pre
Ep  46600 | loss 0.0071/9.7828 | acc 1.000/0.184 | pre
Ep  46700 | loss 0.0030/10.8695 | acc 1.000/0.187 | pre
Ep  46800 | loss 0.0011/12.1335 | acc 1.000/0.186 | pre
Ep  46900 | loss 0.0004/13.4502 | acc 1.000/0.186 | pre
Ep  47000 | loss 0.0001/14.7904 | acc 1.000/0.186 | pre
Ep  47100 | loss 0.0001/16.1387 | acc 1.000/0.186 | pre
Ep  47200 | loss 0.0000/17.4754 | acc 1.000/0.187 | pre
Ep  47300 | loss 0.0000/18.7756 | acc 1.000/0.186 | pre
Ep  47400 | loss 0.0000/19.9911 | acc 1.000/0.186 | pre
Ep  47500 | loss 0.0000/21.0455 | acc 1.000/0.185 | pre
Ep  47600 | loss 0.0000/21.8437 | acc 1.000/0.185 | pre
Ep  47700 | loss 0.0000/22.3274 | acc 1.000/0.182 | pre
Ep  47800 | loss 0.0000/22.5272 | acc 1.000/0.179 | pre
Ep  47900 | loss 0.0089/20.3878 | acc 0.998/0.151 | pre
Ep  48000 | loss 0.0034/11.2717 | acc 1.000/0.184 | pre
Ep  48100 | loss 0.0121/9.1896 | acc 1.000/0.184 | pre
Ep  48200 | loss 0.0051/10.1806 | acc 1.000/0.186 | pre
Ep  48300 | loss 0.0019/11.3456 | acc 1.000/0.186 | pre
Ep  48400 | loss 0.0007/12.5695 | acc 1.000/0.186 | pre
Ep  48500 | loss 0.0003/13.8253 | acc 1.000/0.187 | pre
Ep  48600 | loss 0.0001/15.0970 | acc 1.000/0.187 | pre
Ep  48700 | loss 0.0000/16.3728 | acc 1.000/0.187 | pre
Ep  48800 | loss 0.0000/17.6295 | acc 1.000/0.188 | pre
Ep  48900 | loss 0.0000/18.8344 | acc 1.000/0.188 | pre
Ep  49000 | loss 0.0000/19.9363 | acc 1.000/0.188 | pre
Ep  49100 | loss 0.0000/20.8560 | acc 1.000/0.187 | pre
Ep  49200 | loss 0.0000/21.5315 | acc 1.000/0.186 | pre
Ep  49300 | loss 0.0000/21.9831 | acc 1.000/0.181 | pre
Ep  49400 | loss 0.0020/22.8317 | acc 0.999/0.154 | pre
Ep  49500 | loss 0.0024/12.1620 | acc 1.000/0.180 | pre
Ep  49600 | loss 0.0122/9.1324 | acc 1.000/0.185 | pre
Ep  49700 | loss 0.0056/10.0171 | acc 1.000/0.185 | pre
Ep  49800 | loss 0.0021/11.2238 | acc 1.000/0.185 | pre
Ep  49900 | loss 0.0008/12.4988 | acc 1.000/0.186 | pre

Results saved to results\tfm_x2xyy2/
Final test accuracy: 0.1857
Grokking did not occur in this run.
